[+] Containers:
 |- [+] Container: /Game/FirstPerson/Maps/FirstPersonMap
 |   |- [+] ActorDescs:
 |   |   |- Guid:00AC4C5E4E60599FD60087B1DAC3B9AE BaseClass: NativeClass:/Script/Engine.PointLight Name:PointLight_UAID_049226BE3E3CD77C01_1427436947 Label:PointLight4 SpatiallyLoaded:1 Bounds:IsValid=true, Min=(X=-15340.236 Y=-15498.379 Z=-15912.226), Max=(X=17427.764 Y=17269.621 Z=16855.774) RuntimeGrid:None EditorOnly:0 RuntimeOnly:0 HLODRelevant:0
 |   |   |- Guid:016019FE436CA0B86074918482073301 BaseClass: NativeClass:/Script/Engine.StaticMeshActor Name:StaticMeshActor_UAID_049226BE3E3CD77C01_1854331955 Label:SM_Cube33 SpatiallyLoaded:1 Bounds:IsValid=true, Min=(X=-10459.097 Y=1599.686 Z=484.098), Max=(X=-10278.491 Y=1804.192 Z=525.907) RuntimeGrid:None EditorOnly:0 RuntimeOnly:0 HLODRelevant:1 FolderPath:Block04 FolderGuid:D00C3F324D055BED943FA6B0235C7FA2
 |   |   |- Guid:0697BB0A4285E4CFD9A3E886AB5223BB BaseClass: NativeClass:/Script/Engine.StaticMeshActor Name:StaticMeshActor_UAID_049226BE3E3CA57A01_1896943044 Label:SM_QuarterCylinder20 SpatiallyLoaded:1 Bounds:IsValid=true, Min=(X=1349.881 Y=1800.000 Z=661.220), Max=(X=1449.881 Y=1900.000 Z=684.294) RuntimeGrid:None EditorOnly:0 RuntimeOnly:0 HLODRelevant:1 FolderPath:Block02 FolderGuid:275232DB4A90E8B2799B29BD69C59B9E
 |   |   |- Guid:0B109E5C47C68041D941FFB81C48EC78 BaseClass: NativeClass:/Script/Engine.StaticMeshActor Name:StaticMeshActor_UAID_049226BE3E3CA57A01_1896947048 Label:SM_Cube25 SpatiallyLoaded:1 Bounds:IsValid=true, Min=(X=1446.600 Y=1608.720 Z=661.220), Max=(X=1551.417 Y=1886.077 Z=684.294) RuntimeGrid:None EditorOnly:0 RuntimeOnly:0 HLODRelevant:1 FolderPath:Block04 FolderGuid:D00C3F324D055BED943FA6B0235C7FA2
 |   |   |- Guid:0E107238468F3E2CB6736D883D3AD6FC BaseClass: NativeClass:/Script/Engine.StaticMeshActor Name:StaticMeshActor_UAID_049226BE3E3CA57A01_1670186038 Label:SM_Cube20 SpatiallyLoaded:1 Bounds:IsValid=true, Min=(X=1446.600 Y=1608.720 Z=-36.629), Max=(X=1551.417 Y=1886.077 Z=669.098) RuntimeGrid:None EditorOnly:0 RuntimeOnly:0 HLODRelevant:1 FolderPath:Block04 FolderGuid:D00C3F324D055BED943FA6B0235C7FA2
 |   |   |- Guid:0EDB289B45CB7E0977A6DBA74201EE76 BaseClass: NativeClass:/Script/Engine.StaticMeshActor Name:StaticMeshActor_10 Label:SM_Cube6 SpatiallyLoaded:1 Bounds:IsValid=true, Min=(X=-15157.717 Y=-106.751 Z=-1731.005), Max=(X=-14042.855 Y=3062.637 Z=2352.499) RuntimeGrid:None EditorOnly:0 RuntimeOnly:0 HLODRelevant:1 FolderPath:Playground FolderGuid:6C02BB504B69D1F3D7A624B130C18E5B
 |   |   |- Guid:1690E46B4EA76D02574321AB13F0483B BaseClass: NativeClass:/Script/Engine.StaticMeshActor Name:StaticMeshActor_UAID_049226BE3E3CDE7C01_1238640206 Label:Cube2 SpatiallyLoaded:1 Bounds:IsValid=true, Min=(X=-17340.762 Y=-3293.045 Z=-200.000), Max=(X=3205.097 Y=5940.700 Z=500.000) RuntimeGrid:None EditorOnly:0 RuntimeOnly:0 HLODRelevant:0
 |   |   |- Guid:18139B884132AFFF34BB778C280C6074 BaseClass: NativeClass:/Script/Engine.StaticMeshActor Name:StaticMeshActor_UAID_049226BE3E3CA57A01_1697048039 Label:SM_Cube21 SpatiallyLoaded:1 Bounds:IsValid=true, Min=(X=1475.589 Y=1601.871 Z=-16.914), Max=(X=1517.398 Y=1902.369 Z=688.813) RuntimeGrid:None EditorOnly:0 RuntimeOnly:0 HLODRelevant:1 FolderPath:Block04 FolderGuid:D00C3F324D055BED943FA6B0235C7FA2
 |   |   |- Guid:1F0E08A04397259D2CD3A9922CF92DD1 BaseClass: NativeClass:/Script/Engine.StaticMeshActor Name:StaticMeshActor_UAID_049226BE3E3CA57A01_1614441033 Label:SM_QuarterCylinder16 SpatiallyLoaded:1 Bounds:IsValid=true, Min=(X=1349.881 Y=1800.000 Z=-36.629), Max=(X=1449.881 Y=1900.000 Z=669.098) RuntimeGrid:None EditorOnly:0 RuntimeOnly:0 HLODRelevant:1 FolderPath:Block02 FolderGuid:275232DB4A90E8B2799B29BD69C59B9E
 |   |   |- Guid:2D3C94B84A75575CC2E091937C3753B8 BaseClass: NativeClass:/Script/Engine.StaticMeshActor Name:StaticMeshActor_UAID_049226BE3E3C0F7F01_1136183920 Label:SM_Cube15 SpatiallyLoaded:1 Bounds:IsValid=true, Min=(X=-12287.733 Y=-110.721 Z=1320.263), Max=(X=-10781.456 Y=1768.310 Z=1420.263) RuntimeGrid:None EditorOnly:0 RuntimeOnly:0 HLODRelevant:1 FolderPath:Playground FolderGuid:6C02BB504B69D1F3D7A624B130C18E5B
 |   |   |- Guid:2F2D358046C2DAF15BDEB78ADC271EBE BaseClass: NativeClass:/Script/Engine.StaticMeshActor Name:StaticMeshActor_UAID_049226BE3E3CA57A01_2094687049 Label:SM_Heis SpatiallyLoaded:1 Bounds:IsValid=true, Min=(X=-1336.164 Y=1968.830 Z=-168.769), Max=(X=-1028.301 Y=2273.131 Z=556.673) RuntimeGrid:None EditorOnly:0 RuntimeOnly:0 HLODRelevant:1
 |   |   |- Guid:3231F3D04DD5299CC55645BBD7DB7926 BaseClass: NativeClass:/Script/Engine.PointLight Name:PointLight_UAID_049226BE3E3CD77C01_1414155944 Label:PointLight SpatiallyLoaded:1 Bounds:IsValid=true, Min=(X=-14338.247 Y=-15559.822 Z=-15912.226), Max=(X=18429.753 Y=17208.178 Z=16855.774) RuntimeGrid:None EditorOnly:0 RuntimeOnly:0 HLODRelevant:0
 |   |   |- Guid:3AD9F7794F690DFFCFF17C8AE0E855D4 BaseClass: NativeClass:/Script/Engine.StaticMeshActor Name:StaticMeshActor_UAID_049226BE3E3C0E7F01_1957121740 Label:SM_Cube12 SpatiallyLoaded:1 Bounds:IsValid=true, Min=(X=-12114.411 Y=2048.845 Z=1320.263), Max=(X=-9796.052 Y=3128.517 Z=1420.263) RuntimeGrid:None EditorOnly:0 RuntimeOnly:0 HLODRelevant:1 FolderPath:Playground FolderGuid:6C02BB504B69D1F3D7A624B130C18E5B
 |   |   |- Guid:3C3EA102412D964C6CC5D48FBFD5865B BaseClass:/Game/BP_Save.BP_Save_C NativeClass:/Script/Engine.Actor Name:BP_Save_C_UAID_049226BE3E3CAC8501_1862270879 Label:BP_Save SpatiallyLoaded:1 Bounds:IsValid=true, Min=(X=-2169.437 Y=1933.235 Z=103.256), Max=(X=-2169.437 Y=1933.235 Z=103.256) RuntimeGrid:None EditorOnly:0 RuntimeOnly:0 HLODRelevant:0
 |   |   |- Guid:3CE8C2104F3AF5D5AC22B7B13560C21D BaseClass: NativeClass:/Script/Engine.StaticMeshActor Name:StaticMeshActor_UAID_049226BE3E3C0E7F01_2046369742 Label:SM_Cube14 SpatiallyLoaded:1 Bounds:IsValid=true, Min=(X=-12600.648 Y=2580.619 Z=1320.263), Max=(X=-12400.648 Y=4977.094 Z=1420.263) RuntimeGrid:None EditorOnly:0 RuntimeOnly:0 HLODRelevant:1 FolderPath:Playground FolderGuid:6C02BB504B69D1F3D7A624B130C18E5B
 |   |   |- Guid:5F29E9DF4426B88687A7619D41BC2571 BaseClass: NativeClass:/Script/Engine.StaticMeshActor Name:StaticMeshActor_UAID_049226BE3E3CD77C01_1816145950 Label:SM_Cube28 SpatiallyLoaded:1 Bounds:IsValid=true, Min=(X=-10416.365 Y=1673.700 Z=-199.020), Max=(X=-10301.660 Y=1764.064 Z=506.707) RuntimeGrid:None EditorOnly:0 RuntimeOnly:0 HLODRelevant:1 FolderPath:Block04 FolderGuid:D00C3F324D055BED943FA6B0235C7FA2
 |   |   |- Guid:5FE7584649BB6F09265329A6C57CFD0D BaseClass: NativeClass:/Script/Engine.VolumetricCloud Name:VolumetricCloud_0 Label:VolumetricCloud SpatiallyLoaded:0 Bounds:IsValid=true, Min=(X=0.000 Y=0.000 Z=820.000), Max=(X=0.000 Y=0.000 Z=820.000) RuntimeGrid:None EditorOnly:0 RuntimeOnly:0 HLODRelevant:0 FolderPath:Lighting FolderGuid:0BA5F0A04EADB18E70D5B180D08FA34B
 |   |   |- Guid:61391D344900612A77DFC3BA3E354907 BaseClass: NativeClass:/Script/Engine.ExponentialHeightFog Name:ExponentialHeightFog_0 Label:ExponentialHeightFog SpatiallyLoaded:0 Bounds:IsValid=true, Min=(X=-5600.000 Y=-50.000 Z=-6850.000), Max=(X=-5600.000 Y=-50.000 Z=-6850.000) RuntimeGrid:None EditorOnly:0 RuntimeOnly:0 HLODRelevant:0 FolderPath:Lighting FolderGuid:0BA5F0A04EADB18E70D5B180D08FA34B
 |   |   |- Guid:637F964A419C92E9D4A04FAA2AC861A2 BaseClass: NativeClass:/Script/Engine.StaticMeshActor Name:StaticMeshActor_UAID_049226BE3E3CD77C01_1854329954 Label:SM_Cube32 SpatiallyLoaded:1 Bounds:IsValid=true, Min=(X=-10459.074 Y=1599.726 Z=657.300), Max=(X=-10278.468 Y=1804.232 Z=699.109) RuntimeGrid:None EditorOnly:0 RuntimeOnly:0 HLODRelevant:1 FolderPath:Block04 FolderGuid:D00C3F324D055BED943FA6B0235C7FA2
 |   |   |- Guid:63AED69742868C97A9C7B59699AAF77A BaseClass: NativeClass:/Script/Engine.StaticMeshActor Name:StaticMeshActor_UAID_049226BE3E3C0E7F01_1889284739 Label:SM_Cube11 SpatiallyLoaded:1 Bounds:IsValid=true, Min=(X=-11027.376 Y=-124.865 Z=1320.263), Max=(X=-9817.409 Y=3075.425 Z=1420.263) RuntimeGrid:None EditorOnly:0 RuntimeOnly:0 HLODRelevant:1 FolderPath:Playground FolderGuid:6C02BB504B69D1F3D7A624B130C18E5B
 |   |   |- Guid:656B7D694FAB60DF6ECC2DA185EA0C8D BaseClass: NativeClass:/Script/Engine.StaticMeshActor Name:StaticMeshActor_UAID_049226BE3E3CA57A01_1614437031 Label:SM_Cube17 SpatiallyLoaded:1 Bounds:IsValid=true, Min=(X=1349.881 Y=1700.000 Z=-36.629), Max=(X=1449.881 Y=1800.000 Z=669.098) RuntimeGrid:None EditorOnly:0 RuntimeOnly:0 HLODRelevant:1 FolderPath:Block02 FolderGuid:275232DB4A90E8B2799B29BD69C59B9E
 |   |   |- Guid:686E705945191863BBD2DF9E09A3DF6C BaseClass: NativeClass:/Script/Engine.StaticMeshActor Name:StaticMeshActor_UAID_049226BE3E3CA57A01_1614440032 Label:SM_QuarterCylinder15 SpatiallyLoaded:1 Bounds:IsValid=true, Min=(X=1349.881 Y=1600.000 Z=-36.629), Max=(X=1449.881 Y=1700.000 Z=669.098) RuntimeGrid:None EditorOnly:0 RuntimeOnly:0 HLODRelevant:1 FolderPath:Block02 FolderGuid:275232DB4A90E8B2799B29BD69C59B9E
 |   |   |- Guid:6BBC7C37415F00347086DCB202FBED74 BaseClass: NativeClass:/Script/Engine.StaticMeshActor Name:StaticMeshActor_UAID_049226BE3E3CA67A01_1669567234 Label:Sm_Heis_Frame SpatiallyLoaded:1 Bounds:IsValid=true, Min=(X=-1407.292 Y=1897.973 Z=-34.735), Max=(X=-957.011 Y=2348.254 Z=8.984) RuntimeGrid:None EditorOnly:0 RuntimeOnly:0 HLODRelevant:1
 |   |   |- Guid:6FA76B5C44AF4973A80728A5B10C2469 BaseClass: NativeClass:/Script/Engine.StaticMeshActor Name:StaticMeshActor_UAID_049226BE3E3CE07C01_2024516571 Label:SM_Cube37 SpatiallyLoaded:1 Bounds:IsValid=true, Min=(X=-11440.149 Y=1532.363 Z=-77.021), Max=(X=-11261.065 Y=1589.799 Z=35.596) RuntimeGrid:None EditorOnly:0 RuntimeOnly:0 HLODRelevant:1 FolderPath:Block04 FolderGuid:D00C3F324D055BED943FA6B0235C7FA2
 |   |   |- Guid:6FD404AA4B1DC95B1EA349A1D2DB1A72 BaseClass: NativeClass:/Script/Engine.StaticMeshActor Name:StaticMeshActor_UAID_049226BE3E3CA67A01_1435876228 Label:SM_Cube26 SpatiallyLoaded:1 Bounds:IsValid=true, Min=(X=1474.750 Y=1573.349 Z=0.566), Max=(X=1516.559 Y=1967.999 Z=43.719) RuntimeGrid:None EditorOnly:0 RuntimeOnly:0 HLODRelevant:1 FolderPath:Block04 FolderGuid:D00C3F324D055BED943FA6B0235C7FA2
 |   |   |- Guid:6FEFB3BD4EB37B849EF0D4AC80F83855 BaseClass: NativeClass:/Script/Engine.WorldDataLayers Name:WorldDataLayers Label:WorldDataLayers SpatiallyLoaded:0 Bounds:IsValid=true, Min=(X=0.000 Y=0.000 Z=0.000), Max=(X=0.000 Y=0.000 Z=0.000) RuntimeGrid:None EditorOnly:0 RuntimeOnly:0 HLODRelevant:0
 |   |   |- Guid:740DE88A49BAA6B57B4551A2AE9B249E BaseClass: NativeClass:/Script/Engine.StaticMeshActor Name:StaticMeshActor_UAID_049226BE3E3CA67A01_1522914230 Label:SM_Cube27 SpatiallyLoaded:1 Bounds:IsValid=true, Min=(X=1302.391 Y=1758.738 Z=0.566), Max=(X=1697.040 Y=1800.547 Z=43.719) RuntimeGrid:None EditorOnly:0 RuntimeOnly:0 HLODRelevant:1 FolderPath:Block04 FolderGuid:D00C3F324D055BED943FA6B0235C7FA2
 |   |   |- Guid:76F3ACD24C22F256F6385A96A9298D9C BaseClass: NativeClass:/Script/Engine.StaticMeshActor Name:StaticMeshActor_UAID_049226BE3E3CA57A01_1896942043 Label:SM_QuarterCylinder19 SpatiallyLoaded:1 Bounds:IsValid=true, Min=(X=1349.881 Y=1600.000 Z=661.220), Max=(X=1449.881 Y=1700.000 Z=684.294) RuntimeGrid:None EditorOnly:0 RuntimeOnly:0 HLODRelevant:1 FolderPath:Block02 FolderGuid:275232DB4A90E8B2799B29BD69C59B9E
 |   |   |- Guid:84359A834BB1BF17A4B87E9D0BF8A44B BaseClass: NativeClass:/Script/Engine.StaticMeshActor Name:StaticMeshActor_UAID_049226BE3E3CA57A01_1617978034 Label:SM_Cube18 SpatiallyLoaded:1 Bounds:IsValid=true, Min=(X=1551.017 Y=1698.068 Z=-36.629), Max=(X=1651.017 Y=1798.068 Z=669.098) RuntimeGrid:None EditorOnly:0 RuntimeOnly:0 HLODRelevant:1 FolderPath:Block02 FolderGuid:275232DB4A90E8B2799B29BD69C59B9E
 |   |   |- Guid:845F5DCC45FA513F8F244B89ABC3B8AB BaseClass: NativeClass:/Script/Engine.StaticMeshActor Name:StaticMeshActor_UAID_049226BE3E3CD77C01_1840983952 Label:SM_Cube30 SpatiallyLoaded:1 Bounds:IsValid=true, Min=(X=-10460.050 Y=1598.035 Z=484.098), Max=(X=-10345.345 Y=1688.398 Z=657.708) RuntimeGrid:None EditorOnly:0 RuntimeOnly:0 HLODRelevant:1 FolderPath:Block04 FolderGuid:D00C3F324D055BED943FA6B0235C7FA2
 |   |   |- Guid:846A5A4F4342116063ACBFAD15CE3150 BaseClass: NativeClass:/Script/Engine.PointLight Name:PointLight_UAID_049226BE3E3CD77C01_1424766946 Label:PointLight3 SpatiallyLoaded:1 Bounds:IsValid=true, Min=(X=-15340.236 Y=-14157.444 Z=-15912.226), Max=(X=17427.764 Y=18610.556 Z=16855.774) RuntimeGrid:None EditorOnly:0 RuntimeOnly:0 HLODRelevant:0
 |   |   |- Guid:8559D1384B14F466E8927697A36C1D78 BaseClass: NativeClass:/Script/Engine.StaticMeshActor Name:StaticMeshActor_9 Label:SM_Cube5 SpatiallyLoaded:1 Bounds:IsValid=true, Min=(X=-10932.271 Y=-124.865 Z=-1731.005), Max=(X=-9817.409 Y=3044.523 Z=2352.499) RuntimeGrid:None EditorOnly:0 RuntimeOnly:0 HLODRelevant:1 FolderPath:Playground FolderGuid:6C02BB504B69D1F3D7A624B130C18E5B
 |   |   |- Guid:8945AE874493AFBF757247AB6D6A8138 BaseClass: NativeClass:/Script/Engine.StaticMeshActor Name:StaticMeshActor_UAID_049226BE3E3C0E7F01_1992914741 Label:SM_Cube13 SpatiallyLoaded:1 Bounds:IsValid=true, Min=(X=-14154.892 Y=-56.140 Z=1320.263), Max=(X=-12715.378 Y=1762.557 Z=1420.263) RuntimeGrid:None EditorOnly:0 RuntimeOnly:0 HLODRelevant:1 FolderPath:Playground FolderGuid:6C02BB504B69D1F3D7A624B130C18E5B
 |   |   |- Guid:8FA898DA404775E7204C0681C32F30A6 BaseClass: NativeClass:/Script/Engine.StaticMeshActor Name:StaticMeshActor_UAID_049226BE3E3CDC7C01_2146695823 Label:SM_Cube7 SpatiallyLoaded:1 Bounds:IsValid=true, Min=(X=-14137.176 Y=-104.108 Z=-1731.005), Max=(X=-10837.176 Y=-4.108 Z=2352.499) RuntimeGrid:None EditorOnly:0 RuntimeOnly:0 HLODRelevant:1 FolderPath:Playground FolderGuid:6C02BB504B69D1F3D7A624B130C18E5B
 |   |   |- Guid:9050C6A64D81A7F573AD72872053341B BaseClass: NativeClass:/Script/Engine.StaticMeshActor Name:StaticMeshActor_UAID_049226BE3E3CA57A01_1717827040 Label:SM_Cube22 SpatiallyLoaded:1 Bounds:IsValid=true, Min=(X=1345.360 Y=1739.300 Z=-16.914), Max=(X=1653.223 Y=1781.109 Z=688.813) RuntimeGrid:None EditorOnly:0 RuntimeOnly:0 HLODRelevant:1 FolderPath:Block04 FolderGuid:D00C3F324D055BED943FA6B0235C7FA2
 |   |   |- Guid:90B7B8D3420C2EABA931D3A6A69DF696 BaseClass: NativeClass:/Script/Engine.StaticMeshActor Name:StaticMeshActor_3 Label:SM_Cube2 SpatiallyLoaded:1 Bounds:IsValid=true, Min=(X=-12518.961 Y=2904.845 Z=-1731.005), Max=(X=-9813.654 Y=4908.563 Z=2352.499) RuntimeGrid:None EditorOnly:0 RuntimeOnly:0 HLODRelevant:1 FolderPath:Playground FolderGuid:6C02BB504B69D1F3D7A624B130C18E5B
 |   |   |- Guid:97A1C4CF41D3B9D00E1C468CFBBAC911 BaseClass: NativeClass:/Script/Engine.StaticMeshActor Name:StaticMeshActor_UAID_049226BE3E3C0E7F01_1889281736 Label:SM_Cube8 SpatiallyLoaded:1 Bounds:IsValid=true, Min=(X=-15164.337 Y=2878.170 Z=1320.263), Max=(X=-12379.658 Y=4977.751 Z=1420.263) RuntimeGrid:None EditorOnly:0 RuntimeOnly:0 HLODRelevant:1 FolderPath:Playground FolderGuid:6C02BB504B69D1F3D7A624B130C18E5B
 |   |   |- Guid:9A6FB5BA4C7FA4D2524E4490B900C87C BaseClass:/Game/Blueprints/BP_TargetSpawner2.BP_TargetSpawner2_C NativeClass:/Script/Engine.Actor Name:BP_TargetSpawner2_C_UAID_049226BE3E3CDE7C01_1472260211 Label:BP_TargetSpawner3 SpatiallyLoaded:1 Bounds:IsValid=true, Min=(X=-1568.007 Y=1831.270 Z=51.502), Max=(X=-1468.007 Y=1931.270 Z=151.502) RuntimeGrid:None EditorOnly:0 RuntimeOnly:0 HLODRelevant:0
 |   |   |- Guid:9F0FAC93493281B28C2D4EBDF175DAFB BaseClass: NativeClass:/Script/Engine.StaticMeshActor Name:StaticMeshActor_UAID_049226BE3E3CA57A01_1896946047 Label:SM_QuarterCylinder22 SpatiallyLoaded:1 Bounds:IsValid=true, Min=(X=1551.017 Y=1598.068 Z=661.220), Max=(X=1651.017 Y=1698.068 Z=684.294) RuntimeGrid:None EditorOnly:0 RuntimeOnly:0 HLODRelevant:1 FolderPath:Block02 FolderGuid:275232DB4A90E8B2799B29BD69C59B9E
 |   |   |- Guid:A354B1B24E617A525DC6B48CCDE2417E BaseClass: NativeClass:/Script/Engine.PlayerStart Name:PlayerStart_0 Label:PlayerStart SpatiallyLoaded:0 Bounds:IsValid=true, Min=(X=-1421.368 Y=1509.852 Z=27.179), Max=(X=-1341.368 Y=1589.852 Z=211.179) RuntimeGrid:None EditorOnly:0 RuntimeOnly:0 HLODRelevant:0
 |   |   |- Guid:A3B74D354F3C8CA2D40D56A3F31C5666 BaseClass: NativeClass:/Script/Engine.StaticMeshActor Name:StaticMeshActor_UAID_049226BE3E3CE07C01_2024514569 Label:SM_Cube35 SpatiallyLoaded:1 Bounds:IsValid=true, Min=(X=-11425.005 Y=1702.824 Z=-79.487), Max=(X=-11204.032 Y=1763.912 Z=34.093) RuntimeGrid:None EditorOnly:0 RuntimeOnly:0 HLODRelevant:1 FolderPath:Block04 FolderGuid:D00C3F324D055BED943FA6B0235C7FA2
 |   |   |- Guid:ADDE0CD145A212867ABF7797A9F8C61B BaseClass: NativeClass:/Script/Engine.StaticMeshActor Name:StaticMeshActor_UAID_049226BE3E3C0E7F01_1889279735 Label:SM_Cube4 SpatiallyLoaded:1 Bounds:IsValid=true, Min=(X=-12577.740 Y=2823.944 Z=1320.263), Max=(X=-9813.654 Y=4908.563 Z=1420.263) RuntimeGrid:None EditorOnly:0 RuntimeOnly:0 HLODRelevant:1 FolderPath:Playground FolderGuid:6C02BB504B69D1F3D7A624B130C18E5B
 |   |   |- Guid:B0B1A05343284D70031C5FB54679A4CB BaseClass: NativeClass:/Script/Engine.PointLight Name:PointLight_UAID_049226BE3E3CD77C01_1422215945 Label:PointLight2 SpatiallyLoaded:1 Bounds:IsValid=true, Min=(X=-14338.247 Y=-14157.444 Z=-15912.226), Max=(X=18429.753 Y=18610.556 Z=16855.774) RuntimeGrid:None EditorOnly:0 RuntimeOnly:0 HLODRelevant:0
 |   |   |- Guid:B0E4584044824507B58012B45DDE0304 BaseClass: NativeClass:/Script/Engine.StaticMeshActor Name:StaticMeshActor_UAID_049226BE3E3CE07C01_2024515570 Label:SM_Cube36 SpatiallyLoaded:1 Bounds:IsValid=true, Min=(X=-11267.477 Y=1530.714 Z=-79.119), Max=(X=-11208.241 Y=1708.006 Z=31.611) RuntimeGrid:None EditorOnly:0 RuntimeOnly:0 HLODRelevant:1 FolderPath:Block04 FolderGuid:D00C3F324D055BED943FA6B0235C7FA2
 |   |   |- Guid:B19AA56648C3D04EA08BB9B66F4ACA4B BaseClass: NativeClass:/Script/Engine.StaticMeshActor Name:StaticMeshActor_UAID_049226BE3E3CA57A01_1896939042 Label:SM_Cube19 SpatiallyLoaded:1 Bounds:IsValid=true, Min=(X=1349.881 Y=1700.000 Z=661.220), Max=(X=1449.881 Y=1800.000 Z=684.294) RuntimeGrid:None EditorOnly:0 RuntimeOnly:0 HLODRelevant:1 FolderPath:Block02 FolderGuid:275232DB4A90E8B2799B29BD69C59B9E
 |   |   |- Guid:B56E71D34488F40B33D28C8D027AE1C2 BaseClass: NativeClass:/Script/Engine.StaticMeshActor Name:StaticMeshActor_UAID_049226BE3E3CE07C01_2024511568 Label:SM_Cube34 SpatiallyLoaded:1 Bounds:IsValid=true, Min=(X=-11439.983 Y=1545.705 Z=-75.151), Max=(X=-11380.748 Y=1722.998 Z=35.580) RuntimeGrid:None EditorOnly:0 RuntimeOnly:0 HLODRelevant:1 FolderPath:Block04 FolderGuid:D00C3F324D055BED943FA6B0235C7FA2
 |   |   |- Guid:BAC430324CF0EEC154CBD98A7D3804AF BaseClass: NativeClass:/Script/Engine.StaticMeshActor Name:StaticMeshActor_UAID_049226BE3E3CA57A01_1896945046 Label:SM_QuarterCylinder21 SpatiallyLoaded:1 Bounds:IsValid=true, Min=(X=1551.017 Y=1798.068 Z=661.220), Max=(X=1651.017 Y=1898.068 Z=684.294) RuntimeGrid:None EditorOnly:0 RuntimeOnly:0 HLODRelevant:1 FolderPath:Block02 FolderGuid:275232DB4A90E8B2799B29BD69C59B9E
 |   |   |- Guid:C22CE07C4B87D685137FDBBC10FC92C6 BaseClass: NativeClass:/Script/Engine.SkyAtmosphere Name:SkyAtmosphere_0 Label:SkyAtmosphere SpatiallyLoaded:0 Bounds:IsValid=true, Min=(X=0.000 Y=0.000 Z=1020.000), Max=(X=0.000 Y=0.000 Z=1020.000) RuntimeGrid:None EditorOnly:0 RuntimeOnly:0 HLODRelevant:0 FolderPath:Lighting FolderGuid:0BA5F0A04EADB18E70D5B180D08FA34B
 |   |   |- Guid:C6DCEF784A782C054224D99822D21ACC BaseClass: NativeClass:/Script/Engine.StaticMeshActor Name:StaticMeshActor_UAID_049226BE3E3CA67A01_1424021227 Label:Torus SpatiallyLoaded:1 Bounds:IsValid=true, Min=(X=1052.777 Y=1324.639 Z=0.000), Max=(X=1945.478 Y=2217.340 Z=43.301) RuntimeGrid:None EditorOnly:0 RuntimeOnly:0 HLODRelevant:0
 |   |   |- Guid:CB386F87412BD473B4F1E9B95ECD37FD BaseClass: NativeClass:/Script/Engine.StaticMeshActor Name:StaticMeshActor_UAID_049226BE3E3CA57A01_1896944045 Label:SM_Cube24 SpatiallyLoaded:1 Bounds:IsValid=true, Min=(X=1551.017 Y=1698.068 Z=661.220), Max=(X=1651.017 Y=1798.068 Z=684.294) RuntimeGrid:None EditorOnly:0 RuntimeOnly:0 HLODRelevant:1 FolderPath:Block02 FolderGuid:275232DB4A90E8B2799B29BD69C59B9E
 |   |   |- Guid:CE8D82634660FCDB3120E2B8D547C533 BaseClass: NativeClass:/Script/Engine.PostProcessVolume Name:PostProcessVolume_0 Label:PostProcessVolume SpatiallyLoaded:0 Bounds:IsValid=true, Min=(X=0.000 Y=0.000 Z=400.000), Max=(X=200.000 Y=200.000 Z=600.000) RuntimeGrid:None EditorOnly:0 RuntimeOnly:0 HLODRelevant:0 FolderPath:Lighting FolderGuid:0BA5F0A04EADB18E70D5B180D08FA34B
 |   |   |- Guid:D6B39EB843F87BBF06115691D3AFEFCD BaseClass: NativeClass:/Script/Engine.StaticMeshActor Name:StaticMeshActor_UAID_049226BE3E3C0E7F01_1889282737 Label:SM_Cube9 SpatiallyLoaded:1 Bounds:IsValid=true, Min=(X=-15157.717 Y=-106.751 Z=1320.263), Max=(X=-13947.750 Y=3093.539 Z=1420.263) RuntimeGrid:None EditorOnly:0 RuntimeOnly:0 HLODRelevant:1 FolderPath:Playground FolderGuid:6C02BB504B69D1F3D7A624B130C18E5B
 |   |   |- Guid:DA16ADB3486EE12391D8B0821E2FE4A7 BaseClass: NativeClass:/Script/Engine.StaticMeshActor Name:StaticMeshActor_UAID_049226BE3E3CA57A01_1749680041 Label:SM_Cube23 SpatiallyLoaded:1 Bounds:IsValid=true, Min=(X=1446.600 Y=1712.325 Z=621.875), Max=(X=1546.600 Y=1812.325 Z=688.544) RuntimeGrid:None EditorOnly:0 RuntimeOnly:0 HLODRelevant:1 FolderPath:Block04 FolderGuid:D00C3F324D055BED943FA6B0235C7FA2
 |   |   |- Guid:DB8CFEBC4FD6CA44DBDD72A647C0CCF7 BaseClass: NativeClass:/Script/Engine.StaticMeshActor Name:StaticMeshActor_UAID_049226BE3E3C0F7F01_1191644921 Label:SM_Cube16 SpatiallyLoaded:1 Bounds:IsValid=true, Min=(X=-15150.060 Y=2062.126 Z=1320.263), Max=(X=-12903.385 Y=3131.845 Z=1420.263) RuntimeGrid:None EditorOnly:0 RuntimeOnly:0 HLODRelevant:1 FolderPath:Playground FolderGuid:6C02BB504B69D1F3D7A624B130C18E5B
 |   |   |- Guid:DDC8ACD540EBDC243D024EB4FFF2764F BaseClass: NativeClass:/Script/Engine.StaticMeshActor Name:StaticMeshActor_UAID_049226BE3E3CDE7C01_1258998207 Label:Torus3 SpatiallyLoaded:1 Bounds:IsValid=true, Min=(X=2377.116 Y=-1098.578 Z=-6.008), Max=(X=2527.116 Y=-948.578 Z=43.992) RuntimeGrid:None EditorOnly:0 RuntimeOnly:0 HLODRelevant:0
 |   |   |- Guid:E4D27D9947ABC6EF7C032D99A45F01B7 BaseClass: NativeClass:/Script/Engine.StaticMeshActor Name:StaticMeshActor_UAID_049226BE3E3CD77C01_1828798951 Label:SM_Cube29 SpatiallyLoaded:1 Bounds:IsValid=true, Min=(X=1691.626 Y=1739.300 Z=-83.850), Max=(X=2898.118 Y=1781.109 Z=24.462) RuntimeGrid:None EditorOnly:0 RuntimeOnly:0 HLODRelevant:1 FolderPath:Block04 FolderGuid:D00C3F324D055BED943FA6B0235C7FA2
 |   |   |- Guid:E5320C1B4FD9764CE7B54D8487AEC613 BaseClass: NativeClass:/Script/Engine.SkyLight Name:SkyLight_0 Label:SkyLight SpatiallyLoaded:0 Bounds:IsValid=true, Min=(X=0.000 Y=0.000 Z=690.000), Max=(X=0.000 Y=0.000 Z=690.000) RuntimeGrid:None EditorOnly:0 RuntimeOnly:0 HLODRelevant:0 FolderPath:Lighting FolderGuid:0BA5F0A04EADB18E70D5B180D08FA34B
 |   |   |- Guid:EE66F4454A4A9F99393F559AB739C05E BaseClass:/Game/FirstPerson/Blueprints/BP_Pickup_Rifle.BP_Pickup_Rifle_C NativeClass:/Script/Engine.Actor Name:BP_Rifle_C_1 Label:BP_Pickup_Rifle SpatiallyLoaded:1 Bounds:IsValid=true, Min=(X=-17.299 Y=1370.662 Z=38.168), Max=(X=41.927 Y=1453.430 Z=102.168) RuntimeGrid:None EditorOnly:0 RuntimeOnly:0 HLODRelevant:0
 |   |   |- Guid:F07F1AF64C7C7C238EE1B4BF8C122DD8 BaseClass: NativeClass:/Script/Engine.StaticMeshActor Name:StaticMeshActor_4 Label:SM_Cube3 SpatiallyLoaded:1 Bounds:IsValid=true, Min=(X=-15164.337 Y=2959.072 Z=-1731.005), Max=(X=-12438.436 Y=4977.751 Z=2352.499) RuntimeGrid:None EditorOnly:0 RuntimeOnly:0 HLODRelevant:1 FolderPath:Playground FolderGuid:6C02BB504B69D1F3D7A624B130C18E5B
 |   |   |- Guid:F1C5A1DB49E3D88738816E9CE0752132 BaseClass: NativeClass:/Script/Engine.StaticMeshActor Name:StaticMeshActor_UAID_049226BE3E3CA57A01_1617980036 Label:SM_QuarterCylinder18 SpatiallyLoaded:1 Bounds:IsValid=true, Min=(X=1551.017 Y=1598.068 Z=-36.629), Max=(X=1651.016 Y=1698.068 Z=669.098) RuntimeGrid:None EditorOnly:0 RuntimeOnly:0 HLODRelevant:1 FolderPath:Block02 FolderGuid:275232DB4A90E8B2799B29BD69C59B9E
 |   |   |- Guid:F6D352F34B0088A61FB0B3B9354E2447 BaseClass: NativeClass:/Script/Engine.StaticMeshActor Name:StaticMeshActor_UAID_049226BE3E3CA57A01_1617979035 Label:SM_QuarterCylinder17 SpatiallyLoaded:1 Bounds:IsValid=true, Min=(X=1551.016 Y=1798.068 Z=-36.629), Max=(X=1651.017 Y=1898.068 Z=669.098) RuntimeGrid:None EditorOnly:0 RuntimeOnly:0 HLODRelevant:1 FolderPath:Block02 FolderGuid:275232DB4A90E8B2799B29BD69C59B9E
 |   |   |- Guid:F80621C9446867154938FE81375207DA BaseClass: NativeClass:/Script/Engine.DirectionalLight Name:DirectionalLight_1 Label:DirectionalLight SpatiallyLoaded:0 Bounds:IsValid=true, Min=(X=-1048576.000 Y=-1048576.000 Z=-1048576.000), Max=(X=1048576.000 Y=1048576.000 Z=1048576.000) RuntimeGrid:None EditorOnly:0 RuntimeOnly:0 HLODRelevant:0 FolderPath:Lighting FolderGuid:0BA5F0A04EADB18E70D5B180D08FA34B
 |   |   |- Guid:F893BD484B714A4132DA8E90C9B60BF8 BaseClass: NativeClass:/Script/Engine.StaticMeshActor Name:StaticMeshActor_UAID_049226BE3E3C0E7F01_1889283738 Label:SM_Cube10 SpatiallyLoaded:1 Bounds:IsValid=true, Min=(X=-14137.176 Y=-104.108 Z=1320.263), Max=(X=-10837.176 Y=95.892 Z=1420.263) RuntimeGrid:None EditorOnly:0 RuntimeOnly:0 HLODRelevant:1 FolderPath:Playground FolderGuid:6C02BB504B69D1F3D7A624B130C18E5B
 |   |   |- Guid:FD83521C447C1D16D37A94B59D07E575 BaseClass: NativeClass:/Script/Engine.StaticMeshActor Name:StaticMeshActor_UAID_049226BE3E3CD77C01_1850757953 Label:SM_Cube31 SpatiallyLoaded:1 Bounds:IsValid=true, Min=(X=-10372.662 Y=1749.395 Z=484.098), Max=(X=-10257.957 Y=1839.759 Z=699.767) RuntimeGrid:None EditorOnly:0 RuntimeOnly:0 HLODRelevant:1 FolderPath:Block04 FolderGuid:D00C3F324D055BED943FA6B0235C7FA2
 |   |- [+] Clusters:
 |   |   |- [+] [  0]
 |   |   |   |- Guid:18139B884132AFFF34BB778C280C6074 BaseClass: NativeClass:/Script/Engine.StaticMeshActor Name:StaticMeshActor_UAID_049226BE3E3CA57A01_1697048039 Label:SM_Cube21 SpatiallyLoaded:1 Bounds:IsValid=true, Min=(X=1475.589 Y=1601.871 Z=-16.914), Max=(X=1517.398 Y=1902.369 Z=688.813) RuntimeGrid:None EditorOnly:0 RuntimeOnly:0 HLODRelevant:1 FolderPath:Block04 FolderGuid:D00C3F324D055BED943FA6B0235C7FA2
 |   |   |- [+] [  1]
 |   |   |   |- Guid:B0E4584044824507B58012B45DDE0304 BaseClass: NativeClass:/Script/Engine.StaticMeshActor Name:StaticMeshActor_UAID_049226BE3E3CE07C01_2024515570 Label:SM_Cube36 SpatiallyLoaded:1 Bounds:IsValid=true, Min=(X=-11267.477 Y=1530.714 Z=-79.119), Max=(X=-11208.241 Y=1708.006 Z=31.611) RuntimeGrid:None EditorOnly:0 RuntimeOnly:0 HLODRelevant:1 FolderPath:Block04 FolderGuid:D00C3F324D055BED943FA6B0235C7FA2
 |   |   |- [+] [  2]
 |   |   |   |- Guid:61391D344900612A77DFC3BA3E354907 BaseClass: NativeClass:/Script/Engine.ExponentialHeightFog Name:ExponentialHeightFog_0 Label:ExponentialHeightFog SpatiallyLoaded:0 Bounds:IsValid=true, Min=(X=-5600.000 Y=-50.000 Z=-6850.000), Max=(X=-5600.000 Y=-50.000 Z=-6850.000) RuntimeGrid:None EditorOnly:0 RuntimeOnly:0 HLODRelevant:0 FolderPath:Lighting FolderGuid:0BA5F0A04EADB18E70D5B180D08FA34B
 |   |   |- [+] [  3]
 |   |   |   |- Guid:5FE7584649BB6F09265329A6C57CFD0D BaseClass: NativeClass:/Script/Engine.VolumetricCloud Name:VolumetricCloud_0 Label:VolumetricCloud SpatiallyLoaded:0 Bounds:IsValid=true, Min=(X=0.000 Y=0.000 Z=820.000), Max=(X=0.000 Y=0.000 Z=820.000) RuntimeGrid:None EditorOnly:0 RuntimeOnly:0 HLODRelevant:0 FolderPath:Lighting FolderGuid:0BA5F0A04EADB18E70D5B180D08FA34B
 |   |   |- [+] [  4]
 |   |   |   |- Guid:84359A834BB1BF17A4B87E9D0BF8A44B BaseClass: NativeClass:/Script/Engine.StaticMeshActor Name:StaticMeshActor_UAID_049226BE3E3CA57A01_1617978034 Label:SM_Cube18 SpatiallyLoaded:1 Bounds:IsValid=true, Min=(X=1551.017 Y=1698.068 Z=-36.629), Max=(X=1651.017 Y=1798.068 Z=669.098) RuntimeGrid:None EditorOnly:0 RuntimeOnly:0 HLODRelevant:1 FolderPath:Block02 FolderGuid:275232DB4A90E8B2799B29BD69C59B9E
 |   |   |- [+] [  5]
 |   |   |   |- Guid:F80621C9446867154938FE81375207DA BaseClass: NativeClass:/Script/Engine.DirectionalLight Name:DirectionalLight_1 Label:DirectionalLight SpatiallyLoaded:0 Bounds:IsValid=true, Min=(X=-1048576.000 Y=-1048576.000 Z=-1048576.000), Max=(X=1048576.000 Y=1048576.000 Z=1048576.000) RuntimeGrid:None EditorOnly:0 RuntimeOnly:0 HLODRelevant:0 FolderPath:Lighting FolderGuid:0BA5F0A04EADB18E70D5B180D08FA34B
 |   |   |- [+] [  6]
 |   |   |   |- Guid:F893BD484B714A4132DA8E90C9B60BF8 BaseClass: NativeClass:/Script/Engine.StaticMeshActor Name:StaticMeshActor_UAID_049226BE3E3C0E7F01_1889283738 Label:SM_Cube10 SpatiallyLoaded:1 Bounds:IsValid=true, Min=(X=-14137.176 Y=-104.108 Z=1320.263), Max=(X=-10837.176 Y=95.892 Z=1420.263) RuntimeGrid:None EditorOnly:0 RuntimeOnly:0 HLODRelevant:1 FolderPath:Playground FolderGuid:6C02BB504B69D1F3D7A624B130C18E5B
 |   |   |- [+] [  7]
 |   |   |   |- Guid:63AED69742868C97A9C7B59699AAF77A BaseClass: NativeClass:/Script/Engine.StaticMeshActor Name:StaticMeshActor_UAID_049226BE3E3C0E7F01_1889284739 Label:SM_Cube11 SpatiallyLoaded:1 Bounds:IsValid=true, Min=(X=-11027.376 Y=-124.865 Z=1320.263), Max=(X=-9817.409 Y=3075.425 Z=1420.263) RuntimeGrid:None EditorOnly:0 RuntimeOnly:0 HLODRelevant:1 FolderPath:Playground FolderGuid:6C02BB504B69D1F3D7A624B130C18E5B
 |   |   |- [+] [  8]
 |   |   |   |- Guid:B19AA56648C3D04EA08BB9B66F4ACA4B BaseClass: NativeClass:/Script/Engine.StaticMeshActor Name:StaticMeshActor_UAID_049226BE3E3CA57A01_1896939042 Label:SM_Cube19 SpatiallyLoaded:1 Bounds:IsValid=true, Min=(X=1349.881 Y=1700.000 Z=661.220), Max=(X=1449.881 Y=1800.000 Z=684.294) RuntimeGrid:None EditorOnly:0 RuntimeOnly:0 HLODRelevant:1 FolderPath:Block02 FolderGuid:275232DB4A90E8B2799B29BD69C59B9E
 |   |   |- [+] [  9]
 |   |   |   |- Guid:76F3ACD24C22F256F6385A96A9298D9C BaseClass: NativeClass:/Script/Engine.StaticMeshActor Name:StaticMeshActor_UAID_049226BE3E3CA57A01_1896942043 Label:SM_QuarterCylinder19 SpatiallyLoaded:1 Bounds:IsValid=true, Min=(X=1349.881 Y=1600.000 Z=661.220), Max=(X=1449.881 Y=1700.000 Z=684.294) RuntimeGrid:None EditorOnly:0 RuntimeOnly:0 HLODRelevant:1 FolderPath:Block02 FolderGuid:275232DB4A90E8B2799B29BD69C59B9E
 |   |   |- [+] [ 10]
 |   |   |   |- Guid:00AC4C5E4E60599FD60087B1DAC3B9AE BaseClass: NativeClass:/Script/Engine.PointLight Name:PointLight_UAID_049226BE3E3CD77C01_1427436947 Label:PointLight4 SpatiallyLoaded:1 Bounds:IsValid=true, Min=(X=-15340.236 Y=-15498.379 Z=-15912.226), Max=(X=17427.764 Y=17269.621 Z=16855.774) RuntimeGrid:None EditorOnly:0 RuntimeOnly:0 HLODRelevant:0
 |   |   |- [+] [ 11]
 |   |   |   |- Guid:CB386F87412BD473B4F1E9B95ECD37FD BaseClass: NativeClass:/Script/Engine.StaticMeshActor Name:StaticMeshActor_UAID_049226BE3E3CA57A01_1896944045 Label:SM_Cube24 SpatiallyLoaded:1 Bounds:IsValid=true, Min=(X=1551.017 Y=1698.068 Z=661.220), Max=(X=1651.017 Y=1798.068 Z=684.294) RuntimeGrid:None EditorOnly:0 RuntimeOnly:0 HLODRelevant:1 FolderPath:Block02 FolderGuid:275232DB4A90E8B2799B29BD69C59B9E
 |   |   |- [+] [ 12]
 |   |   |   |- Guid:BAC430324CF0EEC154CBD98A7D3804AF BaseClass: NativeClass:/Script/Engine.StaticMeshActor Name:StaticMeshActor_UAID_049226BE3E3CA57A01_1896945046 Label:SM_QuarterCylinder21 SpatiallyLoaded:1 Bounds:IsValid=true, Min=(X=1551.017 Y=1798.068 Z=661.220), Max=(X=1651.017 Y=1898.068 Z=684.294) RuntimeGrid:None EditorOnly:0 RuntimeOnly:0 HLODRelevant:1 FolderPath:Block02 FolderGuid:275232DB4A90E8B2799B29BD69C59B9E
 |   |   |- [+] [ 13]
 |   |   |   |- Guid:8945AE874493AFBF757247AB6D6A8138 BaseClass: NativeClass:/Script/Engine.StaticMeshActor Name:StaticMeshActor_UAID_049226BE3E3C0E7F01_1992914741 Label:SM_Cube13 SpatiallyLoaded:1 Bounds:IsValid=true, Min=(X=-14154.892 Y=-56.140 Z=1320.263), Max=(X=-12715.378 Y=1762.557 Z=1420.263) RuntimeGrid:None EditorOnly:0 RuntimeOnly:0 HLODRelevant:1 FolderPath:Playground FolderGuid:6C02BB504B69D1F3D7A624B130C18E5B
 |   |   |- [+] [ 14]
 |   |   |   |- Guid:DB8CFEBC4FD6CA44DBDD72A647C0CCF7 BaseClass: NativeClass:/Script/Engine.StaticMeshActor Name:StaticMeshActor_UAID_049226BE3E3C0F7F01_1191644921 Label:SM_Cube16 SpatiallyLoaded:1 Bounds:IsValid=true, Min=(X=-15150.060 Y=2062.126 Z=1320.263), Max=(X=-12903.385 Y=3131.845 Z=1420.263) RuntimeGrid:None EditorOnly:0 RuntimeOnly:0 HLODRelevant:1 FolderPath:Playground FolderGuid:6C02BB504B69D1F3D7A624B130C18E5B
 |   |   |- [+] [ 15]
 |   |   |   |- Guid:C6DCEF784A782C054224D99822D21ACC BaseClass: NativeClass:/Script/Engine.StaticMeshActor Name:StaticMeshActor_UAID_049226BE3E3CA67A01_1424021227 Label:Torus SpatiallyLoaded:1 Bounds:IsValid=true, Min=(X=1052.777 Y=1324.639 Z=0.000), Max=(X=1945.478 Y=2217.340 Z=43.301) RuntimeGrid:None EditorOnly:0 RuntimeOnly:0 HLODRelevant:0
 |   |   |- [+] [ 16]
 |   |   |   |- Guid:F1C5A1DB49E3D88738816E9CE0752132 BaseClass: NativeClass:/Script/Engine.StaticMeshActor Name:StaticMeshActor_UAID_049226BE3E3CA57A01_1617980036 Label:SM_QuarterCylinder18 SpatiallyLoaded:1 Bounds:IsValid=true, Min=(X=1551.017 Y=1598.068 Z=-36.629), Max=(X=1651.016 Y=1698.068 Z=669.098) RuntimeGrid:None EditorOnly:0 RuntimeOnly:0 HLODRelevant:1 FolderPath:Block02 FolderGuid:275232DB4A90E8B2799B29BD69C59B9E
 |   |   |- [+] [ 17]
 |   |   |   |- Guid:1F0E08A04397259D2CD3A9922CF92DD1 BaseClass: NativeClass:/Script/Engine.StaticMeshActor Name:StaticMeshActor_UAID_049226BE3E3CA57A01_1614441033 Label:SM_QuarterCylinder16 SpatiallyLoaded:1 Bounds:IsValid=true, Min=(X=1349.881 Y=1800.000 Z=-36.629), Max=(X=1449.881 Y=1900.000 Z=669.098) RuntimeGrid:None EditorOnly:0 RuntimeOnly:0 HLODRelevant:1 FolderPath:Block02 FolderGuid:275232DB4A90E8B2799B29BD69C59B9E
 |   |   |- [+] [ 18]
 |   |   |   |- Guid:90B7B8D3420C2EABA931D3A6A69DF696 BaseClass: NativeClass:/Script/Engine.StaticMeshActor Name:StaticMeshActor_3 Label:SM_Cube2 SpatiallyLoaded:1 Bounds:IsValid=true, Min=(X=-12518.961 Y=2904.845 Z=-1731.005), Max=(X=-9813.654 Y=4908.563 Z=2352.499) RuntimeGrid:None EditorOnly:0 RuntimeOnly:0 HLODRelevant:1 FolderPath:Playground FolderGuid:6C02BB504B69D1F3D7A624B130C18E5B
 |   |   |- [+] [ 19]
 |   |   |   |- Guid:9F0FAC93493281B28C2D4EBDF175DAFB BaseClass: NativeClass:/Script/Engine.StaticMeshActor Name:StaticMeshActor_UAID_049226BE3E3CA57A01_1896946047 Label:SM_QuarterCylinder22 SpatiallyLoaded:1 Bounds:IsValid=true, Min=(X=1551.017 Y=1598.068 Z=661.220), Max=(X=1651.017 Y=1698.068 Z=684.294) RuntimeGrid:None EditorOnly:0 RuntimeOnly:0 HLODRelevant:1 FolderPath:Block02 FolderGuid:275232DB4A90E8B2799B29BD69C59B9E
 |   |   |- [+] [ 20]
 |   |   |   |- Guid:3C3EA102412D964C6CC5D48FBFD5865B BaseClass:/Game/BP_Save.BP_Save_C NativeClass:/Script/Engine.Actor Name:BP_Save_C_UAID_049226BE3E3CAC8501_1862270879 Label:BP_Save SpatiallyLoaded:1 Bounds:IsValid=true, Min=(X=-2169.437 Y=1933.235 Z=103.256), Max=(X=-2169.437 Y=1933.235 Z=103.256) RuntimeGrid:None EditorOnly:0 RuntimeOnly:0 HLODRelevant:0
 |   |   |- [+] [ 21]
 |   |   |   |- Guid:0697BB0A4285E4CFD9A3E886AB5223BB BaseClass: NativeClass:/Script/Engine.StaticMeshActor Name:StaticMeshActor_UAID_049226BE3E3CA57A01_1896943044 Label:SM_QuarterCylinder20 SpatiallyLoaded:1 Bounds:IsValid=true, Min=(X=1349.881 Y=1800.000 Z=661.220), Max=(X=1449.881 Y=1900.000 Z=684.294) RuntimeGrid:None EditorOnly:0 RuntimeOnly:0 HLODRelevant:1 FolderPath:Block02 FolderGuid:275232DB4A90E8B2799B29BD69C59B9E
 |   |   |- [+] [ 22]
 |   |   |   |- Guid:846A5A4F4342116063ACBFAD15CE3150 BaseClass: NativeClass:/Script/Engine.PointLight Name:PointLight_UAID_049226BE3E3CD77C01_1424766946 Label:PointLight3 SpatiallyLoaded:1 Bounds:IsValid=true, Min=(X=-15340.236 Y=-14157.444 Z=-15912.226), Max=(X=17427.764 Y=18610.556 Z=16855.774) RuntimeGrid:None EditorOnly:0 RuntimeOnly:0 HLODRelevant:0
 |   |   |- [+] [ 23]
 |   |   |   |- Guid:B56E71D34488F40B33D28C8D027AE1C2 BaseClass: NativeClass:/Script/Engine.StaticMeshActor Name:StaticMeshActor_UAID_049226BE3E3CE07C01_2024511568 Label:SM_Cube34 SpatiallyLoaded:1 Bounds:IsValid=true, Min=(X=-11439.983 Y=1545.705 Z=-75.151), Max=(X=-11380.748 Y=1722.998 Z=35.580) RuntimeGrid:None EditorOnly:0 RuntimeOnly:0 HLODRelevant:1 FolderPath:Block04 FolderGuid:D00C3F324D055BED943FA6B0235C7FA2
 |   |   |- [+] [ 24]
 |   |   |   |- Guid:9050C6A64D81A7F573AD72872053341B BaseClass: NativeClass:/Script/Engine.StaticMeshActor Name:StaticMeshActor_UAID_049226BE3E3CA57A01_1717827040 Label:SM_Cube22 SpatiallyLoaded:1 Bounds:IsValid=true, Min=(X=1345.360 Y=1739.300 Z=-16.914), Max=(X=1653.223 Y=1781.109 Z=688.813) RuntimeGrid:None EditorOnly:0 RuntimeOnly:0 HLODRelevant:1 FolderPath:Block04 FolderGuid:D00C3F324D055BED943FA6B0235C7FA2
 |   |   |- [+] [ 25]
 |   |   |   |- Guid:EE66F4454A4A9F99393F559AB739C05E BaseClass:/Game/FirstPerson/Blueprints/BP_Pickup_Rifle.BP_Pickup_Rifle_C NativeClass:/Script/Engine.Actor Name:BP_Rifle_C_1 Label:BP_Pickup_Rifle SpatiallyLoaded:1 Bounds:IsValid=true, Min=(X=-17.299 Y=1370.662 Z=38.168), Max=(X=41.927 Y=1453.430 Z=102.168) RuntimeGrid:None EditorOnly:0 RuntimeOnly:0 HLODRelevant:0
 |   |   |- [+] [ 26]
 |   |   |   |- Guid:0B109E5C47C68041D941FFB81C48EC78 BaseClass: NativeClass:/Script/Engine.StaticMeshActor Name:StaticMeshActor_UAID_049226BE3E3CA57A01_1896947048 Label:SM_Cube25 SpatiallyLoaded:1 Bounds:IsValid=true, Min=(X=1446.600 Y=1608.720 Z=661.220), Max=(X=1551.417 Y=1886.077 Z=684.294) RuntimeGrid:None EditorOnly:0 RuntimeOnly:0 HLODRelevant:1 FolderPath:Block04 FolderGuid:D00C3F324D055BED943FA6B0235C7FA2
 |   |   |- [+] [ 27]
 |   |   |   |- Guid:016019FE436CA0B86074918482073301 BaseClass: NativeClass:/Script/Engine.StaticMeshActor Name:StaticMeshActor_UAID_049226BE3E3CD77C01_1854331955 Label:SM_Cube33 SpatiallyLoaded:1 Bounds:IsValid=true, Min=(X=-10459.097 Y=1599.686 Z=484.098), Max=(X=-10278.491 Y=1804.192 Z=525.907) RuntimeGrid:None EditorOnly:0 RuntimeOnly:0 HLODRelevant:1 FolderPath:Block04 FolderGuid:D00C3F324D055BED943FA6B0235C7FA2
 |   |   |- [+] [ 28]
 |   |   |   |- Guid:DA16ADB3486EE12391D8B0821E2FE4A7 BaseClass: NativeClass:/Script/Engine.StaticMeshActor Name:StaticMeshActor_UAID_049226BE3E3CA57A01_1749680041 Label:SM_Cube23 SpatiallyLoaded:1 Bounds:IsValid=true, Min=(X=1446.600 Y=1712.325 Z=621.875), Max=(X=1546.600 Y=1812.325 Z=688.544) RuntimeGrid:None EditorOnly:0 RuntimeOnly:0 HLODRelevant:1 FolderPath:Block04 FolderGuid:D00C3F324D055BED943FA6B0235C7FA2
 |   |   |- [+] [ 29]
 |   |   |   |- Guid:E5320C1B4FD9764CE7B54D8487AEC613 BaseClass: NativeClass:/Script/Engine.SkyLight Name:SkyLight_0 Label:SkyLight SpatiallyLoaded:0 Bounds:IsValid=true, Min=(X=0.000 Y=0.000 Z=690.000), Max=(X=0.000 Y=0.000 Z=690.000) RuntimeGrid:None EditorOnly:0 RuntimeOnly:0 HLODRelevant:0 FolderPath:Lighting FolderGuid:0BA5F0A04EADB18E70D5B180D08FA34B
 |   |   |- [+] [ 30]
 |   |   |   |- Guid:DDC8ACD540EBDC243D024EB4FFF2764F BaseClass: NativeClass:/Script/Engine.StaticMeshActor Name:StaticMeshActor_UAID_049226BE3E3CDE7C01_1258998207 Label:Torus3 SpatiallyLoaded:1 Bounds:IsValid=true, Min=(X=2377.116 Y=-1098.578 Z=-6.008), Max=(X=2527.116 Y=-948.578 Z=43.992) RuntimeGrid:None EditorOnly:0 RuntimeOnly:0 HLODRelevant:0
 |   |   |- [+] [ 31]
 |   |   |   |- Guid:F07F1AF64C7C7C238EE1B4BF8C122DD8 BaseClass: NativeClass:/Script/Engine.StaticMeshActor Name:StaticMeshActor_4 Label:SM_Cube3 SpatiallyLoaded:1 Bounds:IsValid=true, Min=(X=-15164.337 Y=2959.072 Z=-1731.005), Max=(X=-12438.436 Y=4977.751 Z=2352.499) RuntimeGrid:None EditorOnly:0 RuntimeOnly:0 HLODRelevant:1 FolderPath:Playground FolderGuid:6C02BB504B69D1F3D7A624B130C18E5B
 |   |   |- [+] [ 32]
 |   |   |   |- Guid:FD83521C447C1D16D37A94B59D07E575 BaseClass: NativeClass:/Script/Engine.StaticMeshActor Name:StaticMeshActor_UAID_049226BE3E3CD77C01_1850757953 Label:SM_Cube31 SpatiallyLoaded:1 Bounds:IsValid=true, Min=(X=-10372.662 Y=1749.395 Z=484.098), Max=(X=-10257.957 Y=1839.759 Z=699.767) RuntimeGrid:None EditorOnly:0 RuntimeOnly:0 HLODRelevant:1 FolderPath:Block04 FolderGuid:D00C3F324D055BED943FA6B0235C7FA2
 |   |   |- [+] [ 33]
 |   |   |   |- Guid:6FA76B5C44AF4973A80728A5B10C2469 BaseClass: NativeClass:/Script/Engine.StaticMeshActor Name:StaticMeshActor_UAID_049226BE3E3CE07C01_2024516571 Label:SM_Cube37 SpatiallyLoaded:1 Bounds:IsValid=true, Min=(X=-11440.149 Y=1532.363 Z=-77.021), Max=(X=-11261.065 Y=1589.799 Z=35.596) RuntimeGrid:None EditorOnly:0 RuntimeOnly:0 HLODRelevant:1 FolderPath:Block04 FolderGuid:D00C3F324D055BED943FA6B0235C7FA2
 |   |   |- [+] [ 34]
 |   |   |   |- Guid:B0B1A05343284D70031C5FB54679A4CB BaseClass: NativeClass:/Script/Engine.PointLight Name:PointLight_UAID_049226BE3E3CD77C01_1422215945 Label:PointLight2 SpatiallyLoaded:1 Bounds:IsValid=true, Min=(X=-14338.247 Y=-14157.444 Z=-15912.226), Max=(X=18429.753 Y=18610.556 Z=16855.774) RuntimeGrid:None EditorOnly:0 RuntimeOnly:0 HLODRelevant:0
 |   |   |- [+] [ 35]
 |   |   |   |- Guid:3AD9F7794F690DFFCFF17C8AE0E855D4 BaseClass: NativeClass:/Script/Engine.StaticMeshActor Name:StaticMeshActor_UAID_049226BE3E3C0E7F01_1957121740 Label:SM_Cube12 SpatiallyLoaded:1 Bounds:IsValid=true, Min=(X=-12114.411 Y=2048.845 Z=1320.263), Max=(X=-9796.052 Y=3128.517 Z=1420.263) RuntimeGrid:None EditorOnly:0 RuntimeOnly:0 HLODRelevant:1 FolderPath:Playground FolderGuid:6C02BB504B69D1F3D7A624B130C18E5B
 |   |   |- [+] [ 36]
 |   |   |   |- Guid:740DE88A49BAA6B57B4551A2AE9B249E BaseClass: NativeClass:/Script/Engine.StaticMeshActor Name:StaticMeshActor_UAID_049226BE3E3CA67A01_1522914230 Label:SM_Cube27 SpatiallyLoaded:1 Bounds:IsValid=true, Min=(X=1302.391 Y=1758.738 Z=0.566), Max=(X=1697.040 Y=1800.547 Z=43.719) RuntimeGrid:None EditorOnly:0 RuntimeOnly:0 HLODRelevant:1 FolderPath:Block04 FolderGuid:D00C3F324D055BED943FA6B0235C7FA2
 |   |   |- [+] [ 37]
 |   |   |   |- Guid:2F2D358046C2DAF15BDEB78ADC271EBE BaseClass: NativeClass:/Script/Engine.StaticMeshActor Name:StaticMeshActor_UAID_049226BE3E3CA57A01_2094687049 Label:SM_Heis SpatiallyLoaded:1 Bounds:IsValid=true, Min=(X=-1336.164 Y=1968.830 Z=-168.769), Max=(X=-1028.301 Y=2273.131 Z=556.673) RuntimeGrid:None EditorOnly:0 RuntimeOnly:0 HLODRelevant:1
 |   |   |- [+] [ 38]
 |   |   |   |- Guid:1690E46B4EA76D02574321AB13F0483B BaseClass: NativeClass:/Script/Engine.StaticMeshActor Name:StaticMeshActor_UAID_049226BE3E3CDE7C01_1238640206 Label:Cube2 SpatiallyLoaded:1 Bounds:IsValid=true, Min=(X=-17340.762 Y=-3293.045 Z=-200.000), Max=(X=3205.097 Y=5940.700 Z=500.000) RuntimeGrid:None EditorOnly:0 RuntimeOnly:0 HLODRelevant:0
 |   |   |- [+] [ 39]
 |   |   |   |- Guid:2D3C94B84A75575CC2E091937C3753B8 BaseClass: NativeClass:/Script/Engine.StaticMeshActor Name:StaticMeshActor_UAID_049226BE3E3C0F7F01_1136183920 Label:SM_Cube15 SpatiallyLoaded:1 Bounds:IsValid=true, Min=(X=-12287.733 Y=-110.721 Z=1320.263), Max=(X=-10781.456 Y=1768.310 Z=1420.263) RuntimeGrid:None EditorOnly:0 RuntimeOnly:0 HLODRelevant:1 FolderPath:Playground FolderGuid:6C02BB504B69D1F3D7A624B130C18E5B
 |   |   |- [+] [ 40]
 |   |   |   |- Guid:0E107238468F3E2CB6736D883D3AD6FC BaseClass: NativeClass:/Script/Engine.StaticMeshActor Name:StaticMeshActor_UAID_049226BE3E3CA57A01_1670186038 Label:SM_Cube20 SpatiallyLoaded:1 Bounds:IsValid=true, Min=(X=1446.600 Y=1608.720 Z=-36.629), Max=(X=1551.417 Y=1886.077 Z=669.098) RuntimeGrid:None EditorOnly:0 RuntimeOnly:0 HLODRelevant:1 FolderPath:Block04 FolderGuid:D00C3F324D055BED943FA6B0235C7FA2
 |   |   |- [+] [ 41]
 |   |   |   |- Guid:6BBC7C37415F00347086DCB202FBED74 BaseClass: NativeClass:/Script/Engine.StaticMeshActor Name:StaticMeshActor_UAID_049226BE3E3CA67A01_1669567234 Label:Sm_Heis_Frame SpatiallyLoaded:1 Bounds:IsValid=true, Min=(X=-1407.292 Y=1897.973 Z=-34.735), Max=(X=-957.011 Y=2348.254 Z=8.984) RuntimeGrid:None EditorOnly:0 RuntimeOnly:0 HLODRelevant:1
 |   |   |- [+] [ 42]
 |   |   |   |- Guid:637F964A419C92E9D4A04FAA2AC861A2 BaseClass: NativeClass:/Script/Engine.StaticMeshActor Name:StaticMeshActor_UAID_049226BE3E3CD77C01_1854329954 Label:SM_Cube32 SpatiallyLoaded:1 Bounds:IsValid=true, Min=(X=-10459.074 Y=1599.726 Z=657.300), Max=(X=-10278.468 Y=1804.232 Z=699.109) RuntimeGrid:None EditorOnly:0 RuntimeOnly:0 HLODRelevant:1 FolderPath:Block04 FolderGuid:D00C3F324D055BED943FA6B0235C7FA2
 |   |   |- [+] [ 43]
 |   |   |   |- Guid:A354B1B24E617A525DC6B48CCDE2417E BaseClass: NativeClass:/Script/Engine.PlayerStart Name:PlayerStart_0 Label:PlayerStart SpatiallyLoaded:0 Bounds:IsValid=true, Min=(X=-1421.368 Y=1509.852 Z=27.179), Max=(X=-1341.368 Y=1589.852 Z=211.179) RuntimeGrid:None EditorOnly:0 RuntimeOnly:0 HLODRelevant:0
 |   |   |- [+] [ 44]
 |   |   |   |- Guid:5F29E9DF4426B88687A7619D41BC2571 BaseClass: NativeClass:/Script/Engine.StaticMeshActor Name:StaticMeshActor_UAID_049226BE3E3CD77C01_1816145950 Label:SM_Cube28 SpatiallyLoaded:1 Bounds:IsValid=true, Min=(X=-10416.365 Y=1673.700 Z=-199.020), Max=(X=-10301.660 Y=1764.064 Z=506.707) RuntimeGrid:None EditorOnly:0 RuntimeOnly:0 HLODRelevant:1 FolderPath:Block04 FolderGuid:D00C3F324D055BED943FA6B0235C7FA2
 |   |   |- [+] [ 45]
 |   |   |   |- Guid:845F5DCC45FA513F8F244B89ABC3B8AB BaseClass: NativeClass:/Script/Engine.StaticMeshActor Name:StaticMeshActor_UAID_049226BE3E3CD77C01_1840983952 Label:SM_Cube30 SpatiallyLoaded:1 Bounds:IsValid=true, Min=(X=-10460.050 Y=1598.035 Z=484.098), Max=(X=-10345.345 Y=1688.398 Z=657.708) RuntimeGrid:None EditorOnly:0 RuntimeOnly:0 HLODRelevant:1 FolderPath:Block04 FolderGuid:D00C3F324D055BED943FA6B0235C7FA2
 |   |   |- [+] [ 46]
 |   |   |   |- Guid:F6D352F34B0088A61FB0B3B9354E2447 BaseClass: NativeClass:/Script/Engine.StaticMeshActor Name:StaticMeshActor_UAID_049226BE3E3CA57A01_1617979035 Label:SM_QuarterCylinder17 SpatiallyLoaded:1 Bounds:IsValid=true, Min=(X=1551.016 Y=1798.068 Z=-36.629), Max=(X=1651.017 Y=1898.068 Z=669.098) RuntimeGrid:None EditorOnly:0 RuntimeOnly:0 HLODRelevant:1 FolderPath:Block02 FolderGuid:275232DB4A90E8B2799B29BD69C59B9E
 |   |   |- [+] [ 47]
 |   |   |   |- Guid:0EDB289B45CB7E0977A6DBA74201EE76 BaseClass: NativeClass:/Script/Engine.StaticMeshActor Name:StaticMeshActor_10 Label:SM_Cube6 SpatiallyLoaded:1 Bounds:IsValid=true, Min=(X=-15157.717 Y=-106.751 Z=-1731.005), Max=(X=-14042.855 Y=3062.637 Z=2352.499) RuntimeGrid:None EditorOnly:0 RuntimeOnly:0 HLODRelevant:1 FolderPath:Playground FolderGuid:6C02BB504B69D1F3D7A624B130C18E5B
 |   |   |- [+] [ 48]
 |   |   |   |- Guid:97A1C4CF41D3B9D00E1C468CFBBAC911 BaseClass: NativeClass:/Script/Engine.StaticMeshActor Name:StaticMeshActor_UAID_049226BE3E3C0E7F01_1889281736 Label:SM_Cube8 SpatiallyLoaded:1 Bounds:IsValid=true, Min=(X=-15164.337 Y=2878.170 Z=1320.263), Max=(X=-12379.658 Y=4977.751 Z=1420.263) RuntimeGrid:None EditorOnly:0 RuntimeOnly:0 HLODRelevant:1 FolderPath:Playground FolderGuid:6C02BB504B69D1F3D7A624B130C18E5B
 |   |   |- [+] [ 49]
 |   |   |   |- Guid:6FD404AA4B1DC95B1EA349A1D2DB1A72 BaseClass: NativeClass:/Script/Engine.StaticMeshActor Name:StaticMeshActor_UAID_049226BE3E3CA67A01_1435876228 Label:SM_Cube26 SpatiallyLoaded:1 Bounds:IsValid=true, Min=(X=1474.750 Y=1573.349 Z=0.566), Max=(X=1516.559 Y=1967.999 Z=43.719) RuntimeGrid:None EditorOnly:0 RuntimeOnly:0 HLODRelevant:1 FolderPath:Block04 FolderGuid:D00C3F324D055BED943FA6B0235C7FA2
 |   |   |- [+] [ 50]
 |   |   |   |- Guid:A3B74D354F3C8CA2D40D56A3F31C5666 BaseClass: NativeClass:/Script/Engine.StaticMeshActor Name:StaticMeshActor_UAID_049226BE3E3CE07C01_2024514569 Label:SM_Cube35 SpatiallyLoaded:1 Bounds:IsValid=true, Min=(X=-11425.005 Y=1702.824 Z=-79.487), Max=(X=-11204.032 Y=1763.912 Z=34.093) RuntimeGrid:None EditorOnly:0 RuntimeOnly:0 HLODRelevant:1 FolderPath:Block04 FolderGuid:D00C3F324D055BED943FA6B0235C7FA2
 |   |   |- [+] [ 51]
 |   |   |   |- Guid:3231F3D04DD5299CC55645BBD7DB7926 BaseClass: NativeClass:/Script/Engine.PointLight Name:PointLight_UAID_049226BE3E3CD77C01_1414155944 Label:PointLight SpatiallyLoaded:1 Bounds:IsValid=true, Min=(X=-14338.247 Y=-15559.822 Z=-15912.226), Max=(X=18429.753 Y=17208.178 Z=16855.774) RuntimeGrid:None EditorOnly:0 RuntimeOnly:0 HLODRelevant:0
 |   |   |- [+] [ 52]
 |   |   |   |- Guid:E4D27D9947ABC6EF7C032D99A45F01B7 BaseClass: NativeClass:/Script/Engine.StaticMeshActor Name:StaticMeshActor_UAID_049226BE3E3CD77C01_1828798951 Label:SM_Cube29 SpatiallyLoaded:1 Bounds:IsValid=true, Min=(X=1691.626 Y=1739.300 Z=-83.850), Max=(X=2898.118 Y=1781.109 Z=24.462) RuntimeGrid:None EditorOnly:0 RuntimeOnly:0 HLODRelevant:1 FolderPath:Block04 FolderGuid:D00C3F324D055BED943FA6B0235C7FA2
 |   |   |- [+] [ 53]
 |   |   |   |- Guid:ADDE0CD145A212867ABF7797A9F8C61B BaseClass: NativeClass:/Script/Engine.StaticMeshActor Name:StaticMeshActor_UAID_049226BE3E3C0E7F01_1889279735 Label:SM_Cube4 SpatiallyLoaded:1 Bounds:IsValid=true, Min=(X=-12577.740 Y=2823.944 Z=1320.263), Max=(X=-9813.654 Y=4908.563 Z=1420.263) RuntimeGrid:None EditorOnly:0 RuntimeOnly:0 HLODRelevant:1 FolderPath:Playground FolderGuid:6C02BB504B69D1F3D7A624B130C18E5B
 |   |   |- [+] [ 54]
 |   |   |   |- Guid:C22CE07C4B87D685137FDBBC10FC92C6 BaseClass: NativeClass:/Script/Engine.SkyAtmosphere Name:SkyAtmosphere_0 Label:SkyAtmosphere SpatiallyLoaded:0 Bounds:IsValid=true, Min=(X=0.000 Y=0.000 Z=1020.000), Max=(X=0.000 Y=0.000 Z=1020.000) RuntimeGrid:None EditorOnly:0 RuntimeOnly:0 HLODRelevant:0 FolderPath:Lighting FolderGuid:0BA5F0A04EADB18E70D5B180D08FA34B
 |   |   |- [+] [ 55]
 |   |   |   |- Guid:6FEFB3BD4EB37B849EF0D4AC80F83855 BaseClass: NativeClass:/Script/Engine.WorldDataLayers Name:WorldDataLayers Label:WorldDataLayers SpatiallyLoaded:0 Bounds:IsValid=true, Min=(X=0.000 Y=0.000 Z=0.000), Max=(X=0.000 Y=0.000 Z=0.000) RuntimeGrid:None EditorOnly:0 RuntimeOnly:0 HLODRelevant:0
 |   |   |- [+] [ 56]
 |   |   |   |- Guid:686E705945191863BBD2DF9E09A3DF6C BaseClass: NativeClass:/Script/Engine.StaticMeshActor Name:StaticMeshActor_UAID_049226BE3E3CA57A01_1614440032 Label:SM_QuarterCylinder15 SpatiallyLoaded:1 Bounds:IsValid=true, Min=(X=1349.881 Y=1600.000 Z=-36.629), Max=(X=1449.881 Y=1700.000 Z=669.098) RuntimeGrid:None EditorOnly:0 RuntimeOnly:0 HLODRelevant:1 FolderPath:Block02 FolderGuid:275232DB4A90E8B2799B29BD69C59B9E
 |   |   |- [+] [ 57]
 |   |   |   |- Guid:3CE8C2104F3AF5D5AC22B7B13560C21D BaseClass: NativeClass:/Script/Engine.StaticMeshActor Name:StaticMeshActor_UAID_049226BE3E3C0E7F01_2046369742 Label:SM_Cube14 SpatiallyLoaded:1 Bounds:IsValid=true, Min=(X=-12600.648 Y=2580.619 Z=1320.263), Max=(X=-12400.648 Y=4977.094 Z=1420.263) RuntimeGrid:None EditorOnly:0 RuntimeOnly:0 HLODRelevant:1 FolderPath:Playground FolderGuid:6C02BB504B69D1F3D7A624B130C18E5B
 |   |   |- [+] [ 58]
 |   |   |   |- Guid:656B7D694FAB60DF6ECC2DA185EA0C8D BaseClass: NativeClass:/Script/Engine.StaticMeshActor Name:StaticMeshActor_UAID_049226BE3E3CA57A01_1614437031 Label:SM_Cube17 SpatiallyLoaded:1 Bounds:IsValid=true, Min=(X=1349.881 Y=1700.000 Z=-36.629), Max=(X=1449.881 Y=1800.000 Z=669.098) RuntimeGrid:None EditorOnly:0 RuntimeOnly:0 HLODRelevant:1 FolderPath:Block02 FolderGuid:275232DB4A90E8B2799B29BD69C59B9E
 |   |   |- [+] [ 59]
 |   |   |   |- Guid:8FA898DA404775E7204C0681C32F30A6 BaseClass: NativeClass:/Script/Engine.StaticMeshActor Name:StaticMeshActor_UAID_049226BE3E3CDC7C01_2146695823 Label:SM_Cube7 SpatiallyLoaded:1 Bounds:IsValid=true, Min=(X=-14137.176 Y=-104.108 Z=-1731.005), Max=(X=-10837.176 Y=-4.108 Z=2352.499) RuntimeGrid:None EditorOnly:0 RuntimeOnly:0 HLODRelevant:1 FolderPath:Playground FolderGuid:6C02BB504B69D1F3D7A624B130C18E5B
 |   |   |- [+] [ 60]
 |   |   |   |- Guid:CE8D82634660FCDB3120E2B8D547C533 BaseClass: NativeClass:/Script/Engine.PostProcessVolume Name:PostProcessVolume_0 Label:PostProcessVolume SpatiallyLoaded:0 Bounds:IsValid=true, Min=(X=0.000 Y=0.000 Z=400.000), Max=(X=200.000 Y=200.000 Z=600.000) RuntimeGrid:None EditorOnly:0 RuntimeOnly:0 HLODRelevant:0 FolderPath:Lighting FolderGuid:0BA5F0A04EADB18E70D5B180D08FA34B
 |   |   |- [+] [ 61]
 |   |   |   |- Guid:8559D1384B14F466E8927697A36C1D78 BaseClass: NativeClass:/Script/Engine.StaticMeshActor Name:StaticMeshActor_9 Label:SM_Cube5 SpatiallyLoaded:1 Bounds:IsValid=true, Min=(X=-10932.271 Y=-124.865 Z=-1731.005), Max=(X=-9817.409 Y=3044.523 Z=2352.499) RuntimeGrid:None EditorOnly:0 RuntimeOnly:0 HLODRelevant:1 FolderPath:Playground FolderGuid:6C02BB504B69D1F3D7A624B130C18E5B
 |   |   |- [+] [ 62]
 |   |   |   |- Guid:D6B39EB843F87BBF06115691D3AFEFCD BaseClass: NativeClass:/Script/Engine.StaticMeshActor Name:StaticMeshActor_UAID_049226BE3E3C0E7F01_1889282737 Label:SM_Cube9 SpatiallyLoaded:1 Bounds:IsValid=true, Min=(X=-15157.717 Y=-106.751 Z=1320.263), Max=(X=-13947.750 Y=3093.539 Z=1420.263) RuntimeGrid:None EditorOnly:0 RuntimeOnly:0 HLODRelevant:1 FolderPath:Playground FolderGuid:6C02BB504B69D1F3D7A624B130C18E5B
 |   |   |- [+] [ 63]
 |   |   |   |- Guid:9A6FB5BA4C7FA4D2524E4490B900C87C BaseClass:/Game/Blueprints/BP_TargetSpawner2.BP_TargetSpawner2_C NativeClass:/Script/Engine.Actor Name:BP_TargetSpawner2_C_UAID_049226BE3E3CDE7C01_1472260211 Label:BP_TargetSpawner3 SpatiallyLoaded:1 Bounds:IsValid=true, Min=(X=-1568.007 Y=1831.270 Z=51.502), Max=(X=-1468.007 Y=1931.270 Z=151.502) RuntimeGrid:None EditorOnly:0 RuntimeOnly:0 HLODRelevant:0
 |- ContainerInstances:
 |- [+] MainContainer:
 |   |-        ID: 0x0000000000000000
 |   |-    Bounds: IsValid=false, Min=(X=0.000 Y=0.000 Z=0.000), Max=(X=0.000 Y=0.000 Z=0.000)
 |   |- Transform: 0.000000,0.000000,0.000000|0.000000,0.000000,-0.000000|1.000000,1.000000,1.000000
 |   |- Container: /Game/FirstPerson/Maps/FirstPersonMap
----------------------------------------------------------------------------------------------------------------
FirstPersonMap - Persistent Level
----------------------------------------------------------------------------------------------------------------
Always loaded Actor Count: 73 

----------------------------------------------------------------------------------------------------------------
FirstPersonMap - Runtime Spatial Hash - Streaming Grid - MainGrid
----------------------------------------------------------------------------------------------------------------
            Origin: X=0.000 Y=0.000 Z=0.000
         Cell Size: 12800
      World Bounds: IsValid=false, Min=(X=0.000 Y=0.000 Z=0.000), Max=(X=0.000 Y=0.000 Z=0.000)
     Loading Range: 25600.00
Block Slow Loading: No
 ClientOnlyVisible: No

[+] Grid Levels: 1
 |- Level  0: Cell Count    0 | Cell Size   12800 | Actor Count    0 (0.0%)

[+] Content of Grid Level 0

