[+] Containers:
 |- [+] Container: /Game/FirstPerson/Maps/FirstPersonMap
 |   |- [+] ActorDescs:
 |   |   |- Guid:047A79924B577C934695379C8917A4EA BaseClass:/Game/Blueprints/BP_Bombe.BP_Bombe_C NativeClass:/Script/Engine.Actor Name:BP_Bombe_C_UAID_049226BE3E3CAA7A01_2090666917 Label:BP_Bombe5 SpatiallyLoaded:1 Bounds:IsValid=true, Min=(X=2191.057 Y=1051.298 Z=24.373), Max=(X=2291.057 Y=1151.298 Z=124.373) RuntimeGrid:None EditorOnly:0 RuntimeOnly:0 HLODRelevant:0
 |   |   |- Guid:0697BB0A4285E4CFD9A3E886AB5223BB BaseClass: NativeClass:/Script/Engine.StaticMeshActor Name:StaticMeshActor_UAID_049226BE3E3CA57A01_1896943044 Label:SM_QuarterCylinder20 SpatiallyLoaded:1 Bounds:IsValid=true, Min=(X=1349.881 Y=1800.000 Z=661.220), Max=(X=1449.881 Y=1900.000 Z=684.294) RuntimeGrid:None EditorOnly:0 RuntimeOnly:0 HLODRelevant:1 FolderPath:Block02 FolderGuid:275232DB4A90E8B2799B29BD69C59B9E
 |   |   |- Guid:0B109E5C47C68041D941FFB81C48EC78 BaseClass: NativeClass:/Script/Engine.StaticMeshActor Name:StaticMeshActor_UAID_049226BE3E3CA57A01_1896947048 Label:SM_Cube25 SpatiallyLoaded:1 Bounds:IsValid=true, Min=(X=1446.600 Y=1608.720 Z=661.220), Max=(X=1551.417 Y=1886.077 Z=684.294) RuntimeGrid:None EditorOnly:0 RuntimeOnly:0 HLODRelevant:1 FolderPath:Block04 FolderGuid:D00C3F324D055BED943FA6B0235C7FA2
 |   |   |- Guid:0E107238468F3E2CB6736D883D3AD6FC BaseClass: NativeClass:/Script/Engine.StaticMeshActor Name:StaticMeshActor_UAID_049226BE3E3CA57A01_1670186038 Label:SM_Cube20 SpatiallyLoaded:1 Bounds:IsValid=true, Min=(X=1446.600 Y=1608.720 Z=-36.629), Max=(X=1551.417 Y=1886.077 Z=669.098) RuntimeGrid:None EditorOnly:0 RuntimeOnly:0 HLODRelevant:1 FolderPath:Block04 FolderGuid:D00C3F324D055BED943FA6B0235C7FA2
 |   |   |- Guid:0EDB289B45CB7E0977A6DBA74201EE76 BaseClass: NativeClass:/Script/Engine.StaticMeshActor Name:StaticMeshActor_10 Label:SM_Cube6 SpatiallyLoaded:1 Bounds:IsValid=true, Min=(X=2900.000 Y=100.000 Z=0.000), Max=(X=3000.000 Y=3400.000 Z=1480.907) RuntimeGrid:None EditorOnly:0 RuntimeOnly:0 HLODRelevant:1 FolderPath:Playground FolderGuid:6C02BB504B69D1F3D7A624B130C18E5B
 |   |   |- Guid:18139B884132AFFF34BB778C280C6074 BaseClass: NativeClass:/Script/Engine.StaticMeshActor Name:StaticMeshActor_UAID_049226BE3E3CA57A01_1697048039 Label:SM_Cube21 SpatiallyLoaded:1 Bounds:IsValid=true, Min=(X=1475.589 Y=1601.871 Z=-16.914), Max=(X=1517.398 Y=1902.369 Z=688.813) RuntimeGrid:None EditorOnly:0 RuntimeOnly:0 HLODRelevant:1 FolderPath:Block04 FolderGuid:D00C3F324D055BED943FA6B0235C7FA2
 |   |   |- Guid:1F0E08A04397259D2CD3A9922CF92DD1 BaseClass: NativeClass:/Script/Engine.StaticMeshActor Name:StaticMeshActor_UAID_049226BE3E3CA57A01_1614441033 Label:SM_QuarterCylinder16 SpatiallyLoaded:1 Bounds:IsValid=true, Min=(X=1349.881 Y=1800.000 Z=-36.629), Max=(X=1449.881 Y=1900.000 Z=669.098) RuntimeGrid:None EditorOnly:0 RuntimeOnly:0 HLODRelevant:1 FolderPath:Block02 FolderGuid:275232DB4A90E8B2799B29BD69C59B9E
 |   |   |- Guid:21262252453B37957EF29F82ABA2413B BaseClass: NativeClass:/Script/Engine.TextRenderActor Name:TextRenderActor_1 Label:TextRenderActor SpatiallyLoaded:1 Bounds:IsValid=true, Min=(X=-0.100 Y=1100.000 Z=65.013), Max=(X=-0.100 Y=2363.461 Z=215.013) RuntimeGrid:None EditorOnly:0 RuntimeOnly:0 HLODRelevant:0
 |   |   |- Guid:2F2D358046C2DAF15BDEB78ADC271EBE BaseClass: NativeClass:/Script/Engine.StaticMeshActor Name:StaticMeshActor_UAID_049226BE3E3CA57A01_2094687049 Label:SM_Heis SpatiallyLoaded:1 Bounds:IsValid=true, Min=(X=-1180.566 Y=1617.519 Z=-87.044), Max=(X=-872.703 Y=1921.820 Z=638.398) RuntimeGrid:None EditorOnly:0 RuntimeOnly:0 HLODRelevant:1
 |   |   |- Guid:5FE7584649BB6F09265329A6C57CFD0D BaseClass: NativeClass:/Script/Engine.VolumetricCloud Name:VolumetricCloud_0 Label:VolumetricCloud SpatiallyLoaded:0 Bounds:IsValid=true, Min=(X=0.000 Y=0.000 Z=820.000), Max=(X=0.000 Y=0.000 Z=820.000) RuntimeGrid:None EditorOnly:0 RuntimeOnly:0 HLODRelevant:0 FolderPath:Lighting FolderGuid:0BA5F0A04EADB18E70D5B180D08FA34B
 |   |   |- Guid:61391D344900612A77DFC3BA3E354907 BaseClass: NativeClass:/Script/Engine.ExponentialHeightFog Name:ExponentialHeightFog_0 Label:ExponentialHeightFog SpatiallyLoaded:0 Bounds:IsValid=true, Min=(X=-5600.000 Y=-50.000 Z=-6850.000), Max=(X=-5600.000 Y=-50.000 Z=-6850.000) RuntimeGrid:None EditorOnly:0 RuntimeOnly:0 HLODRelevant:0 FolderPath:Lighting FolderGuid:0BA5F0A04EADB18E70D5B180D08FA34B
 |   |   |- Guid:6294D75349FF23333A1A0C9455482CC7 BaseClass:/Game/Blueprints/BP_Bombe.BP_Bombe_C NativeClass:/Script/Engine.Actor Name:BP_Bombe_C_UAID_049226BE3E3CAA7A01_2093810919 Label:BP_Bombe7 SpatiallyLoaded:1 Bounds:IsValid=true, Min=(X=1575.108 Y=1051.298 Z=24.373), Max=(X=1675.108 Y=1151.298 Z=124.373) RuntimeGrid:None EditorOnly:0 RuntimeOnly:0 HLODRelevant:0
 |   |   |- Guid:656B7D694FAB60DF6ECC2DA185EA0C8D BaseClass: NativeClass:/Script/Engine.StaticMeshActor Name:StaticMeshActor_UAID_049226BE3E3CA57A01_1614437031 Label:SM_Cube17 SpatiallyLoaded:1 Bounds:IsValid=true, Min=(X=1349.881 Y=1700.000 Z=-36.629), Max=(X=1449.881 Y=1800.000 Z=669.098) RuntimeGrid:None EditorOnly:0 RuntimeOnly:0 HLODRelevant:1 FolderPath:Block02 FolderGuid:275232DB4A90E8B2799B29BD69C59B9E
 |   |   |- Guid:686E705945191863BBD2DF9E09A3DF6C BaseClass: NativeClass:/Script/Engine.StaticMeshActor Name:StaticMeshActor_UAID_049226BE3E3CA57A01_1614440032 Label:SM_QuarterCylinder15 SpatiallyLoaded:1 Bounds:IsValid=true, Min=(X=1349.881 Y=1600.000 Z=-36.629), Max=(X=1449.881 Y=1700.000 Z=669.098) RuntimeGrid:None EditorOnly:0 RuntimeOnly:0 HLODRelevant:1 FolderPath:Block02 FolderGuid:275232DB4A90E8B2799B29BD69C59B9E
 |   |   |- Guid:6BBC7C37415F00347086DCB202FBED74 BaseClass: NativeClass:/Script/Engine.StaticMeshActor Name:StaticMeshActor_UAID_049226BE3E3CA67A01_1669567234 Label:Sm_Heis_Frame SpatiallyLoaded:1 Bounds:IsValid=true, Min=(X=-1251.693 Y=1546.663 Z=533.914), Max=(X=-801.413 Y=1996.943 Z=577.633) RuntimeGrid:None EditorOnly:0 RuntimeOnly:0 HLODRelevant:1
 |   |   |- Guid:6FD404AA4B1DC95B1EA349A1D2DB1A72 BaseClass: NativeClass:/Script/Engine.StaticMeshActor Name:StaticMeshActor_UAID_049226BE3E3CA67A01_1435876228 Label:SM_Cube26 SpatiallyLoaded:1 Bounds:IsValid=true, Min=(X=1474.750 Y=1573.349 Z=0.566), Max=(X=1516.559 Y=1967.999 Z=43.719) RuntimeGrid:None EditorOnly:0 RuntimeOnly:0 HLODRelevant:1 FolderPath:Block04 FolderGuid:D00C3F324D055BED943FA6B0235C7FA2
 |   |   |- Guid:6FEFB3BD4EB37B849EF0D4AC80F83855 BaseClass: NativeClass:/Script/Engine.WorldDataLayers Name:WorldDataLayers Label:WorldDataLayers SpatiallyLoaded:0 Bounds:IsValid=true, Min=(X=0.000 Y=0.000 Z=0.000), Max=(X=0.000 Y=0.000 Z=0.000) RuntimeGrid:None EditorOnly:0 RuntimeOnly:0 HLODRelevant:0
 |   |   |- Guid:740DE88A49BAA6B57B4551A2AE9B249E BaseClass: NativeClass:/Script/Engine.StaticMeshActor Name:StaticMeshActor_UAID_049226BE3E3CA67A01_1522914230 Label:SM_Cube27 SpatiallyLoaded:1 Bounds:IsValid=true, Min=(X=1302.391 Y=1758.738 Z=0.566), Max=(X=1697.040 Y=1800.547 Z=43.719) RuntimeGrid:None EditorOnly:0 RuntimeOnly:0 HLODRelevant:1 FolderPath:Block04 FolderGuid:D00C3F324D055BED943FA6B0235C7FA2
 |   |   |- Guid:741093D3463A8EDF9DBFB1A666D66F73 BaseClass:/Game/Blueprints/BP_Bombe.BP_Bombe_C NativeClass:/Script/Engine.Actor Name:BP_Bombe_C_UAID_049226BE3E3CAA7A01_2092966918 Label:BP_Bombe6 SpatiallyLoaded:1 Bounds:IsValid=true, Min=(X=1901.172 Y=1051.298 Z=24.373), Max=(X=2001.172 Y=1151.298 Z=124.373) RuntimeGrid:None EditorOnly:0 RuntimeOnly:0 HLODRelevant:0
 |   |   |- Guid:76F3ACD24C22F256F6385A96A9298D9C BaseClass: NativeClass:/Script/Engine.StaticMeshActor Name:StaticMeshActor_UAID_049226BE3E3CA57A01_1896942043 Label:SM_QuarterCylinder19 SpatiallyLoaded:1 Bounds:IsValid=true, Min=(X=1349.881 Y=1600.000 Z=661.220), Max=(X=1449.881 Y=1700.000 Z=684.294) RuntimeGrid:None EditorOnly:0 RuntimeOnly:0 HLODRelevant:1 FolderPath:Block02 FolderGuid:275232DB4A90E8B2799B29BD69C59B9E
 |   |   |- Guid:78CAF7514C7533F30BD2F19A017AAB65 BaseClass: NativeClass:/Script/Engine.StaticMeshActor Name:StaticMeshActor_0 Label:SM_Cube SpatiallyLoaded:1 Bounds:IsValid=true, Min=(X=0.000 Y=0.000 Z=-50.000), Max=(X=3000.000 Y=3500.000 Z=0.000) RuntimeGrid:None EditorOnly:0 RuntimeOnly:0 HLODRelevant:1 FolderPath:Playground FolderGuid:6C02BB504B69D1F3D7A624B130C18E5B
 |   |   |- Guid:7CCC7C52447F45D5C6A2A48F78BA700D BaseClass:/Game/Blueprints/BP_Bombe.BP_Bombe_C NativeClass:/Script/Engine.Actor Name:BP_Bombe_C_UAID_049226BE3E3CAA7A01_2089302915 Label:BP_Bombe3 SpatiallyLoaded:1 Bounds:IsValid=true, Min=(X=1954.883 Y=911.103 Z=24.373), Max=(X=2054.883 Y=1011.103 Z=124.373) RuntimeGrid:None EditorOnly:0 RuntimeOnly:0 HLODRelevant:0
 |   |   |- Guid:84359A834BB1BF17A4B87E9D0BF8A44B BaseClass: NativeClass:/Script/Engine.StaticMeshActor Name:StaticMeshActor_UAID_049226BE3E3CA57A01_1617978034 Label:SM_Cube18 SpatiallyLoaded:1 Bounds:IsValid=true, Min=(X=1551.017 Y=1698.068 Z=-36.629), Max=(X=1651.017 Y=1798.068 Z=669.098) RuntimeGrid:None EditorOnly:0 RuntimeOnly:0 HLODRelevant:1 FolderPath:Block02 FolderGuid:275232DB4A90E8B2799B29BD69C59B9E
 |   |   |- Guid:8559D1384B14F466E8927697A36C1D78 BaseClass: NativeClass:/Script/Engine.StaticMeshActor Name:StaticMeshActor_9 Label:SM_Cube5 SpatiallyLoaded:1 Bounds:IsValid=true, Min=(X=-0.000 Y=100.000 Z=0.000), Max=(X=100.000 Y=3400.000 Z=1480.907) RuntimeGrid:None EditorOnly:0 RuntimeOnly:0 HLODRelevant:1 FolderPath:Playground FolderGuid:6C02BB504B69D1F3D7A624B130C18E5B
 |   |   |- Guid:8967DC644696AF7DD00A2FAD62F2F5BC BaseClass:/Game/Blueprints/BP_Bombe.BP_Bombe_C NativeClass:/Script/Engine.Actor Name:BP_Bombe_C_UAID_049226BE3E3CAA7A01_2089914916 Label:BP_Bombe4 SpatiallyLoaded:1 Bounds:IsValid=true, Min=(X=2191.057 Y=911.103 Z=24.373), Max=(X=2291.057 Y=1011.103 Z=124.373) RuntimeGrid:None EditorOnly:0 RuntimeOnly:0 HLODRelevant:0
 |   |   |- Guid:9050C6A64D81A7F573AD72872053341B BaseClass: NativeClass:/Script/Engine.StaticMeshActor Name:StaticMeshActor_UAID_049226BE3E3CA57A01_1717827040 Label:SM_Cube22 SpatiallyLoaded:1 Bounds:IsValid=true, Min=(X=1345.360 Y=1739.300 Z=-16.914), Max=(X=1653.223 Y=1781.109 Z=688.813) RuntimeGrid:None EditorOnly:0 RuntimeOnly:0 HLODRelevant:1 FolderPath:Block04 FolderGuid:D00C3F324D055BED943FA6B0235C7FA2
 |   |   |- Guid:90B7B8D3420C2EABA931D3A6A69DF696 BaseClass: NativeClass:/Script/Engine.StaticMeshActor Name:StaticMeshActor_3 Label:SM_Cube2 SpatiallyLoaded:1 Bounds:IsValid=true, Min=(X=0.000 Y=0.000 Z=0.000), Max=(X=3000.000 Y=100.000 Z=1480.907) RuntimeGrid:None EditorOnly:0 RuntimeOnly:0 HLODRelevant:1 FolderPath:Playground FolderGuid:6C02BB504B69D1F3D7A624B130C18E5B
 |   |   |- Guid:9844493143B581FFF5E5D7A22DC9641A BaseClass:/Game/Blueprints/BP_Bombe.BP_Bombe_C NativeClass:/Script/Engine.Actor Name:BP_Bombe_C_UAID_049226BE3E3CAA7A01_2086435913 Label:BP_Bombe SpatiallyLoaded:1 Bounds:IsValid=true, Min=(X=1508.738 Y=911.103 Z=24.373), Max=(X=1608.738 Y=1011.103 Z=124.373) RuntimeGrid:None EditorOnly:0 RuntimeOnly:0 HLODRelevant:0
 |   |   |- Guid:9F0FAC93493281B28C2D4EBDF175DAFB BaseClass: NativeClass:/Script/Engine.StaticMeshActor Name:StaticMeshActor_UAID_049226BE3E3CA57A01_1896946047 Label:SM_QuarterCylinder22 SpatiallyLoaded:1 Bounds:IsValid=true, Min=(X=1551.017 Y=1598.068 Z=661.220), Max=(X=1651.017 Y=1698.068 Z=684.294) RuntimeGrid:None EditorOnly:0 RuntimeOnly:0 HLODRelevant:1 FolderPath:Block02 FolderGuid:275232DB4A90E8B2799B29BD69C59B9E
 |   |   |- Guid:A354B1B24E617A525DC6B48CCDE2417E BaseClass: NativeClass:/Script/Engine.PlayerStart Name:PlayerStart_0 Label:PlayerStart SpatiallyLoaded:0 Bounds:IsValid=true, Min=(X=860.000 Y=810.000 Z=0.013), Max=(X=940.000 Y=890.000 Z=184.013) RuntimeGrid:None EditorOnly:0 RuntimeOnly:0 HLODRelevant:0
 |   |   |- Guid:AC3C69934B15F52B71BF69B3EF8F23D6 BaseClass:/Game/Blueprints/BP_Bombe.BP_Bombe_C NativeClass:/Script/Engine.Actor Name:BP_Bombe_C_UAID_049226BE3E3CAB7A01_1149963097 Label:BP_Bombe9 SpatiallyLoaded:1 Bounds:IsValid=true, Min=(X=1121.063 Y=1103.250 Z=0.533), Max=(X=1221.063 Y=1203.250 Z=100.533) RuntimeGrid:None EditorOnly:0 RuntimeOnly:0 HLODRelevant:0
 |   |   |- Guid:B19AA56648C3D04EA08BB9B66F4ACA4B BaseClass: NativeClass:/Script/Engine.StaticMeshActor Name:StaticMeshActor_UAID_049226BE3E3CA57A01_1896939042 Label:SM_Cube19 SpatiallyLoaded:1 Bounds:IsValid=true, Min=(X=1349.881 Y=1700.000 Z=661.220), Max=(X=1449.881 Y=1800.000 Z=684.294) RuntimeGrid:None EditorOnly:0 RuntimeOnly:0 HLODRelevant:1 FolderPath:Block02 FolderGuid:275232DB4A90E8B2799B29BD69C59B9E
 |   |   |- Guid:BAC430324CF0EEC154CBD98A7D3804AF BaseClass: NativeClass:/Script/Engine.StaticMeshActor Name:StaticMeshActor_UAID_049226BE3E3CA57A01_1896945046 Label:SM_QuarterCylinder21 SpatiallyLoaded:1 Bounds:IsValid=true, Min=(X=1551.017 Y=1798.068 Z=661.220), Max=(X=1651.017 Y=1898.068 Z=684.294) RuntimeGrid:None EditorOnly:0 RuntimeOnly:0 HLODRelevant:1 FolderPath:Block02 FolderGuid:275232DB4A90E8B2799B29BD69C59B9E
 |   |   |- Guid:C042AC2B4D9FC3742F86D5B206539860 BaseClass:/Game/Blueprints/BP_Bombe.BP_Bombe_C NativeClass:/Script/Engine.Actor Name:BP_Bombe_C_UAID_049226BE3E3CAA7A01_2088631914 Label:BP_Bombe2 SpatiallyLoaded:1 Bounds:IsValid=true, Min=(X=1730.772 Y=911.103 Z=24.373), Max=(X=1830.772 Y=1011.103 Z=124.373) RuntimeGrid:None EditorOnly:0 RuntimeOnly:0 HLODRelevant:0
 |   |   |- Guid:C0C56B9644AE3D40CAFF6A878DB29844 BaseClass: NativeClass:/Script/Engine.StaticMeshActor Name:StaticMeshActor_UAID_A4AE111137DC5EFB00_2001720423 Label:SM_SkySphere SpatiallyLoaded:0 Bounds:IsValid=true, Min=(X=-1638400.000 Y=-1638400.000 Z=-1638400.000), Max=(X=1638400.000 Y=1638400.000 Z=1638400.000) RuntimeGrid:None EditorOnly:0 RuntimeOnly:0 HLODRelevant:1 FolderPath:Lighting FolderGuid:0BA5F0A04EADB18E70D5B180D08FA34B
 |   |   |- Guid:C22CE07C4B87D685137FDBBC10FC92C6 BaseClass: NativeClass:/Script/Engine.SkyAtmosphere Name:SkyAtmosphere_0 Label:SkyAtmosphere SpatiallyLoaded:0 Bounds:IsValid=true, Min=(X=0.000 Y=0.000 Z=1020.000), Max=(X=0.000 Y=0.000 Z=1020.000) RuntimeGrid:None EditorOnly:0 RuntimeOnly:0 HLODRelevant:0 FolderPath:Lighting FolderGuid:0BA5F0A04EADB18E70D5B180D08FA34B
 |   |   |- Guid:C6DCEF784A782C054224D99822D21ACC BaseClass: NativeClass:/Script/Engine.StaticMeshActor Name:StaticMeshActor_UAID_049226BE3E3CA67A01_1424021227 Label:Torus SpatiallyLoaded:1 Bounds:IsValid=true, Min=(X=1052.777 Y=1324.639 Z=0.000), Max=(X=1945.478 Y=2217.340 Z=43.301) RuntimeGrid:None EditorOnly:0 RuntimeOnly:0 HLODRelevant:0
 |   |   |- Guid:CB386F87412BD473B4F1E9B95ECD37FD BaseClass: NativeClass:/Script/Engine.StaticMeshActor Name:StaticMeshActor_UAID_049226BE3E3CA57A01_1896944045 Label:SM_Cube24 SpatiallyLoaded:1 Bounds:IsValid=true, Min=(X=1551.017 Y=1698.068 Z=661.220), Max=(X=1651.017 Y=1798.068 Z=684.294) RuntimeGrid:None EditorOnly:0 RuntimeOnly:0 HLODRelevant:1 FolderPath:Block02 FolderGuid:275232DB4A90E8B2799B29BD69C59B9E
 |   |   |- Guid:CE8D82634660FCDB3120E2B8D547C533 BaseClass: NativeClass:/Script/Engine.PostProcessVolume Name:PostProcessVolume_0 Label:PostProcessVolume SpatiallyLoaded:0 Bounds:IsValid=true, Min=(X=0.000 Y=0.000 Z=400.000), Max=(X=200.000 Y=200.000 Z=600.000) RuntimeGrid:None EditorOnly:0 RuntimeOnly:0 HLODRelevant:0 FolderPath:Lighting FolderGuid:0BA5F0A04EADB18E70D5B180D08FA34B
 |   |   |- Guid:DA16ADB3486EE12391D8B0821E2FE4A7 BaseClass: NativeClass:/Script/Engine.StaticMeshActor Name:StaticMeshActor_UAID_049226BE3E3CA57A01_1749680041 Label:SM_Cube23 SpatiallyLoaded:1 Bounds:IsValid=true, Min=(X=1446.600 Y=1712.325 Z=621.875), Max=(X=1546.600 Y=1812.325 Z=688.544) RuntimeGrid:None EditorOnly:0 RuntimeOnly:0 HLODRelevant:1 FolderPath:Block04 FolderGuid:D00C3F324D055BED943FA6B0235C7FA2
 |   |   |- Guid:E5320C1B4FD9764CE7B54D8487AEC613 BaseClass: NativeClass:/Script/Engine.SkyLight Name:SkyLight_0 Label:SkyLight SpatiallyLoaded:0 Bounds:IsValid=true, Min=(X=0.000 Y=0.000 Z=690.000), Max=(X=0.000 Y=0.000 Z=690.000) RuntimeGrid:None EditorOnly:0 RuntimeOnly:0 HLODRelevant:0 FolderPath:Lighting FolderGuid:0BA5F0A04EADB18E70D5B180D08FA34B
 |   |   |- Guid:EE66F4454A4A9F99393F559AB739C05E BaseClass:/Game/FirstPerson/Blueprints/BP_Pickup_Rifle.BP_Pickup_Rifle_C NativeClass:/Script/Engine.Actor Name:BP_Rifle_C_1 Label:BP_Pickup_Rifle SpatiallyLoaded:1 Bounds:IsValid=true, Min=(X=1211.776 Y=818.000 Z=38.168), Max=(X=1275.776 Y=907.440 Z=102.168) RuntimeGrid:None EditorOnly:0 RuntimeOnly:0 HLODRelevant:0
 |   |   |- Guid:F07F1AF64C7C7C238EE1B4BF8C122DD8 BaseClass: NativeClass:/Script/Engine.StaticMeshActor Name:StaticMeshActor_4 Label:SM_Cube3 SpatiallyLoaded:1 Bounds:IsValid=true, Min=(X=0.000 Y=3400.000 Z=0.000), Max=(X=3000.000 Y=3500.000 Z=1480.907) RuntimeGrid:None EditorOnly:0 RuntimeOnly:0 HLODRelevant:1 FolderPath:Playground FolderGuid:6C02BB504B69D1F3D7A624B130C18E5B
 |   |   |- Guid:F1C5A1DB49E3D88738816E9CE0752132 BaseClass: NativeClass:/Script/Engine.StaticMeshActor Name:StaticMeshActor_UAID_049226BE3E3CA57A01_1617980036 Label:SM_QuarterCylinder18 SpatiallyLoaded:1 Bounds:IsValid=true, Min=(X=1551.017 Y=1598.068 Z=-36.629), Max=(X=1651.016 Y=1698.068 Z=669.098) RuntimeGrid:None EditorOnly:0 RuntimeOnly:0 HLODRelevant:1 FolderPath:Block02 FolderGuid:275232DB4A90E8B2799B29BD69C59B9E
 |   |   |- Guid:F6D352F34B0088A61FB0B3B9354E2447 BaseClass: NativeClass:/Script/Engine.StaticMeshActor Name:StaticMeshActor_UAID_049226BE3E3CA57A01_1617979035 Label:SM_QuarterCylinder17 SpatiallyLoaded:1 Bounds:IsValid=true, Min=(X=1551.016 Y=1798.068 Z=-36.629), Max=(X=1651.017 Y=1898.068 Z=669.098) RuntimeGrid:None EditorOnly:0 RuntimeOnly:0 HLODRelevant:1 FolderPath:Block02 FolderGuid:275232DB4A90E8B2799B29BD69C59B9E
 |   |   |- Guid:F80621C9446867154938FE81375207DA BaseClass: NativeClass:/Script/Engine.DirectionalLight Name:DirectionalLight_1 Label:DirectionalLight SpatiallyLoaded:0 Bounds:IsValid=true, Min=(X=-1048576.000 Y=-1048576.000 Z=-1048576.000), Max=(X=1048576.000 Y=1048576.000 Z=1048576.000) RuntimeGrid:None EditorOnly:0 RuntimeOnly:0 HLODRelevant:0 FolderPath:Lighting FolderGuid:0BA5F0A04EADB18E70D5B180D08FA34B
 |   |   |- Guid:FD4858C843F6D76143E43D9C20227137 BaseClass:/Game/Blueprints/BP_Bombe.BP_Bombe_C NativeClass:/Script/Engine.Actor Name:BP_Bombe_C_UAID_049226BE3E3CAA7A01_2094571920 Label:BP_Bombe8 SpatiallyLoaded:1 Bounds:IsValid=true, Min=(X=1340.167 Y=1051.298 Z=24.373), Max=(X=1440.167 Y=1151.298 Z=124.373) RuntimeGrid:None EditorOnly:0 RuntimeOnly:0 HLODRelevant:0
 |   |- [+] Clusters:
 |   |   |- [+] [  0]
 |   |   |   |- Guid:18139B884132AFFF34BB778C280C6074 BaseClass: NativeClass:/Script/Engine.StaticMeshActor Name:StaticMeshActor_UAID_049226BE3E3CA57A01_1697048039 Label:SM_Cube21 SpatiallyLoaded:1 Bounds:IsValid=true, Min=(X=1475.589 Y=1601.871 Z=-16.914), Max=(X=1517.398 Y=1902.369 Z=688.813) RuntimeGrid:None EditorOnly:0 RuntimeOnly:0 HLODRelevant:1 FolderPath:Block04 FolderGuid:D00C3F324D055BED943FA6B0235C7FA2
 |   |   |- [+] [  1]
 |   |   |   |- Guid:61391D344900612A77DFC3BA3E354907 BaseClass: NativeClass:/Script/Engine.ExponentialHeightFog Name:ExponentialHeightFog_0 Label:ExponentialHeightFog SpatiallyLoaded:0 Bounds:IsValid=true, Min=(X=-5600.000 Y=-50.000 Z=-6850.000), Max=(X=-5600.000 Y=-50.000 Z=-6850.000) RuntimeGrid:None EditorOnly:0 RuntimeOnly:0 HLODRelevant:0 FolderPath:Lighting FolderGuid:0BA5F0A04EADB18E70D5B180D08FA34B
 |   |   |- [+] [  2]
 |   |   |   |- Guid:5FE7584649BB6F09265329A6C57CFD0D BaseClass: NativeClass:/Script/Engine.VolumetricCloud Name:VolumetricCloud_0 Label:VolumetricCloud SpatiallyLoaded:0 Bounds:IsValid=true, Min=(X=0.000 Y=0.000 Z=820.000), Max=(X=0.000 Y=0.000 Z=820.000) RuntimeGrid:None EditorOnly:0 RuntimeOnly:0 HLODRelevant:0 FolderPath:Lighting FolderGuid:0BA5F0A04EADB18E70D5B180D08FA34B
 |   |   |- [+] [  3]
 |   |   |   |- Guid:84359A834BB1BF17A4B87E9D0BF8A44B BaseClass: NativeClass:/Script/Engine.StaticMeshActor Name:StaticMeshActor_UAID_049226BE3E3CA57A01_1617978034 Label:SM_Cube18 SpatiallyLoaded:1 Bounds:IsValid=true, Min=(X=1551.017 Y=1698.068 Z=-36.629), Max=(X=1651.017 Y=1798.068 Z=669.098) RuntimeGrid:None EditorOnly:0 RuntimeOnly:0 HLODRelevant:1 FolderPath:Block02 FolderGuid:275232DB4A90E8B2799B29BD69C59B9E
 |   |   |- [+] [  4]
 |   |   |   |- Guid:F80621C9446867154938FE81375207DA BaseClass: NativeClass:/Script/Engine.DirectionalLight Name:DirectionalLight_1 Label:DirectionalLight SpatiallyLoaded:0 Bounds:IsValid=true, Min=(X=-1048576.000 Y=-1048576.000 Z=-1048576.000), Max=(X=1048576.000 Y=1048576.000 Z=1048576.000) RuntimeGrid:None EditorOnly:0 RuntimeOnly:0 HLODRelevant:0 FolderPath:Lighting FolderGuid:0BA5F0A04EADB18E70D5B180D08FA34B
 |   |   |- [+] [  5]
 |   |   |   |- Guid:B19AA56648C3D04EA08BB9B66F4ACA4B BaseClass: NativeClass:/Script/Engine.StaticMeshActor Name:StaticMeshActor_UAID_049226BE3E3CA57A01_1896939042 Label:SM_Cube19 SpatiallyLoaded:1 Bounds:IsValid=true, Min=(X=1349.881 Y=1700.000 Z=661.220), Max=(X=1449.881 Y=1800.000 Z=684.294) RuntimeGrid:None EditorOnly:0 RuntimeOnly:0 HLODRelevant:1 FolderPath:Block02 FolderGuid:275232DB4A90E8B2799B29BD69C59B9E
 |   |   |- [+] [  6]
 |   |   |   |- Guid:76F3ACD24C22F256F6385A96A9298D9C BaseClass: NativeClass:/Script/Engine.StaticMeshActor Name:StaticMeshActor_UAID_049226BE3E3CA57A01_1896942043 Label:SM_QuarterCylinder19 SpatiallyLoaded:1 Bounds:IsValid=true, Min=(X=1349.881 Y=1600.000 Z=661.220), Max=(X=1449.881 Y=1700.000 Z=684.294) RuntimeGrid:None EditorOnly:0 RuntimeOnly:0 HLODRelevant:1 FolderPath:Block02 FolderGuid:275232DB4A90E8B2799B29BD69C59B9E
 |   |   |- [+] [  7]
 |   |   |   |- Guid:CB386F87412BD473B4F1E9B95ECD37FD BaseClass: NativeClass:/Script/Engine.StaticMeshActor Name:StaticMeshActor_UAID_049226BE3E3CA57A01_1896944045 Label:SM_Cube24 SpatiallyLoaded:1 Bounds:IsValid=true, Min=(X=1551.017 Y=1698.068 Z=661.220), Max=(X=1651.017 Y=1798.068 Z=684.294) RuntimeGrid:None EditorOnly:0 RuntimeOnly:0 HLODRelevant:1 FolderPath:Block02 FolderGuid:275232DB4A90E8B2799B29BD69C59B9E
 |   |   |- [+] [  8]
 |   |   |   |- Guid:BAC430324CF0EEC154CBD98A7D3804AF BaseClass: NativeClass:/Script/Engine.StaticMeshActor Name:StaticMeshActor_UAID_049226BE3E3CA57A01_1896945046 Label:SM_QuarterCylinder21 SpatiallyLoaded:1 Bounds:IsValid=true, Min=(X=1551.017 Y=1798.068 Z=661.220), Max=(X=1651.017 Y=1898.068 Z=684.294) RuntimeGrid:None EditorOnly:0 RuntimeOnly:0 HLODRelevant:1 FolderPath:Block02 FolderGuid:275232DB4A90E8B2799B29BD69C59B9E
 |   |   |- [+] [  9]
 |   |   |   |- Guid:21262252453B37957EF29F82ABA2413B BaseClass: NativeClass:/Script/Engine.TextRenderActor Name:TextRenderActor_1 Label:TextRenderActor SpatiallyLoaded:1 Bounds:IsValid=true, Min=(X=-0.100 Y=1100.000 Z=65.013), Max=(X=-0.100 Y=2363.461 Z=215.013) RuntimeGrid:None EditorOnly:0 RuntimeOnly:0 HLODRelevant:0
 |   |   |- [+] [ 10]
 |   |   |   |- Guid:C6DCEF784A782C054224D99822D21ACC BaseClass: NativeClass:/Script/Engine.StaticMeshActor Name:StaticMeshActor_UAID_049226BE3E3CA67A01_1424021227 Label:Torus SpatiallyLoaded:1 Bounds:IsValid=true, Min=(X=1052.777 Y=1324.639 Z=0.000), Max=(X=1945.478 Y=2217.340 Z=43.301) RuntimeGrid:None EditorOnly:0 RuntimeOnly:0 HLODRelevant:0
 |   |   |- [+] [ 11]
 |   |   |   |- Guid:F1C5A1DB49E3D88738816E9CE0752132 BaseClass: NativeClass:/Script/Engine.StaticMeshActor Name:StaticMeshActor_UAID_049226BE3E3CA57A01_1617980036 Label:SM_QuarterCylinder18 SpatiallyLoaded:1 Bounds:IsValid=true, Min=(X=1551.017 Y=1598.068 Z=-36.629), Max=(X=1651.016 Y=1698.068 Z=669.098) RuntimeGrid:None EditorOnly:0 RuntimeOnly:0 HLODRelevant:1 FolderPath:Block02 FolderGuid:275232DB4A90E8B2799B29BD69C59B9E
 |   |   |- [+] [ 12]
 |   |   |   |- Guid:1F0E08A04397259D2CD3A9922CF92DD1 BaseClass: NativeClass:/Script/Engine.StaticMeshActor Name:StaticMeshActor_UAID_049226BE3E3CA57A01_1614441033 Label:SM_QuarterCylinder16 SpatiallyLoaded:1 Bounds:IsValid=true, Min=(X=1349.881 Y=1800.000 Z=-36.629), Max=(X=1449.881 Y=1900.000 Z=669.098) RuntimeGrid:None EditorOnly:0 RuntimeOnly:0 HLODRelevant:1 FolderPath:Block02 FolderGuid:275232DB4A90E8B2799B29BD69C59B9E
 |   |   |- [+] [ 13]
 |   |   |   |- Guid:90B7B8D3420C2EABA931D3A6A69DF696 BaseClass: NativeClass:/Script/Engine.StaticMeshActor Name:StaticMeshActor_3 Label:SM_Cube2 SpatiallyLoaded:1 Bounds:IsValid=true, Min=(X=0.000 Y=0.000 Z=0.000), Max=(X=3000.000 Y=100.000 Z=1480.907) RuntimeGrid:None EditorOnly:0 RuntimeOnly:0 HLODRelevant:1 FolderPath:Playground FolderGuid:6C02BB504B69D1F3D7A624B130C18E5B
 |   |   |- [+] [ 14]
 |   |   |   |- Guid:9F0FAC93493281B28C2D4EBDF175DAFB BaseClass: NativeClass:/Script/Engine.StaticMeshActor Name:StaticMeshActor_UAID_049226BE3E3CA57A01_1896946047 Label:SM_QuarterCylinder22 SpatiallyLoaded:1 Bounds:IsValid=true, Min=(X=1551.017 Y=1598.068 Z=661.220), Max=(X=1651.017 Y=1698.068 Z=684.294) RuntimeGrid:None EditorOnly:0 RuntimeOnly:0 HLODRelevant:1 FolderPath:Block02 FolderGuid:275232DB4A90E8B2799B29BD69C59B9E
 |   |   |- [+] [ 15]
 |   |   |   |- Guid:0697BB0A4285E4CFD9A3E886AB5223BB BaseClass: NativeClass:/Script/Engine.StaticMeshActor Name:StaticMeshActor_UAID_049226BE3E3CA57A01_1896943044 Label:SM_QuarterCylinder20 SpatiallyLoaded:1 Bounds:IsValid=true, Min=(X=1349.881 Y=1800.000 Z=661.220), Max=(X=1449.881 Y=1900.000 Z=684.294) RuntimeGrid:None EditorOnly:0 RuntimeOnly:0 HLODRelevant:1 FolderPath:Block02 FolderGuid:275232DB4A90E8B2799B29BD69C59B9E
 |   |   |- [+] [ 16]
 |   |   |   |- Guid:9050C6A64D81A7F573AD72872053341B BaseClass: NativeClass:/Script/Engine.StaticMeshActor Name:StaticMeshActor_UAID_049226BE3E3CA57A01_1717827040 Label:SM_Cube22 SpatiallyLoaded:1 Bounds:IsValid=true, Min=(X=1345.360 Y=1739.300 Z=-16.914), Max=(X=1653.223 Y=1781.109 Z=688.813) RuntimeGrid:None EditorOnly:0 RuntimeOnly:0 HLODRelevant:1 FolderPath:Block04 FolderGuid:D00C3F324D055BED943FA6B0235C7FA2
 |   |   |- [+] [ 17]
 |   |   |   |- Guid:EE66F4454A4A9F99393F559AB739C05E BaseClass:/Game/FirstPerson/Blueprints/BP_Pickup_Rifle.BP_Pickup_Rifle_C NativeClass:/Script/Engine.Actor Name:BP_Rifle_C_1 Label:BP_Pickup_Rifle SpatiallyLoaded:1 Bounds:IsValid=true, Min=(X=1211.776 Y=818.000 Z=38.168), Max=(X=1275.776 Y=907.440 Z=102.168) RuntimeGrid:None EditorOnly:0 RuntimeOnly:0 HLODRelevant:0
 |   |   |- [+] [ 18]
 |   |   |   |- Guid:0B109E5C47C68041D941FFB81C48EC78 BaseClass: NativeClass:/Script/Engine.StaticMeshActor Name:StaticMeshActor_UAID_049226BE3E3CA57A01_1896947048 Label:SM_Cube25 SpatiallyLoaded:1 Bounds:IsValid=true, Min=(X=1446.600 Y=1608.720 Z=661.220), Max=(X=1551.417 Y=1886.077 Z=684.294) RuntimeGrid:None EditorOnly:0 RuntimeOnly:0 HLODRelevant:1 FolderPath:Block04 FolderGuid:D00C3F324D055BED943FA6B0235C7FA2
 |   |   |- [+] [ 19]
 |   |   |   |- Guid:DA16ADB3486EE12391D8B0821E2FE4A7 BaseClass: NativeClass:/Script/Engine.StaticMeshActor Name:StaticMeshActor_UAID_049226BE3E3CA57A01_1749680041 Label:SM_Cube23 SpatiallyLoaded:1 Bounds:IsValid=true, Min=(X=1446.600 Y=1712.325 Z=621.875), Max=(X=1546.600 Y=1812.325 Z=688.544) RuntimeGrid:None EditorOnly:0 RuntimeOnly:0 HLODRelevant:1 FolderPath:Block04 FolderGuid:D00C3F324D055BED943FA6B0235C7FA2
 |   |   |- [+] [ 20]
 |   |   |   |- Guid:E5320C1B4FD9764CE7B54D8487AEC613 BaseClass: NativeClass:/Script/Engine.SkyLight Name:SkyLight_0 Label:SkyLight SpatiallyLoaded:0 Bounds:IsValid=true, Min=(X=0.000 Y=0.000 Z=690.000), Max=(X=0.000 Y=0.000 Z=690.000) RuntimeGrid:None EditorOnly:0 RuntimeOnly:0 HLODRelevant:0 FolderPath:Lighting FolderGuid:0BA5F0A04EADB18E70D5B180D08FA34B
 |   |   |- [+] [ 21]
 |   |   |   |- Guid:F07F1AF64C7C7C238EE1B4BF8C122DD8 BaseClass: NativeClass:/Script/Engine.StaticMeshActor Name:StaticMeshActor_4 Label:SM_Cube3 SpatiallyLoaded:1 Bounds:IsValid=true, Min=(X=0.000 Y=3400.000 Z=0.000), Max=(X=3000.000 Y=3500.000 Z=1480.907) RuntimeGrid:None EditorOnly:0 RuntimeOnly:0 HLODRelevant:1 FolderPath:Playground FolderGuid:6C02BB504B69D1F3D7A624B130C18E5B
 |   |   |- [+] [ 22]
 |   |   |   |- Guid:740DE88A49BAA6B57B4551A2AE9B249E BaseClass: NativeClass:/Script/Engine.StaticMeshActor Name:StaticMeshActor_UAID_049226BE3E3CA67A01_1522914230 Label:SM_Cube27 SpatiallyLoaded:1 Bounds:IsValid=true, Min=(X=1302.391 Y=1758.738 Z=0.566), Max=(X=1697.040 Y=1800.547 Z=43.719) RuntimeGrid:None EditorOnly:0 RuntimeOnly:0 HLODRelevant:1 FolderPath:Block04 FolderGuid:D00C3F324D055BED943FA6B0235C7FA2
 |   |   |- [+] [ 23]
 |   |   |   |- Guid:2F2D358046C2DAF15BDEB78ADC271EBE BaseClass: NativeClass:/Script/Engine.StaticMeshActor Name:StaticMeshActor_UAID_049226BE3E3CA57A01_2094687049 Label:SM_Heis SpatiallyLoaded:1 Bounds:IsValid=true, Min=(X=-1180.566 Y=1617.519 Z=-87.044), Max=(X=-872.703 Y=1921.820 Z=638.398) RuntimeGrid:None EditorOnly:0 RuntimeOnly:0 HLODRelevant:1
 |   |   |- [+] [ 24]
 |   |   |   |- Guid:78CAF7514C7533F30BD2F19A017AAB65 BaseClass: NativeClass:/Script/Engine.StaticMeshActor Name:StaticMeshActor_0 Label:SM_Cube SpatiallyLoaded:1 Bounds:IsValid=true, Min=(X=0.000 Y=0.000 Z=-50.000), Max=(X=3000.000 Y=3500.000 Z=0.000) RuntimeGrid:None EditorOnly:0 RuntimeOnly:0 HLODRelevant:1 FolderPath:Playground FolderGuid:6C02BB504B69D1F3D7A624B130C18E5B
 |   |   |- [+] [ 25]
 |   |   |   |- Guid:0E107238468F3E2CB6736D883D3AD6FC BaseClass: NativeClass:/Script/Engine.StaticMeshActor Name:StaticMeshActor_UAID_049226BE3E3CA57A01_1670186038 Label:SM_Cube20 SpatiallyLoaded:1 Bounds:IsValid=true, Min=(X=1446.600 Y=1608.720 Z=-36.629), Max=(X=1551.417 Y=1886.077 Z=669.098) RuntimeGrid:None EditorOnly:0 RuntimeOnly:0 HLODRelevant:1 FolderPath:Block04 FolderGuid:D00C3F324D055BED943FA6B0235C7FA2
 |   |   |- [+] [ 26]
 |   |   |   |- Guid:6BBC7C37415F00347086DCB202FBED74 BaseClass: NativeClass:/Script/Engine.StaticMeshActor Name:StaticMeshActor_UAID_049226BE3E3CA67A01_1669567234 Label:Sm_Heis_Frame SpatiallyLoaded:1 Bounds:IsValid=true, Min=(X=-1251.693 Y=1546.663 Z=533.914), Max=(X=-801.413 Y=1996.943 Z=577.633) RuntimeGrid:None EditorOnly:0 RuntimeOnly:0 HLODRelevant:1
 |   |   |- [+] [ 27]
 |   |   |   |- Guid:A354B1B24E617A525DC6B48CCDE2417E BaseClass: NativeClass:/Script/Engine.PlayerStart Name:PlayerStart_0 Label:PlayerStart SpatiallyLoaded:0 Bounds:IsValid=true, Min=(X=860.000 Y=810.000 Z=0.013), Max=(X=940.000 Y=890.000 Z=184.013) RuntimeGrid:None EditorOnly:0 RuntimeOnly:0 HLODRelevant:0
 |   |   |- [+] [ 28]
 |   |   |   |- Guid:F6D352F34B0088A61FB0B3B9354E2447 BaseClass: NativeClass:/Script/Engine.StaticMeshActor Name:StaticMeshActor_UAID_049226BE3E3CA57A01_1617979035 Label:SM_QuarterCylinder17 SpatiallyLoaded:1 Bounds:IsValid=true, Min=(X=1551.016 Y=1798.068 Z=-36.629), Max=(X=1651.017 Y=1898.068 Z=669.098) RuntimeGrid:None EditorOnly:0 RuntimeOnly:0 HLODRelevant:1 FolderPath:Block02 FolderGuid:275232DB4A90E8B2799B29BD69C59B9E
 |   |   |- [+] [ 29]
 |   |   |   |- Guid:0EDB289B45CB7E0977A6DBA74201EE76 BaseClass: NativeClass:/Script/Engine.StaticMeshActor Name:StaticMeshActor_10 Label:SM_Cube6 SpatiallyLoaded:1 Bounds:IsValid=true, Min=(X=2900.000 Y=100.000 Z=0.000), Max=(X=3000.000 Y=3400.000 Z=1480.907) RuntimeGrid:None EditorOnly:0 RuntimeOnly:0 HLODRelevant:1 FolderPath:Playground FolderGuid:6C02BB504B69D1F3D7A624B130C18E5B
 |   |   |- [+] [ 30]
 |   |   |   |- Guid:6FD404AA4B1DC95B1EA349A1D2DB1A72 BaseClass: NativeClass:/Script/Engine.StaticMeshActor Name:StaticMeshActor_UAID_049226BE3E3CA67A01_1435876228 Label:SM_Cube26 SpatiallyLoaded:1 Bounds:IsValid=true, Min=(X=1474.750 Y=1573.349 Z=0.566), Max=(X=1516.559 Y=1967.999 Z=43.719) RuntimeGrid:None EditorOnly:0 RuntimeOnly:0 HLODRelevant:1 FolderPath:Block04 FolderGuid:D00C3F324D055BED943FA6B0235C7FA2
 |   |   |- [+] [ 31]
 |   |   |   |- Guid:C22CE07C4B87D685137FDBBC10FC92C6 BaseClass: NativeClass:/Script/Engine.SkyAtmosphere Name:SkyAtmosphere_0 Label:SkyAtmosphere SpatiallyLoaded:0 Bounds:IsValid=true, Min=(X=0.000 Y=0.000 Z=1020.000), Max=(X=0.000 Y=0.000 Z=1020.000) RuntimeGrid:None EditorOnly:0 RuntimeOnly:0 HLODRelevant:0 FolderPath:Lighting FolderGuid:0BA5F0A04EADB18E70D5B180D08FA34B
 |   |   |- [+] [ 32]
 |   |   |   |- Guid:C0C56B9644AE3D40CAFF6A878DB29844 BaseClass: NativeClass:/Script/Engine.StaticMeshActor Name:StaticMeshActor_UAID_A4AE111137DC5EFB00_2001720423 Label:SM_SkySphere SpatiallyLoaded:0 Bounds:IsValid=true, Min=(X=-1638400.000 Y=-1638400.000 Z=-1638400.000), Max=(X=1638400.000 Y=1638400.000 Z=1638400.000) RuntimeGrid:None EditorOnly:0 RuntimeOnly:0 HLODRelevant:1 FolderPath:Lighting FolderGuid:0BA5F0A04EADB18E70D5B180D08FA34B
 |   |   |- [+] [ 33]
 |   |   |   |- Guid:6FEFB3BD4EB37B849EF0D4AC80F83855 BaseClass: NativeClass:/Script/Engine.WorldDataLayers Name:WorldDataLayers Label:WorldDataLayers SpatiallyLoaded:0 Bounds:IsValid=true, Min=(X=0.000 Y=0.000 Z=0.000), Max=(X=0.000 Y=0.000 Z=0.000) RuntimeGrid:None EditorOnly:0 RuntimeOnly:0 HLODRelevant:0
 |   |   |- [+] [ 34]
 |   |   |   |- Guid:686E705945191863BBD2DF9E09A3DF6C BaseClass: NativeClass:/Script/Engine.StaticMeshActor Name:StaticMeshActor_UAID_049226BE3E3CA57A01_1614440032 Label:SM_QuarterCylinder15 SpatiallyLoaded:1 Bounds:IsValid=true, Min=(X=1349.881 Y=1600.000 Z=-36.629), Max=(X=1449.881 Y=1700.000 Z=669.098) RuntimeGrid:None EditorOnly:0 RuntimeOnly:0 HLODRelevant:1 FolderPath:Block02 FolderGuid:275232DB4A90E8B2799B29BD69C59B9E
 |   |   |- [+] [ 35]
 |   |   |   |- Guid:656B7D694FAB60DF6ECC2DA185EA0C8D BaseClass: NativeClass:/Script/Engine.StaticMeshActor Name:StaticMeshActor_UAID_049226BE3E3CA57A01_1614437031 Label:SM_Cube17 SpatiallyLoaded:1 Bounds:IsValid=true, Min=(X=1349.881 Y=1700.000 Z=-36.629), Max=(X=1449.881 Y=1800.000 Z=669.098) RuntimeGrid:None EditorOnly:0 RuntimeOnly:0 HLODRelevant:1 FolderPath:Block02 FolderGuid:275232DB4A90E8B2799B29BD69C59B9E
 |   |   |- [+] [ 36]
 |   |   |   |- Guid:CE8D82634660FCDB3120E2B8D547C533 BaseClass: NativeClass:/Script/Engine.PostProcessVolume Name:PostProcessVolume_0 Label:PostProcessVolume SpatiallyLoaded:0 Bounds:IsValid=true, Min=(X=0.000 Y=0.000 Z=400.000), Max=(X=200.000 Y=200.000 Z=600.000) RuntimeGrid:None EditorOnly:0 RuntimeOnly:0 HLODRelevant:0 FolderPath:Lighting FolderGuid:0BA5F0A04EADB18E70D5B180D08FA34B
 |   |   |- [+] [ 37]
 |   |   |   |- Guid:8559D1384B14F466E8927697A36C1D78 BaseClass: NativeClass:/Script/Engine.StaticMeshActor Name:StaticMeshActor_9 Label:SM_Cube5 SpatiallyLoaded:1 Bounds:IsValid=true, Min=(X=-0.000 Y=100.000 Z=0.000), Max=(X=100.000 Y=3400.000 Z=1480.907) RuntimeGrid:None EditorOnly:0 RuntimeOnly:0 HLODRelevant:1 FolderPath:Playground FolderGuid:6C02BB504B69D1F3D7A624B130C18E5B
 |   |   |- [+] [ 38]
 |   |   |   |- Guid:FD4858C843F6D76143E43D9C20227137 BaseClass:/Game/Blueprints/BP_Bombe.BP_Bombe_C NativeClass:/Script/Engine.Actor Name:BP_Bombe_C_UAID_049226BE3E3CAA7A01_2094571920 Label:BP_Bombe8 SpatiallyLoaded:1 Bounds:IsValid=true, Min=(X=1340.167 Y=1051.298 Z=24.373), Max=(X=1440.167 Y=1151.298 Z=124.373) RuntimeGrid:None EditorOnly:0 RuntimeOnly:0 HLODRelevant:0
 |   |   |- [+] [ 39]
 |   |   |   |- Guid:9844493143B581FFF5E5D7A22DC9641A BaseClass:/Game/Blueprints/BP_Bombe.BP_Bombe_C NativeClass:/Script/Engine.Actor Name:BP_Bombe_C_UAID_049226BE3E3CAA7A01_2086435913 Label:BP_Bombe SpatiallyLoaded:1 Bounds:IsValid=true, Min=(X=1508.738 Y=911.103 Z=24.373), Max=(X=1608.738 Y=1011.103 Z=124.373) RuntimeGrid:None EditorOnly:0 RuntimeOnly:0 HLODRelevant:0
 |   |   |- [+] [ 40]
 |   |   |   |- Guid:C042AC2B4D9FC3742F86D5B206539860 BaseClass:/Game/Blueprints/BP_Bombe.BP_Bombe_C NativeClass:/Script/Engine.Actor Name:BP_Bombe_C_UAID_049226BE3E3CAA7A01_2088631914 Label:BP_Bombe2 SpatiallyLoaded:1 Bounds:IsValid=true, Min=(X=1730.772 Y=911.103 Z=24.373), Max=(X=1830.772 Y=1011.103 Z=124.373) RuntimeGrid:None EditorOnly:0 RuntimeOnly:0 HLODRelevant:0
 |   |   |- [+] [ 41]
 |   |   |   |- Guid:7CCC7C52447F45D5C6A2A48F78BA700D BaseClass:/Game/Blueprints/BP_Bombe.BP_Bombe_C NativeClass:/Script/Engine.Actor Name:BP_Bombe_C_UAID_049226BE3E3CAA7A01_2089302915 Label:BP_Bombe3 SpatiallyLoaded:1 Bounds:IsValid=true, Min=(X=1954.883 Y=911.103 Z=24.373), Max=(X=2054.883 Y=1011.103 Z=124.373) RuntimeGrid:None EditorOnly:0 RuntimeOnly:0 HLODRelevant:0
 |   |   |- [+] [ 42]
 |   |   |   |- Guid:8967DC644696AF7DD00A2FAD62F2F5BC BaseClass:/Game/Blueprints/BP_Bombe.BP_Bombe_C NativeClass:/Script/Engine.Actor Name:BP_Bombe_C_UAID_049226BE3E3CAA7A01_2089914916 Label:BP_Bombe4 SpatiallyLoaded:1 Bounds:IsValid=true, Min=(X=2191.057 Y=911.103 Z=24.373), Max=(X=2291.057 Y=1011.103 Z=124.373) RuntimeGrid:None EditorOnly:0 RuntimeOnly:0 HLODRelevant:0
 |   |   |- [+] [ 43]
 |   |   |   |- Guid:047A79924B577C934695379C8917A4EA BaseClass:/Game/Blueprints/BP_Bombe.BP_Bombe_C NativeClass:/Script/Engine.Actor Name:BP_Bombe_C_UAID_049226BE3E3CAA7A01_2090666917 Label:BP_Bombe5 SpatiallyLoaded:1 Bounds:IsValid=true, Min=(X=2191.057 Y=1051.298 Z=24.373), Max=(X=2291.057 Y=1151.298 Z=124.373) RuntimeGrid:None EditorOnly:0 RuntimeOnly:0 HLODRelevant:0
 |   |   |- [+] [ 44]
 |   |   |   |- Guid:741093D3463A8EDF9DBFB1A666D66F73 BaseClass:/Game/Blueprints/BP_Bombe.BP_Bombe_C NativeClass:/Script/Engine.Actor Name:BP_Bombe_C_UAID_049226BE3E3CAA7A01_2092966918 Label:BP_Bombe6 SpatiallyLoaded:1 Bounds:IsValid=true, Min=(X=1901.172 Y=1051.298 Z=24.373), Max=(X=2001.172 Y=1151.298 Z=124.373) RuntimeGrid:None EditorOnly:0 RuntimeOnly:0 HLODRelevant:0
 |   |   |- [+] [ 45]
 |   |   |   |- Guid:6294D75349FF23333A1A0C9455482CC7 BaseClass:/Game/Blueprints/BP_Bombe.BP_Bombe_C NativeClass:/Script/Engine.Actor Name:BP_Bombe_C_UAID_049226BE3E3CAA7A01_2093810919 Label:BP_Bombe7 SpatiallyLoaded:1 Bounds:IsValid=true, Min=(X=1575.108 Y=1051.298 Z=24.373), Max=(X=1675.108 Y=1151.298 Z=124.373) RuntimeGrid:None EditorOnly:0 RuntimeOnly:0 HLODRelevant:0
 |   |   |- [+] [ 46]
 |   |   |   |- Guid:AC3C69934B15F52B71BF69B3EF8F23D6 BaseClass:/Game/Blueprints/BP_Bombe.BP_Bombe_C NativeClass:/Script/Engine.Actor Name:BP_Bombe_C_UAID_049226BE3E3CAB7A01_1149963097 Label:BP_Bombe9 SpatiallyLoaded:1 Bounds:IsValid=true, Min=(X=1121.063 Y=1103.250 Z=0.533), Max=(X=1221.063 Y=1203.250 Z=100.533) RuntimeGrid:None EditorOnly:0 RuntimeOnly:0 HLODRelevant:0
 |- ContainerInstances:
 |- [+] MainContainer:
 |   |-        ID: 0x0000000000000000
 |   |-    Bounds: IsValid=false, Min=(X=0.000 Y=0.000 Z=0.000), Max=(X=0.000 Y=0.000 Z=0.000)
 |   |- Transform: 0.000000,0.000000,0.000000|0.000000,0.000000,-0.000000|1.000000,1.000000,1.000000
 |   |- Container: /Game/FirstPerson/Maps/FirstPersonMap
----------------------------------------------------------------------------------------------------------------
FirstPersonMap - Persistent Level
----------------------------------------------------------------------------------------------------------------
Always loaded Actor Count: 171 

----------------------------------------------------------------------------------------------------------------
FirstPersonMap - Runtime Spatial Hash - Streaming Grid - MainGrid
----------------------------------------------------------------------------------------------------------------
            Origin: X=0.000 Y=0.000 Z=0.000
         Cell Size: 12800
      World Bounds: IsValid=false, Min=(X=0.000 Y=0.000 Z=0.000), Max=(X=0.000 Y=0.000 Z=0.000)
     Loading Range: 25600.00
Block Slow Loading: No
 ClientOnlyVisible: No

[+] Grid Levels: 1
 |- Level  0: Cell Count    0 | Cell Size   12800 | Actor Count    0 (0.0%)

[+] Content of Grid Level 0

