[+] Containers:
 |- [+] Container: /Game/FirstPerson/Maps/FirstPersonMap
 |   |- [+] ActorDescs:
 |   |   |- Guid:00AC4C5E4E60599FD60087B1DAC3B9AE BaseClass: NativeClass:/Script/Engine.PointLight Name:PointLight_UAID_049226BE3E3CD77C01_1427436947 Label:PointLight4 SpatiallyLoaded:1 Bounds:IsValid=true, Min=(X=-15340.236 Y=-15498.379 Z=-15912.226), Max=(X=17427.764 Y=17269.621 Z=16855.774) RuntimeGrid:None EditorOnly:0 RuntimeOnly:0 HLODRelevant:0
 |   |   |- Guid:016019FE436CA0B86074918482073301 BaseClass: NativeClass:/Script/Engine.StaticMeshActor Name:StaticMeshActor_UAID_049226BE3E3CD77C01_1854331955 Label:SM_Cube33 SpatiallyLoaded:1 Bounds:IsValid=true, Min=(X=2874.365 Y=1653.835 Z=666.204), Max=(X=2982.677 Y=1827.445 Z=708.014) RuntimeGrid:None EditorOnly:0 RuntimeOnly:0 HLODRelevant:1 FolderPath:Block04 FolderGuid:D00C3F324D055BED943FA6B0235C7FA2
 |   |   |- Guid:0697BB0A4285E4CFD9A3E886AB5223BB BaseClass: NativeClass:/Script/Engine.StaticMeshActor Name:StaticMeshActor_UAID_049226BE3E3CA57A01_1896943044 Label:SM_QuarterCylinder20 SpatiallyLoaded:1 Bounds:IsValid=true, Min=(X=1349.881 Y=1800.000 Z=661.220), Max=(X=1449.881 Y=1900.000 Z=684.294) RuntimeGrid:None EditorOnly:0 RuntimeOnly:0 HLODRelevant:1 FolderPath:Block02 FolderGuid:275232DB4A90E8B2799B29BD69C59B9E
 |   |   |- Guid:0B109E5C47C68041D941FFB81C48EC78 BaseClass: NativeClass:/Script/Engine.StaticMeshActor Name:StaticMeshActor_UAID_049226BE3E3CA57A01_1896947048 Label:SM_Cube25 SpatiallyLoaded:1 Bounds:IsValid=true, Min=(X=1446.600 Y=1608.720 Z=661.220), Max=(X=1551.417 Y=1886.077 Z=684.294) RuntimeGrid:None EditorOnly:0 RuntimeOnly:0 HLODRelevant:1 FolderPath:Block04 FolderGuid:D00C3F324D055BED943FA6B0235C7FA2
 |   |   |- Guid:0E107238468F3E2CB6736D883D3AD6FC BaseClass: NativeClass:/Script/Engine.StaticMeshActor Name:StaticMeshActor_UAID_049226BE3E3CA57A01_1670186038 Label:SM_Cube20 SpatiallyLoaded:1 Bounds:IsValid=true, Min=(X=1446.600 Y=1608.720 Z=-36.629), Max=(X=1551.417 Y=1886.077 Z=669.098) RuntimeGrid:None EditorOnly:0 RuntimeOnly:0 HLODRelevant:1 FolderPath:Block04 FolderGuid:D00C3F324D055BED943FA6B0235C7FA2
 |   |   |- Guid:0EDB289B45CB7E0977A6DBA74201EE76 BaseClass: NativeClass:/Script/Engine.StaticMeshActor Name:StaticMeshActor_10 Label:SM_Cube6 SpatiallyLoaded:1 Bounds:IsValid=true, Min=(X=-3837.623 Y=-106.751 Z=0.000), Max=(X=-2722.761 Y=3062.637 Z=4029.713) RuntimeGrid:None EditorOnly:0 RuntimeOnly:0 HLODRelevant:1 FolderPath:Playground FolderGuid:6C02BB504B69D1F3D7A624B130C18E5B
 |   |   |- Guid:1690E46B4EA76D02574321AB13F0483B BaseClass: NativeClass:/Script/Engine.StaticMeshActor Name:StaticMeshActor_UAID_049226BE3E3CDE7C01_1238640206 Label:Cube2 SpatiallyLoaded:1 Bounds:IsValid=true, Min=(X=-5594.344 Y=-2980.155 Z=-106.008), Max=(X=3639.401 Y=6253.589 Z=-6.008) RuntimeGrid:None EditorOnly:0 RuntimeOnly:0 HLODRelevant:0
 |   |   |- Guid:18139B884132AFFF34BB778C280C6074 BaseClass: NativeClass:/Script/Engine.StaticMeshActor Name:StaticMeshActor_UAID_049226BE3E3CA57A01_1697048039 Label:SM_Cube21 SpatiallyLoaded:1 Bounds:IsValid=true, Min=(X=1475.589 Y=1601.871 Z=-16.914), Max=(X=1517.398 Y=1902.369 Z=688.813) RuntimeGrid:None EditorOnly:0 RuntimeOnly:0 HLODRelevant:1 FolderPath:Block04 FolderGuid:D00C3F324D055BED943FA6B0235C7FA2
 |   |   |- Guid:1F0E08A04397259D2CD3A9922CF92DD1 BaseClass: NativeClass:/Script/Engine.StaticMeshActor Name:StaticMeshActor_UAID_049226BE3E3CA57A01_1614441033 Label:SM_QuarterCylinder16 SpatiallyLoaded:1 Bounds:IsValid=true, Min=(X=1349.881 Y=1800.000 Z=-36.629), Max=(X=1449.881 Y=1900.000 Z=669.098) RuntimeGrid:None EditorOnly:0 RuntimeOnly:0 HLODRelevant:1 FolderPath:Block02 FolderGuid:275232DB4A90E8B2799B29BD69C59B9E
 |   |   |- Guid:2F2D358046C2DAF15BDEB78ADC271EBE BaseClass: NativeClass:/Script/Engine.StaticMeshActor Name:StaticMeshActor_UAID_049226BE3E3CA57A01_2094687049 Label:SM_Heis SpatiallyLoaded:1 Bounds:IsValid=true, Min=(X=8658.572 Y=1617.519 Z=-87.044), Max=(X=8966.435 Y=1921.820 Z=638.398) RuntimeGrid:None EditorOnly:0 RuntimeOnly:0 HLODRelevant:1
 |   |   |- Guid:3231F3D04DD5299CC55645BBD7DB7926 BaseClass: NativeClass:/Script/Engine.PointLight Name:PointLight_UAID_049226BE3E3CD77C01_1414155944 Label:PointLight SpatiallyLoaded:1 Bounds:IsValid=true, Min=(X=-14338.247 Y=-15559.822 Z=-15912.226), Max=(X=18429.753 Y=17208.178 Z=16855.774) RuntimeGrid:None EditorOnly:0 RuntimeOnly:0 HLODRelevant:0
 |   |   |- Guid:38439F30432EE4B6697B088D50FA4A9B BaseClass: NativeClass:/Script/Engine.StaticMeshActor Name:StaticMeshActor_UAID_049226BE3E3CDE7C01_1635602213 Label:Cylinder SpatiallyLoaded:1 Bounds:IsValid=true, Min=(X=-265.590 Y=2287.246 Z=255.547), Max=(X=516.263 Y=3069.100 Z=1189.672) RuntimeGrid:None EditorOnly:0 RuntimeOnly:0 HLODRelevant:0
 |   |   |- Guid:5F29E9DF4426B88687A7619D41BC2571 BaseClass: NativeClass:/Script/Engine.StaticMeshActor Name:StaticMeshActor_UAID_049226BE3E3CD77C01_1816145950 Label:SM_Cube28 SpatiallyLoaded:1 Bounds:IsValid=true, Min=(X=2874.365 Y=1739.300 Z=-16.914), Max=(X=2982.677 Y=1781.109 Z=688.813) RuntimeGrid:None EditorOnly:0 RuntimeOnly:0 HLODRelevant:1 FolderPath:Block04 FolderGuid:D00C3F324D055BED943FA6B0235C7FA2
 |   |   |- Guid:5FE7584649BB6F09265329A6C57CFD0D BaseClass: NativeClass:/Script/Engine.VolumetricCloud Name:VolumetricCloud_0 Label:VolumetricCloud SpatiallyLoaded:0 Bounds:IsValid=true, Min=(X=0.000 Y=0.000 Z=820.000), Max=(X=0.000 Y=0.000 Z=820.000) RuntimeGrid:None EditorOnly:0 RuntimeOnly:0 HLODRelevant:0 FolderPath:Lighting FolderGuid:0BA5F0A04EADB18E70D5B180D08FA34B
 |   |   |- Guid:61391D344900612A77DFC3BA3E354907 BaseClass: NativeClass:/Script/Engine.ExponentialHeightFog Name:ExponentialHeightFog_0 Label:ExponentialHeightFog SpatiallyLoaded:0 Bounds:IsValid=true, Min=(X=-5600.000 Y=-50.000 Z=-6850.000), Max=(X=-5600.000 Y=-50.000 Z=-6850.000) RuntimeGrid:None EditorOnly:0 RuntimeOnly:0 HLODRelevant:0 FolderPath:Lighting FolderGuid:0BA5F0A04EADB18E70D5B180D08FA34B
 |   |   |- Guid:637F964A419C92E9D4A04FAA2AC861A2 BaseClass: NativeClass:/Script/Engine.StaticMeshActor Name:StaticMeshActor_UAID_049226BE3E3CD77C01_1854329954 Label:SM_Cube32 SpatiallyLoaded:1 Bounds:IsValid=true, Min=(X=2874.365 Y=1653.882 Z=839.406), Max=(X=2982.677 Y=1827.491 Z=881.215) RuntimeGrid:None EditorOnly:0 RuntimeOnly:0 HLODRelevant:1 FolderPath:Block04 FolderGuid:D00C3F324D055BED943FA6B0235C7FA2
 |   |   |- Guid:656B7D694FAB60DF6ECC2DA185EA0C8D BaseClass: NativeClass:/Script/Engine.StaticMeshActor Name:StaticMeshActor_UAID_049226BE3E3CA57A01_1614437031 Label:SM_Cube17 SpatiallyLoaded:1 Bounds:IsValid=true, Min=(X=1349.881 Y=1700.000 Z=-36.629), Max=(X=1449.881 Y=1800.000 Z=669.098) RuntimeGrid:None EditorOnly:0 RuntimeOnly:0 HLODRelevant:1 FolderPath:Block02 FolderGuid:275232DB4A90E8B2799B29BD69C59B9E
 |   |   |- Guid:686E705945191863BBD2DF9E09A3DF6C BaseClass: NativeClass:/Script/Engine.StaticMeshActor Name:StaticMeshActor_UAID_049226BE3E3CA57A01_1614440032 Label:SM_QuarterCylinder15 SpatiallyLoaded:1 Bounds:IsValid=true, Min=(X=1349.881 Y=1600.000 Z=-36.629), Max=(X=1449.881 Y=1700.000 Z=669.098) RuntimeGrid:None EditorOnly:0 RuntimeOnly:0 HLODRelevant:1 FolderPath:Block02 FolderGuid:275232DB4A90E8B2799B29BD69C59B9E
 |   |   |- Guid:6BBC7C37415F00347086DCB202FBED74 BaseClass: NativeClass:/Script/Engine.StaticMeshActor Name:StaticMeshActor_UAID_049226BE3E3CA67A01_1669567234 Label:Sm_Heis_Frame SpatiallyLoaded:1 Bounds:IsValid=true, Min=(X=8587.445 Y=1546.663 Z=533.914), Max=(X=9037.726 Y=1996.943 Z=577.633) RuntimeGrid:None EditorOnly:0 RuntimeOnly:0 HLODRelevant:1
 |   |   |- Guid:6FD404AA4B1DC95B1EA349A1D2DB1A72 BaseClass: NativeClass:/Script/Engine.StaticMeshActor Name:StaticMeshActor_UAID_049226BE3E3CA67A01_1435876228 Label:SM_Cube26 SpatiallyLoaded:1 Bounds:IsValid=true, Min=(X=1474.750 Y=1573.349 Z=0.566), Max=(X=1516.559 Y=1967.999 Z=43.719) RuntimeGrid:None EditorOnly:0 RuntimeOnly:0 HLODRelevant:1 FolderPath:Block04 FolderGuid:D00C3F324D055BED943FA6B0235C7FA2
 |   |   |- Guid:6FEFB3BD4EB37B849EF0D4AC80F83855 BaseClass: NativeClass:/Script/Engine.WorldDataLayers Name:WorldDataLayers Label:WorldDataLayers SpatiallyLoaded:0 Bounds:IsValid=true, Min=(X=0.000 Y=0.000 Z=0.000), Max=(X=0.000 Y=0.000 Z=0.000) RuntimeGrid:None EditorOnly:0 RuntimeOnly:0 HLODRelevant:0
 |   |   |- Guid:740DE88A49BAA6B57B4551A2AE9B249E BaseClass: NativeClass:/Script/Engine.StaticMeshActor Name:StaticMeshActor_UAID_049226BE3E3CA67A01_1522914230 Label:SM_Cube27 SpatiallyLoaded:1 Bounds:IsValid=true, Min=(X=1302.391 Y=1758.738 Z=0.566), Max=(X=1697.040 Y=1800.547 Z=43.719) RuntimeGrid:None EditorOnly:0 RuntimeOnly:0 HLODRelevant:1 FolderPath:Block04 FolderGuid:D00C3F324D055BED943FA6B0235C7FA2
 |   |   |- Guid:76F3ACD24C22F256F6385A96A9298D9C BaseClass: NativeClass:/Script/Engine.StaticMeshActor Name:StaticMeshActor_UAID_049226BE3E3CA57A01_1896942043 Label:SM_QuarterCylinder19 SpatiallyLoaded:1 Bounds:IsValid=true, Min=(X=1349.881 Y=1600.000 Z=661.220), Max=(X=1449.881 Y=1700.000 Z=684.294) RuntimeGrid:None EditorOnly:0 RuntimeOnly:0 HLODRelevant:1 FolderPath:Block02 FolderGuid:275232DB4A90E8B2799B29BD69C59B9E
 |   |   |- Guid:84359A834BB1BF17A4B87E9D0BF8A44B BaseClass: NativeClass:/Script/Engine.StaticMeshActor Name:StaticMeshActor_UAID_049226BE3E3CA57A01_1617978034 Label:SM_Cube18 SpatiallyLoaded:1 Bounds:IsValid=true, Min=(X=1551.017 Y=1698.068 Z=-36.629), Max=(X=1651.017 Y=1798.068 Z=669.098) RuntimeGrid:None EditorOnly:0 RuntimeOnly:0 HLODRelevant:1 FolderPath:Block02 FolderGuid:275232DB4A90E8B2799B29BD69C59B9E
 |   |   |- Guid:845F5DCC45FA513F8F244B89ABC3B8AB BaseClass: NativeClass:/Script/Engine.StaticMeshActor Name:StaticMeshActor_UAID_049226BE3E3CD77C01_1840983952 Label:SM_Cube30 SpatiallyLoaded:1 Bounds:IsValid=true, Min=(X=2874.365 Y=1651.929 Z=666.204), Max=(X=2982.677 Y=1693.738 Z=839.814) RuntimeGrid:None EditorOnly:0 RuntimeOnly:0 HLODRelevant:1 FolderPath:Block04 FolderGuid:D00C3F324D055BED943FA6B0235C7FA2
 |   |   |- Guid:846A5A4F4342116063ACBFAD15CE3150 BaseClass: NativeClass:/Script/Engine.PointLight Name:PointLight_UAID_049226BE3E3CD77C01_1424766946 Label:PointLight3 SpatiallyLoaded:1 Bounds:IsValid=true, Min=(X=-15340.236 Y=-14157.444 Z=-15912.226), Max=(X=17427.764 Y=18610.556 Z=16855.774) RuntimeGrid:None EditorOnly:0 RuntimeOnly:0 HLODRelevant:0
 |   |   |- Guid:8559D1384B14F466E8927697A36C1D78 BaseClass: NativeClass:/Script/Engine.StaticMeshActor Name:StaticMeshActor_9 Label:SM_Cube5 SpatiallyLoaded:1 Bounds:IsValid=true, Min=(X=387.823 Y=-124.865 Z=0.000), Max=(X=1502.685 Y=3044.523 Z=4029.713) RuntimeGrid:None EditorOnly:0 RuntimeOnly:0 HLODRelevant:1 FolderPath:Playground FolderGuid:6C02BB504B69D1F3D7A624B130C18E5B
 |   |   |- Guid:8FA898DA404775E7204C0681C32F30A6 BaseClass: NativeClass:/Script/Engine.StaticMeshActor Name:StaticMeshActor_UAID_049226BE3E3CDC7C01_2146695823 Label:SM_Cube7 SpatiallyLoaded:1 Bounds:IsValid=true, Min=(X=-2817.082 Y=-104.108 Z=0.000), Max=(X=482.918 Y=-4.108 Z=4029.713) RuntimeGrid:None EditorOnly:0 RuntimeOnly:0 HLODRelevant:1 FolderPath:Playground FolderGuid:6C02BB504B69D1F3D7A624B130C18E5B
 |   |   |- Guid:9050C6A64D81A7F573AD72872053341B BaseClass: NativeClass:/Script/Engine.StaticMeshActor Name:StaticMeshActor_UAID_049226BE3E3CA57A01_1717827040 Label:SM_Cube22 SpatiallyLoaded:1 Bounds:IsValid=true, Min=(X=1345.360 Y=1739.300 Z=-16.914), Max=(X=1653.223 Y=1781.109 Z=688.813) RuntimeGrid:None EditorOnly:0 RuntimeOnly:0 HLODRelevant:1 FolderPath:Block04 FolderGuid:D00C3F324D055BED943FA6B0235C7FA2
 |   |   |- Guid:90B7B8D3420C2EABA931D3A6A69DF696 BaseClass: NativeClass:/Script/Engine.StaticMeshActor Name:StaticMeshActor_3 Label:SM_Cube2 SpatiallyLoaded:1 Bounds:IsValid=true, Min=(X=-1198.868 Y=2904.845 Z=0.000), Max=(X=1506.440 Y=4908.563 Z=4029.713) RuntimeGrid:None EditorOnly:0 RuntimeOnly:0 HLODRelevant:1 FolderPath:Playground FolderGuid:6C02BB504B69D1F3D7A624B130C18E5B
 |   |   |- Guid:9A6FB5BA4C7FA4D2524E4490B900C87C BaseClass:/Game/Blueprints/BP_TargetSpawner2.BP_TargetSpawner2_C NativeClass:/Script/Engine.Actor Name:BP_TargetSpawner2_C_UAID_049226BE3E3CDE7C01_1472260211 Label:BP_TargetSpawner3 SpatiallyLoaded:1 Bounds:IsValid=true, Min=(X=-1223.687 Y=2130.366 Z=51.502), Max=(X=-1123.687 Y=2230.366 Z=151.502) RuntimeGrid:None EditorOnly:0 RuntimeOnly:0 HLODRelevant:0
 |   |   |- Guid:9F0FAC93493281B28C2D4EBDF175DAFB BaseClass: NativeClass:/Script/Engine.StaticMeshActor Name:StaticMeshActor_UAID_049226BE3E3CA57A01_1896946047 Label:SM_QuarterCylinder22 SpatiallyLoaded:1 Bounds:IsValid=true, Min=(X=1551.017 Y=1598.068 Z=661.220), Max=(X=1651.017 Y=1698.068 Z=684.294) RuntimeGrid:None EditorOnly:0 RuntimeOnly:0 HLODRelevant:1 FolderPath:Block02 FolderGuid:275232DB4A90E8B2799B29BD69C59B9E
 |   |   |- Guid:A354B1B24E617A525DC6B48CCDE2417E BaseClass: NativeClass:/Script/Engine.PlayerStart Name:PlayerStart_0 Label:PlayerStart SpatiallyLoaded:0 Bounds:IsValid=true, Min=(X=-1421.368 Y=1509.852 Z=15.721), Max=(X=-1341.368 Y=1589.852 Z=199.721) RuntimeGrid:None EditorOnly:0 RuntimeOnly:0 HLODRelevant:0
 |   |   |- Guid:B0B1A05343284D70031C5FB54679A4CB BaseClass: NativeClass:/Script/Engine.PointLight Name:PointLight_UAID_049226BE3E3CD77C01_1422215945 Label:PointLight2 SpatiallyLoaded:1 Bounds:IsValid=true, Min=(X=-14338.247 Y=-14157.444 Z=-15912.226), Max=(X=18429.753 Y=18610.556 Z=16855.774) RuntimeGrid:None EditorOnly:0 RuntimeOnly:0 HLODRelevant:0
 |   |   |- Guid:B19AA56648C3D04EA08BB9B66F4ACA4B BaseClass: NativeClass:/Script/Engine.StaticMeshActor Name:StaticMeshActor_UAID_049226BE3E3CA57A01_1896939042 Label:SM_Cube19 SpatiallyLoaded:1 Bounds:IsValid=true, Min=(X=1349.881 Y=1700.000 Z=661.220), Max=(X=1449.881 Y=1800.000 Z=684.294) RuntimeGrid:None EditorOnly:0 RuntimeOnly:0 HLODRelevant:1 FolderPath:Block02 FolderGuid:275232DB4A90E8B2799B29BD69C59B9E
 |   |   |- Guid:BAC430324CF0EEC154CBD98A7D3804AF BaseClass: NativeClass:/Script/Engine.StaticMeshActor Name:StaticMeshActor_UAID_049226BE3E3CA57A01_1896945046 Label:SM_QuarterCylinder21 SpatiallyLoaded:1 Bounds:IsValid=true, Min=(X=1551.017 Y=1798.068 Z=661.220), Max=(X=1651.017 Y=1898.068 Z=684.294) RuntimeGrid:None EditorOnly:0 RuntimeOnly:0 HLODRelevant:1 FolderPath:Block02 FolderGuid:275232DB4A90E8B2799B29BD69C59B9E
 |   |   |- Guid:BE90E11342CCCEFF7B8AE98EF620818B BaseClass: NativeClass:/Script/Engine.StaticMeshActor Name:StaticMeshActor_UAID_049226BE3E3CDE7C01_1733762214 Label:Cylinder2 SpatiallyLoaded:1 Bounds:IsValid=true, Min=(X=-277.611 Y=2275.226 Z=227.884), Max=(X=528.284 Y=3081.121 Z=1222.091) RuntimeGrid:None EditorOnly:0 RuntimeOnly:0 HLODRelevant:0
 |   |   |- Guid:C0C56B9644AE3D40CAFF6A878DB29844 BaseClass: NativeClass:/Script/Engine.StaticMeshActor Name:StaticMeshActor_UAID_A4AE111137DC5EFB00_2001720423 Label:SM_SkySphere SpatiallyLoaded:0 Bounds:IsValid=true, Min=(X=-1638400.000 Y=-1638400.000 Z=-1638400.000), Max=(X=1638400.000 Y=1638400.000 Z=1638400.000) RuntimeGrid:None EditorOnly:0 RuntimeOnly:0 HLODRelevant:1 FolderPath:Lighting FolderGuid:0BA5F0A04EADB18E70D5B180D08FA34B
 |   |   |- Guid:C22CE07C4B87D685137FDBBC10FC92C6 BaseClass: NativeClass:/Script/Engine.SkyAtmosphere Name:SkyAtmosphere_0 Label:SkyAtmosphere SpatiallyLoaded:0 Bounds:IsValid=true, Min=(X=0.000 Y=0.000 Z=1020.000), Max=(X=0.000 Y=0.000 Z=1020.000) RuntimeGrid:None EditorOnly:0 RuntimeOnly:0 HLODRelevant:0 FolderPath:Lighting FolderGuid:0BA5F0A04EADB18E70D5B180D08FA34B
 |   |   |- Guid:C6DCEF784A782C054224D99822D21ACC BaseClass: NativeClass:/Script/Engine.StaticMeshActor Name:StaticMeshActor_UAID_049226BE3E3CA67A01_1424021227 Label:Torus SpatiallyLoaded:1 Bounds:IsValid=true, Min=(X=1052.777 Y=1324.639 Z=0.000), Max=(X=1945.478 Y=2217.340 Z=43.301) RuntimeGrid:None EditorOnly:0 RuntimeOnly:0 HLODRelevant:0
 |   |   |- Guid:CB386F87412BD473B4F1E9B95ECD37FD BaseClass: NativeClass:/Script/Engine.StaticMeshActor Name:StaticMeshActor_UAID_049226BE3E3CA57A01_1896944045 Label:SM_Cube24 SpatiallyLoaded:1 Bounds:IsValid=true, Min=(X=1551.017 Y=1698.068 Z=661.220), Max=(X=1651.017 Y=1798.068 Z=684.294) RuntimeGrid:None EditorOnly:0 RuntimeOnly:0 HLODRelevant:1 FolderPath:Block02 FolderGuid:275232DB4A90E8B2799B29BD69C59B9E
 |   |   |- Guid:CE8D82634660FCDB3120E2B8D547C533 BaseClass: NativeClass:/Script/Engine.PostProcessVolume Name:PostProcessVolume_0 Label:PostProcessVolume SpatiallyLoaded:0 Bounds:IsValid=true, Min=(X=0.000 Y=0.000 Z=400.000), Max=(X=200.000 Y=200.000 Z=600.000) RuntimeGrid:None EditorOnly:0 RuntimeOnly:0 HLODRelevant:0 FolderPath:Lighting FolderGuid:0BA5F0A04EADB18E70D5B180D08FA34B
 |   |   |- Guid:DA16ADB3486EE12391D8B0821E2FE4A7 BaseClass: NativeClass:/Script/Engine.StaticMeshActor Name:StaticMeshActor_UAID_049226BE3E3CA57A01_1749680041 Label:SM_Cube23 SpatiallyLoaded:1 Bounds:IsValid=true, Min=(X=1446.600 Y=1712.325 Z=621.875), Max=(X=1546.600 Y=1812.325 Z=688.544) RuntimeGrid:None EditorOnly:0 RuntimeOnly:0 HLODRelevant:1 FolderPath:Block04 FolderGuid:D00C3F324D055BED943FA6B0235C7FA2
 |   |   |- Guid:DDC8ACD540EBDC243D024EB4FFF2764F BaseClass: NativeClass:/Script/Engine.StaticMeshActor Name:StaticMeshActor_UAID_049226BE3E3CDE7C01_1258998207 Label:Torus3 SpatiallyLoaded:1 Bounds:IsValid=true, Min=(X=2377.116 Y=-1098.578 Z=-6.008), Max=(X=2527.116 Y=-948.578 Z=43.992) RuntimeGrid:None EditorOnly:0 RuntimeOnly:0 HLODRelevant:0
 |   |   |- Guid:E4D27D9947ABC6EF7C032D99A45F01B7 BaseClass: NativeClass:/Script/Engine.StaticMeshActor Name:StaticMeshActor_UAID_049226BE3E3CD77C01_1828798951 Label:SM_Cube29 SpatiallyLoaded:1 Bounds:IsValid=true, Min=(X=1691.626 Y=1739.300 Z=-83.850), Max=(X=2898.118 Y=1781.109 Z=24.462) RuntimeGrid:None EditorOnly:0 RuntimeOnly:0 HLODRelevant:1 FolderPath:Block04 FolderGuid:D00C3F324D055BED943FA6B0235C7FA2
 |   |   |- Guid:E5320C1B4FD9764CE7B54D8487AEC613 BaseClass: NativeClass:/Script/Engine.SkyLight Name:SkyLight_0 Label:SkyLight SpatiallyLoaded:0 Bounds:IsValid=true, Min=(X=0.000 Y=0.000 Z=690.000), Max=(X=0.000 Y=0.000 Z=690.000) RuntimeGrid:None EditorOnly:0 RuntimeOnly:0 HLODRelevant:0 FolderPath:Lighting FolderGuid:0BA5F0A04EADB18E70D5B180D08FA34B
 |   |   |- Guid:EE66F4454A4A9F99393F559AB739C05E BaseClass:/Game/FirstPerson/Blueprints/BP_Pickup_Rifle.BP_Pickup_Rifle_C NativeClass:/Script/Engine.Actor Name:BP_Rifle_C_1 Label:BP_Pickup_Rifle SpatiallyLoaded:1 Bounds:IsValid=true, Min=(X=-17.299 Y=1370.662 Z=38.168), Max=(X=41.927 Y=1453.430 Z=102.168) RuntimeGrid:None EditorOnly:0 RuntimeOnly:0 HLODRelevant:0
 |   |   |- Guid:F07F1AF64C7C7C238EE1B4BF8C122DD8 BaseClass: NativeClass:/Script/Engine.StaticMeshActor Name:StaticMeshActor_4 Label:SM_Cube3 SpatiallyLoaded:1 Bounds:IsValid=true, Min=(X=-3844.243 Y=2959.072 Z=0.000), Max=(X=-1118.342 Y=4977.751 Z=4029.713) RuntimeGrid:None EditorOnly:0 RuntimeOnly:0 HLODRelevant:1 FolderPath:Playground FolderGuid:6C02BB504B69D1F3D7A624B130C18E5B
 |   |   |- Guid:F1C5A1DB49E3D88738816E9CE0752132 BaseClass: NativeClass:/Script/Engine.StaticMeshActor Name:StaticMeshActor_UAID_049226BE3E3CA57A01_1617980036 Label:SM_QuarterCylinder18 SpatiallyLoaded:1 Bounds:IsValid=true, Min=(X=1551.017 Y=1598.068 Z=-36.629), Max=(X=1651.016 Y=1698.068 Z=669.098) RuntimeGrid:None EditorOnly:0 RuntimeOnly:0 HLODRelevant:1 FolderPath:Block02 FolderGuid:275232DB4A90E8B2799B29BD69C59B9E
 |   |   |- Guid:F6D352F34B0088A61FB0B3B9354E2447 BaseClass: NativeClass:/Script/Engine.StaticMeshActor Name:StaticMeshActor_UAID_049226BE3E3CA57A01_1617979035 Label:SM_QuarterCylinder17 SpatiallyLoaded:1 Bounds:IsValid=true, Min=(X=1551.016 Y=1798.068 Z=-36.629), Max=(X=1651.017 Y=1898.068 Z=669.098) RuntimeGrid:None EditorOnly:0 RuntimeOnly:0 HLODRelevant:1 FolderPath:Block02 FolderGuid:275232DB4A90E8B2799B29BD69C59B9E
 |   |   |- Guid:F80621C9446867154938FE81375207DA BaseClass: NativeClass:/Script/Engine.DirectionalLight Name:DirectionalLight_1 Label:DirectionalLight SpatiallyLoaded:0 Bounds:IsValid=true, Min=(X=-1048576.000 Y=-1048576.000 Z=-1048576.000), Max=(X=1048576.000 Y=1048576.000 Z=1048576.000) RuntimeGrid:None EditorOnly:0 RuntimeOnly:0 HLODRelevant:0 FolderPath:Lighting FolderGuid:0BA5F0A04EADB18E70D5B180D08FA34B
 |   |   |- Guid:FD83521C447C1D16D37A94B59D07E575 BaseClass: NativeClass:/Script/Engine.StaticMeshActor Name:StaticMeshActor_UAID_049226BE3E3CD77C01_1850757953 Label:SM_Cube31 SpatiallyLoaded:1 Bounds:IsValid=true, Min=(X=2874.365 Y=1826.705 Z=666.204), Max=(X=2982.677 Y=1868.515 Z=881.873) RuntimeGrid:None EditorOnly:0 RuntimeOnly:0 HLODRelevant:1 FolderPath:Block04 FolderGuid:D00C3F324D055BED943FA6B0235C7FA2
 |   |- [+] Clusters:
 |   |   |- [+] [  0]
 |   |   |   |- Guid:18139B884132AFFF34BB778C280C6074 BaseClass: NativeClass:/Script/Engine.StaticMeshActor Name:StaticMeshActor_UAID_049226BE3E3CA57A01_1697048039 Label:SM_Cube21 SpatiallyLoaded:1 Bounds:IsValid=true, Min=(X=1475.589 Y=1601.871 Z=-16.914), Max=(X=1517.398 Y=1902.369 Z=688.813) RuntimeGrid:None EditorOnly:0 RuntimeOnly:0 HLODRelevant:1 FolderPath:Block04 FolderGuid:D00C3F324D055BED943FA6B0235C7FA2
 |   |   |- [+] [  1]
 |   |   |   |- Guid:61391D344900612A77DFC3BA3E354907 BaseClass: NativeClass:/Script/Engine.ExponentialHeightFog Name:ExponentialHeightFog_0 Label:ExponentialHeightFog SpatiallyLoaded:0 Bounds:IsValid=true, Min=(X=-5600.000 Y=-50.000 Z=-6850.000), Max=(X=-5600.000 Y=-50.000 Z=-6850.000) RuntimeGrid:None EditorOnly:0 RuntimeOnly:0 HLODRelevant:0 FolderPath:Lighting FolderGuid:0BA5F0A04EADB18E70D5B180D08FA34B
 |   |   |- [+] [  2]
 |   |   |   |- Guid:5FE7584649BB6F09265329A6C57CFD0D BaseClass: NativeClass:/Script/Engine.VolumetricCloud Name:VolumetricCloud_0 Label:VolumetricCloud SpatiallyLoaded:0 Bounds:IsValid=true, Min=(X=0.000 Y=0.000 Z=820.000), Max=(X=0.000 Y=0.000 Z=820.000) RuntimeGrid:None EditorOnly:0 RuntimeOnly:0 HLODRelevant:0 FolderPath:Lighting FolderGuid:0BA5F0A04EADB18E70D5B180D08FA34B
 |   |   |- [+] [  3]
 |   |   |   |- Guid:84359A834BB1BF17A4B87E9D0BF8A44B BaseClass: NativeClass:/Script/Engine.StaticMeshActor Name:StaticMeshActor_UAID_049226BE3E3CA57A01_1617978034 Label:SM_Cube18 SpatiallyLoaded:1 Bounds:IsValid=true, Min=(X=1551.017 Y=1698.068 Z=-36.629), Max=(X=1651.017 Y=1798.068 Z=669.098) RuntimeGrid:None EditorOnly:0 RuntimeOnly:0 HLODRelevant:1 FolderPath:Block02 FolderGuid:275232DB4A90E8B2799B29BD69C59B9E
 |   |   |- [+] [  4]
 |   |   |   |- Guid:F80621C9446867154938FE81375207DA BaseClass: NativeClass:/Script/Engine.DirectionalLight Name:DirectionalLight_1 Label:DirectionalLight SpatiallyLoaded:0 Bounds:IsValid=true, Min=(X=-1048576.000 Y=-1048576.000 Z=-1048576.000), Max=(X=1048576.000 Y=1048576.000 Z=1048576.000) RuntimeGrid:None EditorOnly:0 RuntimeOnly:0 HLODRelevant:0 FolderPath:Lighting FolderGuid:0BA5F0A04EADB18E70D5B180D08FA34B
 |   |   |- [+] [  5]
 |   |   |   |- Guid:B19AA56648C3D04EA08BB9B66F4ACA4B BaseClass: NativeClass:/Script/Engine.StaticMeshActor Name:StaticMeshActor_UAID_049226BE3E3CA57A01_1896939042 Label:SM_Cube19 SpatiallyLoaded:1 Bounds:IsValid=true, Min=(X=1349.881 Y=1700.000 Z=661.220), Max=(X=1449.881 Y=1800.000 Z=684.294) RuntimeGrid:None EditorOnly:0 RuntimeOnly:0 HLODRelevant:1 FolderPath:Block02 FolderGuid:275232DB4A90E8B2799B29BD69C59B9E
 |   |   |- [+] [  6]
 |   |   |   |- Guid:76F3ACD24C22F256F6385A96A9298D9C BaseClass: NativeClass:/Script/Engine.StaticMeshActor Name:StaticMeshActor_UAID_049226BE3E3CA57A01_1896942043 Label:SM_QuarterCylinder19 SpatiallyLoaded:1 Bounds:IsValid=true, Min=(X=1349.881 Y=1600.000 Z=661.220), Max=(X=1449.881 Y=1700.000 Z=684.294) RuntimeGrid:None EditorOnly:0 RuntimeOnly:0 HLODRelevant:1 FolderPath:Block02 FolderGuid:275232DB4A90E8B2799B29BD69C59B9E
 |   |   |- [+] [  7]
 |   |   |   |- Guid:00AC4C5E4E60599FD60087B1DAC3B9AE BaseClass: NativeClass:/Script/Engine.PointLight Name:PointLight_UAID_049226BE3E3CD77C01_1427436947 Label:PointLight4 SpatiallyLoaded:1 Bounds:IsValid=true, Min=(X=-15340.236 Y=-15498.379 Z=-15912.226), Max=(X=17427.764 Y=17269.621 Z=16855.774) RuntimeGrid:None EditorOnly:0 RuntimeOnly:0 HLODRelevant:0
 |   |   |- [+] [  8]
 |   |   |   |- Guid:CB386F87412BD473B4F1E9B95ECD37FD BaseClass: NativeClass:/Script/Engine.StaticMeshActor Name:StaticMeshActor_UAID_049226BE3E3CA57A01_1896944045 Label:SM_Cube24 SpatiallyLoaded:1 Bounds:IsValid=true, Min=(X=1551.017 Y=1698.068 Z=661.220), Max=(X=1651.017 Y=1798.068 Z=684.294) RuntimeGrid:None EditorOnly:0 RuntimeOnly:0 HLODRelevant:1 FolderPath:Block02 FolderGuid:275232DB4A90E8B2799B29BD69C59B9E
 |   |   |- [+] [  9]
 |   |   |   |- Guid:BAC430324CF0EEC154CBD98A7D3804AF BaseClass: NativeClass:/Script/Engine.StaticMeshActor Name:StaticMeshActor_UAID_049226BE3E3CA57A01_1896945046 Label:SM_QuarterCylinder21 SpatiallyLoaded:1 Bounds:IsValid=true, Min=(X=1551.017 Y=1798.068 Z=661.220), Max=(X=1651.017 Y=1898.068 Z=684.294) RuntimeGrid:None EditorOnly:0 RuntimeOnly:0 HLODRelevant:1 FolderPath:Block02 FolderGuid:275232DB4A90E8B2799B29BD69C59B9E
 |   |   |- [+] [ 10]
 |   |   |   |- Guid:C6DCEF784A782C054224D99822D21ACC BaseClass: NativeClass:/Script/Engine.StaticMeshActor Name:StaticMeshActor_UAID_049226BE3E3CA67A01_1424021227 Label:Torus SpatiallyLoaded:1 Bounds:IsValid=true, Min=(X=1052.777 Y=1324.639 Z=0.000), Max=(X=1945.478 Y=2217.340 Z=43.301) RuntimeGrid:None EditorOnly:0 RuntimeOnly:0 HLODRelevant:0
 |   |   |- [+] [ 11]
 |   |   |   |- Guid:F1C5A1DB49E3D88738816E9CE0752132 BaseClass: NativeClass:/Script/Engine.StaticMeshActor Name:StaticMeshActor_UAID_049226BE3E3CA57A01_1617980036 Label:SM_QuarterCylinder18 SpatiallyLoaded:1 Bounds:IsValid=true, Min=(X=1551.017 Y=1598.068 Z=-36.629), Max=(X=1651.016 Y=1698.068 Z=669.098) RuntimeGrid:None EditorOnly:0 RuntimeOnly:0 HLODRelevant:1 FolderPath:Block02 FolderGuid:275232DB4A90E8B2799B29BD69C59B9E
 |   |   |- [+] [ 12]
 |   |   |   |- Guid:1F0E08A04397259D2CD3A9922CF92DD1 BaseClass: NativeClass:/Script/Engine.StaticMeshActor Name:StaticMeshActor_UAID_049226BE3E3CA57A01_1614441033 Label:SM_QuarterCylinder16 SpatiallyLoaded:1 Bounds:IsValid=true, Min=(X=1349.881 Y=1800.000 Z=-36.629), Max=(X=1449.881 Y=1900.000 Z=669.098) RuntimeGrid:None EditorOnly:0 RuntimeOnly:0 HLODRelevant:1 FolderPath:Block02 FolderGuid:275232DB4A90E8B2799B29BD69C59B9E
 |   |   |- [+] [ 13]
 |   |   |   |- Guid:90B7B8D3420C2EABA931D3A6A69DF696 BaseClass: NativeClass:/Script/Engine.StaticMeshActor Name:StaticMeshActor_3 Label:SM_Cube2 SpatiallyLoaded:1 Bounds:IsValid=true, Min=(X=-1198.868 Y=2904.845 Z=0.000), Max=(X=1506.440 Y=4908.563 Z=4029.713) RuntimeGrid:None EditorOnly:0 RuntimeOnly:0 HLODRelevant:1 FolderPath:Playground FolderGuid:6C02BB504B69D1F3D7A624B130C18E5B
 |   |   |- [+] [ 14]
 |   |   |   |- Guid:9F0FAC93493281B28C2D4EBDF175DAFB BaseClass: NativeClass:/Script/Engine.StaticMeshActor Name:StaticMeshActor_UAID_049226BE3E3CA57A01_1896946047 Label:SM_QuarterCylinder22 SpatiallyLoaded:1 Bounds:IsValid=true, Min=(X=1551.017 Y=1598.068 Z=661.220), Max=(X=1651.017 Y=1698.068 Z=684.294) RuntimeGrid:None EditorOnly:0 RuntimeOnly:0 HLODRelevant:1 FolderPath:Block02 FolderGuid:275232DB4A90E8B2799B29BD69C59B9E
 |   |   |- [+] [ 15]
 |   |   |   |- Guid:0697BB0A4285E4CFD9A3E886AB5223BB BaseClass: NativeClass:/Script/Engine.StaticMeshActor Name:StaticMeshActor_UAID_049226BE3E3CA57A01_1896943044 Label:SM_QuarterCylinder20 SpatiallyLoaded:1 Bounds:IsValid=true, Min=(X=1349.881 Y=1800.000 Z=661.220), Max=(X=1449.881 Y=1900.000 Z=684.294) RuntimeGrid:None EditorOnly:0 RuntimeOnly:0 HLODRelevant:1 FolderPath:Block02 FolderGuid:275232DB4A90E8B2799B29BD69C59B9E
 |   |   |- [+] [ 16]
 |   |   |   |- Guid:846A5A4F4342116063ACBFAD15CE3150 BaseClass: NativeClass:/Script/Engine.PointLight Name:PointLight_UAID_049226BE3E3CD77C01_1424766946 Label:PointLight3 SpatiallyLoaded:1 Bounds:IsValid=true, Min=(X=-15340.236 Y=-14157.444 Z=-15912.226), Max=(X=17427.764 Y=18610.556 Z=16855.774) RuntimeGrid:None EditorOnly:0 RuntimeOnly:0 HLODRelevant:0
 |   |   |- [+] [ 17]
 |   |   |   |- Guid:9050C6A64D81A7F573AD72872053341B BaseClass: NativeClass:/Script/Engine.StaticMeshActor Name:StaticMeshActor_UAID_049226BE3E3CA57A01_1717827040 Label:SM_Cube22 SpatiallyLoaded:1 Bounds:IsValid=true, Min=(X=1345.360 Y=1739.300 Z=-16.914), Max=(X=1653.223 Y=1781.109 Z=688.813) RuntimeGrid:None EditorOnly:0 RuntimeOnly:0 HLODRelevant:1 FolderPath:Block04 FolderGuid:D00C3F324D055BED943FA6B0235C7FA2
 |   |   |- [+] [ 18]
 |   |   |   |- Guid:EE66F4454A4A9F99393F559AB739C05E BaseClass:/Game/FirstPerson/Blueprints/BP_Pickup_Rifle.BP_Pickup_Rifle_C NativeClass:/Script/Engine.Actor Name:BP_Rifle_C_1 Label:BP_Pickup_Rifle SpatiallyLoaded:1 Bounds:IsValid=true, Min=(X=-17.299 Y=1370.662 Z=38.168), Max=(X=41.927 Y=1453.430 Z=102.168) RuntimeGrid:None EditorOnly:0 RuntimeOnly:0 HLODRelevant:0
 |   |   |- [+] [ 19]
 |   |   |   |- Guid:0B109E5C47C68041D941FFB81C48EC78 BaseClass: NativeClass:/Script/Engine.StaticMeshActor Name:StaticMeshActor_UAID_049226BE3E3CA57A01_1896947048 Label:SM_Cube25 SpatiallyLoaded:1 Bounds:IsValid=true, Min=(X=1446.600 Y=1608.720 Z=661.220), Max=(X=1551.417 Y=1886.077 Z=684.294) RuntimeGrid:None EditorOnly:0 RuntimeOnly:0 HLODRelevant:1 FolderPath:Block04 FolderGuid:D00C3F324D055BED943FA6B0235C7FA2
 |   |   |- [+] [ 20]
 |   |   |   |- Guid:016019FE436CA0B86074918482073301 BaseClass: NativeClass:/Script/Engine.StaticMeshActor Name:StaticMeshActor_UAID_049226BE3E3CD77C01_1854331955 Label:SM_Cube33 SpatiallyLoaded:1 Bounds:IsValid=true, Min=(X=2874.365 Y=1653.835 Z=666.204), Max=(X=2982.677 Y=1827.445 Z=708.014) RuntimeGrid:None EditorOnly:0 RuntimeOnly:0 HLODRelevant:1 FolderPath:Block04 FolderGuid:D00C3F324D055BED943FA6B0235C7FA2
 |   |   |- [+] [ 21]
 |   |   |   |- Guid:DA16ADB3486EE12391D8B0821E2FE4A7 BaseClass: NativeClass:/Script/Engine.StaticMeshActor Name:StaticMeshActor_UAID_049226BE3E3CA57A01_1749680041 Label:SM_Cube23 SpatiallyLoaded:1 Bounds:IsValid=true, Min=(X=1446.600 Y=1712.325 Z=621.875), Max=(X=1546.600 Y=1812.325 Z=688.544) RuntimeGrid:None EditorOnly:0 RuntimeOnly:0 HLODRelevant:1 FolderPath:Block04 FolderGuid:D00C3F324D055BED943FA6B0235C7FA2
 |   |   |- [+] [ 22]
 |   |   |   |- Guid:E5320C1B4FD9764CE7B54D8487AEC613 BaseClass: NativeClass:/Script/Engine.SkyLight Name:SkyLight_0 Label:SkyLight SpatiallyLoaded:0 Bounds:IsValid=true, Min=(X=0.000 Y=0.000 Z=690.000), Max=(X=0.000 Y=0.000 Z=690.000) RuntimeGrid:None EditorOnly:0 RuntimeOnly:0 HLODRelevant:0 FolderPath:Lighting FolderGuid:0BA5F0A04EADB18E70D5B180D08FA34B
 |   |   |- [+] [ 23]
 |   |   |   |- Guid:F07F1AF64C7C7C238EE1B4BF8C122DD8 BaseClass: NativeClass:/Script/Engine.StaticMeshActor Name:StaticMeshActor_4 Label:SM_Cube3 SpatiallyLoaded:1 Bounds:IsValid=true, Min=(X=-3844.243 Y=2959.072 Z=0.000), Max=(X=-1118.342 Y=4977.751 Z=4029.713) RuntimeGrid:None EditorOnly:0 RuntimeOnly:0 HLODRelevant:1 FolderPath:Playground FolderGuid:6C02BB504B69D1F3D7A624B130C18E5B
 |   |   |- [+] [ 24]
 |   |   |   |- Guid:FD83521C447C1D16D37A94B59D07E575 BaseClass: NativeClass:/Script/Engine.StaticMeshActor Name:StaticMeshActor_UAID_049226BE3E3CD77C01_1850757953 Label:SM_Cube31 SpatiallyLoaded:1 Bounds:IsValid=true, Min=(X=2874.365 Y=1826.705 Z=666.204), Max=(X=2982.677 Y=1868.515 Z=881.873) RuntimeGrid:None EditorOnly:0 RuntimeOnly:0 HLODRelevant:1 FolderPath:Block04 FolderGuid:D00C3F324D055BED943FA6B0235C7FA2
 |   |   |- [+] [ 25]
 |   |   |   |- Guid:B0B1A05343284D70031C5FB54679A4CB BaseClass: NativeClass:/Script/Engine.PointLight Name:PointLight_UAID_049226BE3E3CD77C01_1422215945 Label:PointLight2 SpatiallyLoaded:1 Bounds:IsValid=true, Min=(X=-14338.247 Y=-14157.444 Z=-15912.226), Max=(X=18429.753 Y=18610.556 Z=16855.774) RuntimeGrid:None EditorOnly:0 RuntimeOnly:0 HLODRelevant:0
 |   |   |- [+] [ 26]
 |   |   |   |- Guid:740DE88A49BAA6B57B4551A2AE9B249E BaseClass: NativeClass:/Script/Engine.StaticMeshActor Name:StaticMeshActor_UAID_049226BE3E3CA67A01_1522914230 Label:SM_Cube27 SpatiallyLoaded:1 Bounds:IsValid=true, Min=(X=1302.391 Y=1758.738 Z=0.566), Max=(X=1697.040 Y=1800.547 Z=43.719) RuntimeGrid:None EditorOnly:0 RuntimeOnly:0 HLODRelevant:1 FolderPath:Block04 FolderGuid:D00C3F324D055BED943FA6B0235C7FA2
 |   |   |- [+] [ 27]
 |   |   |   |- Guid:2F2D358046C2DAF15BDEB78ADC271EBE BaseClass: NativeClass:/Script/Engine.StaticMeshActor Name:StaticMeshActor_UAID_049226BE3E3CA57A01_2094687049 Label:SM_Heis SpatiallyLoaded:1 Bounds:IsValid=true, Min=(X=8658.572 Y=1617.519 Z=-87.044), Max=(X=8966.435 Y=1921.820 Z=638.398) RuntimeGrid:None EditorOnly:0 RuntimeOnly:0 HLODRelevant:1
 |   |   |- [+] [ 28]
 |   |   |   |- Guid:0E107238468F3E2CB6736D883D3AD6FC BaseClass: NativeClass:/Script/Engine.StaticMeshActor Name:StaticMeshActor_UAID_049226BE3E3CA57A01_1670186038 Label:SM_Cube20 SpatiallyLoaded:1 Bounds:IsValid=true, Min=(X=1446.600 Y=1608.720 Z=-36.629), Max=(X=1551.417 Y=1886.077 Z=669.098) RuntimeGrid:None EditorOnly:0 RuntimeOnly:0 HLODRelevant:1 FolderPath:Block04 FolderGuid:D00C3F324D055BED943FA6B0235C7FA2
 |   |   |- [+] [ 29]
 |   |   |   |- Guid:6BBC7C37415F00347086DCB202FBED74 BaseClass: NativeClass:/Script/Engine.StaticMeshActor Name:StaticMeshActor_UAID_049226BE3E3CA67A01_1669567234 Label:Sm_Heis_Frame SpatiallyLoaded:1 Bounds:IsValid=true, Min=(X=8587.445 Y=1546.663 Z=533.914), Max=(X=9037.726 Y=1996.943 Z=577.633) RuntimeGrid:None EditorOnly:0 RuntimeOnly:0 HLODRelevant:1
 |   |   |- [+] [ 30]
 |   |   |   |- Guid:637F964A419C92E9D4A04FAA2AC861A2 BaseClass: NativeClass:/Script/Engine.StaticMeshActor Name:StaticMeshActor_UAID_049226BE3E3CD77C01_1854329954 Label:SM_Cube32 SpatiallyLoaded:1 Bounds:IsValid=true, Min=(X=2874.365 Y=1653.882 Z=839.406), Max=(X=2982.677 Y=1827.491 Z=881.215) RuntimeGrid:None EditorOnly:0 RuntimeOnly:0 HLODRelevant:1 FolderPath:Block04 FolderGuid:D00C3F324D055BED943FA6B0235C7FA2
 |   |   |- [+] [ 31]
 |   |   |   |- Guid:A354B1B24E617A525DC6B48CCDE2417E BaseClass: NativeClass:/Script/Engine.PlayerStart Name:PlayerStart_0 Label:PlayerStart SpatiallyLoaded:0 Bounds:IsValid=true, Min=(X=-1421.368 Y=1509.852 Z=15.721), Max=(X=-1341.368 Y=1589.852 Z=199.721) RuntimeGrid:None EditorOnly:0 RuntimeOnly:0 HLODRelevant:0
 |   |   |- [+] [ 32]
 |   |   |   |- Guid:5F29E9DF4426B88687A7619D41BC2571 BaseClass: NativeClass:/Script/Engine.StaticMeshActor Name:StaticMeshActor_UAID_049226BE3E3CD77C01_1816145950 Label:SM_Cube28 SpatiallyLoaded:1 Bounds:IsValid=true, Min=(X=2874.365 Y=1739.300 Z=-16.914), Max=(X=2982.677 Y=1781.109 Z=688.813) RuntimeGrid:None EditorOnly:0 RuntimeOnly:0 HLODRelevant:1 FolderPath:Block04 FolderGuid:D00C3F324D055BED943FA6B0235C7FA2
 |   |   |- [+] [ 33]
 |   |   |   |- Guid:845F5DCC45FA513F8F244B89ABC3B8AB BaseClass: NativeClass:/Script/Engine.StaticMeshActor Name:StaticMeshActor_UAID_049226BE3E3CD77C01_1840983952 Label:SM_Cube30 SpatiallyLoaded:1 Bounds:IsValid=true, Min=(X=2874.365 Y=1651.929 Z=666.204), Max=(X=2982.677 Y=1693.738 Z=839.814) RuntimeGrid:None EditorOnly:0 RuntimeOnly:0 HLODRelevant:1 FolderPath:Block04 FolderGuid:D00C3F324D055BED943FA6B0235C7FA2
 |   |   |- [+] [ 34]
 |   |   |   |- Guid:F6D352F34B0088A61FB0B3B9354E2447 BaseClass: NativeClass:/Script/Engine.StaticMeshActor Name:StaticMeshActor_UAID_049226BE3E3CA57A01_1617979035 Label:SM_QuarterCylinder17 SpatiallyLoaded:1 Bounds:IsValid=true, Min=(X=1551.016 Y=1798.068 Z=-36.629), Max=(X=1651.017 Y=1898.068 Z=669.098) RuntimeGrid:None EditorOnly:0 RuntimeOnly:0 HLODRelevant:1 FolderPath:Block02 FolderGuid:275232DB4A90E8B2799B29BD69C59B9E
 |   |   |- [+] [ 35]
 |   |   |   |- Guid:0EDB289B45CB7E0977A6DBA74201EE76 BaseClass: NativeClass:/Script/Engine.StaticMeshActor Name:StaticMeshActor_10 Label:SM_Cube6 SpatiallyLoaded:1 Bounds:IsValid=true, Min=(X=-3837.623 Y=-106.751 Z=0.000), Max=(X=-2722.761 Y=3062.637 Z=4029.713) RuntimeGrid:None EditorOnly:0 RuntimeOnly:0 HLODRelevant:1 FolderPath:Playground FolderGuid:6C02BB504B69D1F3D7A624B130C18E5B
 |   |   |- [+] [ 36]
 |   |   |   |- Guid:6FD404AA4B1DC95B1EA349A1D2DB1A72 BaseClass: NativeClass:/Script/Engine.StaticMeshActor Name:StaticMeshActor_UAID_049226BE3E3CA67A01_1435876228 Label:SM_Cube26 SpatiallyLoaded:1 Bounds:IsValid=true, Min=(X=1474.750 Y=1573.349 Z=0.566), Max=(X=1516.559 Y=1967.999 Z=43.719) RuntimeGrid:None EditorOnly:0 RuntimeOnly:0 HLODRelevant:1 FolderPath:Block04 FolderGuid:D00C3F324D055BED943FA6B0235C7FA2
 |   |   |- [+] [ 37]
 |   |   |   |- Guid:3231F3D04DD5299CC55645BBD7DB7926 BaseClass: NativeClass:/Script/Engine.PointLight Name:PointLight_UAID_049226BE3E3CD77C01_1414155944 Label:PointLight SpatiallyLoaded:1 Bounds:IsValid=true, Min=(X=-14338.247 Y=-15559.822 Z=-15912.226), Max=(X=18429.753 Y=17208.178 Z=16855.774) RuntimeGrid:None EditorOnly:0 RuntimeOnly:0 HLODRelevant:0
 |   |   |- [+] [ 38]
 |   |   |   |- Guid:E4D27D9947ABC6EF7C032D99A45F01B7 BaseClass: NativeClass:/Script/Engine.StaticMeshActor Name:StaticMeshActor_UAID_049226BE3E3CD77C01_1828798951 Label:SM_Cube29 SpatiallyLoaded:1 Bounds:IsValid=true, Min=(X=1691.626 Y=1739.300 Z=-83.850), Max=(X=2898.118 Y=1781.109 Z=24.462) RuntimeGrid:None EditorOnly:0 RuntimeOnly:0 HLODRelevant:1 FolderPath:Block04 FolderGuid:D00C3F324D055BED943FA6B0235C7FA2
 |   |   |- [+] [ 39]
 |   |   |   |- Guid:C22CE07C4B87D685137FDBBC10FC92C6 BaseClass: NativeClass:/Script/Engine.SkyAtmosphere Name:SkyAtmosphere_0 Label:SkyAtmosphere SpatiallyLoaded:0 Bounds:IsValid=true, Min=(X=0.000 Y=0.000 Z=1020.000), Max=(X=0.000 Y=0.000 Z=1020.000) RuntimeGrid:None EditorOnly:0 RuntimeOnly:0 HLODRelevant:0 FolderPath:Lighting FolderGuid:0BA5F0A04EADB18E70D5B180D08FA34B
 |   |   |- [+] [ 40]
 |   |   |   |- Guid:C0C56B9644AE3D40CAFF6A878DB29844 BaseClass: NativeClass:/Script/Engine.StaticMeshActor Name:StaticMeshActor_UAID_A4AE111137DC5EFB00_2001720423 Label:SM_SkySphere SpatiallyLoaded:0 Bounds:IsValid=true, Min=(X=-1638400.000 Y=-1638400.000 Z=-1638400.000), Max=(X=1638400.000 Y=1638400.000 Z=1638400.000) RuntimeGrid:None EditorOnly:0 RuntimeOnly:0 HLODRelevant:1 FolderPath:Lighting FolderGuid:0BA5F0A04EADB18E70D5B180D08FA34B
 |   |   |- [+] [ 41]
 |   |   |   |- Guid:6FEFB3BD4EB37B849EF0D4AC80F83855 BaseClass: NativeClass:/Script/Engine.WorldDataLayers Name:WorldDataLayers Label:WorldDataLayers SpatiallyLoaded:0 Bounds:IsValid=true, Min=(X=0.000 Y=0.000 Z=0.000), Max=(X=0.000 Y=0.000 Z=0.000) RuntimeGrid:None EditorOnly:0 RuntimeOnly:0 HLODRelevant:0
 |   |   |- [+] [ 42]
 |   |   |   |- Guid:686E705945191863BBD2DF9E09A3DF6C BaseClass: NativeClass:/Script/Engine.StaticMeshActor Name:StaticMeshActor_UAID_049226BE3E3CA57A01_1614440032 Label:SM_QuarterCylinder15 SpatiallyLoaded:1 Bounds:IsValid=true, Min=(X=1349.881 Y=1600.000 Z=-36.629), Max=(X=1449.881 Y=1700.000 Z=669.098) RuntimeGrid:None EditorOnly:0 RuntimeOnly:0 HLODRelevant:1 FolderPath:Block02 FolderGuid:275232DB4A90E8B2799B29BD69C59B9E
 |   |   |- [+] [ 43]
 |   |   |   |- Guid:656B7D694FAB60DF6ECC2DA185EA0C8D BaseClass: NativeClass:/Script/Engine.StaticMeshActor Name:StaticMeshActor_UAID_049226BE3E3CA57A01_1614437031 Label:SM_Cube17 SpatiallyLoaded:1 Bounds:IsValid=true, Min=(X=1349.881 Y=1700.000 Z=-36.629), Max=(X=1449.881 Y=1800.000 Z=669.098) RuntimeGrid:None EditorOnly:0 RuntimeOnly:0 HLODRelevant:1 FolderPath:Block02 FolderGuid:275232DB4A90E8B2799B29BD69C59B9E
 |   |   |- [+] [ 44]
 |   |   |   |- Guid:CE8D82634660FCDB3120E2B8D547C533 BaseClass: NativeClass:/Script/Engine.PostProcessVolume Name:PostProcessVolume_0 Label:PostProcessVolume SpatiallyLoaded:0 Bounds:IsValid=true, Min=(X=0.000 Y=0.000 Z=400.000), Max=(X=200.000 Y=200.000 Z=600.000) RuntimeGrid:None EditorOnly:0 RuntimeOnly:0 HLODRelevant:0 FolderPath:Lighting FolderGuid:0BA5F0A04EADB18E70D5B180D08FA34B
 |   |   |- [+] [ 45]
 |   |   |   |- Guid:8559D1384B14F466E8927697A36C1D78 BaseClass: NativeClass:/Script/Engine.StaticMeshActor Name:StaticMeshActor_9 Label:SM_Cube5 SpatiallyLoaded:1 Bounds:IsValid=true, Min=(X=387.823 Y=-124.865 Z=0.000), Max=(X=1502.685 Y=3044.523 Z=4029.713) RuntimeGrid:None EditorOnly:0 RuntimeOnly:0 HLODRelevant:1 FolderPath:Playground FolderGuid:6C02BB504B69D1F3D7A624B130C18E5B
 |   |   |- [+] [ 46]
 |   |   |   |- Guid:8FA898DA404775E7204C0681C32F30A6 BaseClass: NativeClass:/Script/Engine.StaticMeshActor Name:StaticMeshActor_UAID_049226BE3E3CDC7C01_2146695823 Label:SM_Cube7 SpatiallyLoaded:1 Bounds:IsValid=true, Min=(X=-2817.082 Y=-104.108 Z=0.000), Max=(X=482.918 Y=-4.108 Z=4029.713) RuntimeGrid:None EditorOnly:0 RuntimeOnly:0 HLODRelevant:1 FolderPath:Playground FolderGuid:6C02BB504B69D1F3D7A624B130C18E5B
 |   |   |- [+] [ 47]
 |   |   |   |- Guid:1690E46B4EA76D02574321AB13F0483B BaseClass: NativeClass:/Script/Engine.StaticMeshActor Name:StaticMeshActor_UAID_049226BE3E3CDE7C01_1238640206 Label:Cube2 SpatiallyLoaded:1 Bounds:IsValid=true, Min=(X=-5594.344 Y=-2980.155 Z=-106.008), Max=(X=3639.401 Y=6253.589 Z=-6.008) RuntimeGrid:None EditorOnly:0 RuntimeOnly:0 HLODRelevant:0
 |   |   |- [+] [ 48]
 |   |   |   |- Guid:DDC8ACD540EBDC243D024EB4FFF2764F BaseClass: NativeClass:/Script/Engine.StaticMeshActor Name:StaticMeshActor_UAID_049226BE3E3CDE7C01_1258998207 Label:Torus3 SpatiallyLoaded:1 Bounds:IsValid=true, Min=(X=2377.116 Y=-1098.578 Z=-6.008), Max=(X=2527.116 Y=-948.578 Z=43.992) RuntimeGrid:None EditorOnly:0 RuntimeOnly:0 HLODRelevant:0
 |   |   |- [+] [ 49]
 |   |   |   |- Guid:38439F30432EE4B6697B088D50FA4A9B BaseClass: NativeClass:/Script/Engine.StaticMeshActor Name:StaticMeshActor_UAID_049226BE3E3CDE7C01_1635602213 Label:Cylinder SpatiallyLoaded:1 Bounds:IsValid=true, Min=(X=-265.590 Y=2287.246 Z=255.547), Max=(X=516.263 Y=3069.100 Z=1189.672) RuntimeGrid:None EditorOnly:0 RuntimeOnly:0 HLODRelevant:0
 |   |   |- [+] [ 50]
 |   |   |   |- Guid:BE90E11342CCCEFF7B8AE98EF620818B BaseClass: NativeClass:/Script/Engine.StaticMeshActor Name:StaticMeshActor_UAID_049226BE3E3CDE7C01_1733762214 Label:Cylinder2 SpatiallyLoaded:1 Bounds:IsValid=true, Min=(X=-277.611 Y=2275.226 Z=227.884), Max=(X=528.284 Y=3081.121 Z=1222.091) RuntimeGrid:None EditorOnly:0 RuntimeOnly:0 HLODRelevant:0
 |   |   |- [+] [ 51]
 |   |   |   |- Guid:9A6FB5BA4C7FA4D2524E4490B900C87C BaseClass:/Game/Blueprints/BP_TargetSpawner2.BP_TargetSpawner2_C NativeClass:/Script/Engine.Actor Name:BP_TargetSpawner2_C_UAID_049226BE3E3CDE7C01_1472260211 Label:BP_TargetSpawner3 SpatiallyLoaded:1 Bounds:IsValid=true, Min=(X=-1223.687 Y=2130.366 Z=51.502), Max=(X=-1123.687 Y=2230.366 Z=151.502) RuntimeGrid:None EditorOnly:0 RuntimeOnly:0 HLODRelevant:0
 |- ContainerInstances:
 |- [+] MainContainer:
 |   |-        ID: 0x0000000000000000
 |   |-    Bounds: IsValid=false, Min=(X=0.000 Y=0.000 Z=0.000), Max=(X=0.000 Y=0.000 Z=0.000)
 |   |- Transform: 0.000000,0.000000,0.000000|0.000000,0.000000,-0.000000|1.000000,1.000000,1.000000
 |   |- Container: /Game/FirstPerson/Maps/FirstPersonMap
----------------------------------------------------------------------------------------------------------------
FirstPersonMap - Persistent Level
----------------------------------------------------------------------------------------------------------------
Always loaded Actor Count: 107 

----------------------------------------------------------------------------------------------------------------
FirstPersonMap - Runtime Spatial Hash - Streaming Grid - MainGrid
----------------------------------------------------------------------------------------------------------------
            Origin: X=0.000 Y=0.000 Z=0.000
         Cell Size: 12800
      World Bounds: IsValid=false, Min=(X=0.000 Y=0.000 Z=0.000), Max=(X=0.000 Y=0.000 Z=0.000)
     Loading Range: 25600.00
Block Slow Loading: No
 ClientOnlyVisible: No

[+] Grid Levels: 1
 |- Level  0: Cell Count    0 | Cell Size   12800 | Actor Count    0 (0.0%)

[+] Content of Grid Level 0

