[+] Containers:
 |- [+] Container: /Game/MAIN
 |   |- [+] ActorDescs:
 |   |   |- Guid:13C543F643BA80A4B3B75591260ACEC9 BaseClass: NativeClass:/Script/Engine.StaticMeshActor Name:StaticMeshActor_UAID_049226BE3E3CA57A01_1614437031 Label:SM_Cube17 SpatiallyLoaded:1 Bounds:IsValid=true, Min=(X=1349.881 Y=1700.000 Z=-36.629), Max=(X=1449.881 Y=1800.000 Z=669.098) RuntimeGrid:None EditorOnly:0 RuntimeOnly:0 HLODRelevant:1 FolderPath:Block02 FolderGuid:275232DB4A90E8B2799B29BD69C59B9E
 |   |   |- Guid:14BF7FB744C7D7167B155AAAF846238F BaseClass:/Game/Blueprints/CubeTypes/BP_Cube_Explode.BP_Cube_Explode_C NativeClass:/Script/Engine.Actor Name:BP_Bombe_C_UAID_049226BE3E3CD67C01_1895855782 Label:BP_Bombe5 SpatiallyLoaded:1 Bounds:IsValid=true, Min=(X=1294.999 Y=661.238 Z=1.380), Max=(X=1394.999 Y=761.238 Z=101.380) RuntimeGrid:None EditorOnly:0 RuntimeOnly:0 HLODRelevant:0
 |   |   |- Guid:176B161D412727291A86EE8046F5121C BaseClass: NativeClass:/Script/Engine.WorldDataLayers Name:WorldDataLayers Label:WorldDataLayers SpatiallyLoaded:0 Bounds:IsValid=true, Min=(X=0.000 Y=0.000 Z=0.000), Max=(X=0.000 Y=0.000 Z=0.000) RuntimeGrid:None EditorOnly:0 RuntimeOnly:0 HLODRelevant:0
 |   |   |- Guid:186F226B44A3D34A56FF8FB9DFD69DA9 BaseClass: NativeClass:/Script/Engine.StaticMeshActor Name:StaticMeshActor_UAID_049226BE3E3CA57A01_1697048039 Label:SM_Cube21 SpatiallyLoaded:1 Bounds:IsValid=true, Min=(X=1475.589 Y=1601.871 Z=-16.914), Max=(X=1517.398 Y=1902.369 Z=688.813) RuntimeGrid:None EditorOnly:0 RuntimeOnly:0 HLODRelevant:1 FolderPath:Block04 FolderGuid:D00C3F324D055BED943FA6B0235C7FA2
 |   |   |- Guid:2316AB5B4F955E9DA183B0A624664087 BaseClass: NativeClass:/Script/Engine.StaticMeshActor Name:StaticMeshActor_UAID_049226BE3E3CA57A01_1896945046 Label:SM_QuarterCylinder21 SpatiallyLoaded:1 Bounds:IsValid=true, Min=(X=1551.017 Y=1798.068 Z=661.220), Max=(X=1651.017 Y=1898.068 Z=684.294) RuntimeGrid:None EditorOnly:0 RuntimeOnly:0 HLODRelevant:1 FolderPath:Block02 FolderGuid:275232DB4A90E8B2799B29BD69C59B9E
 |   |   |- Guid:29336E0B49724753CF190B94FCFB7924 BaseClass: NativeClass:/Script/Engine.StaticMeshActor Name:StaticMeshActor_UAID_049226BE3E3CA57A01_1896943044 Label:SM_QuarterCylinder20 SpatiallyLoaded:1 Bounds:IsValid=true, Min=(X=1349.881 Y=1800.000 Z=661.220), Max=(X=1449.881 Y=1900.000 Z=684.294) RuntimeGrid:None EditorOnly:0 RuntimeOnly:0 HLODRelevant:1 FolderPath:Block02 FolderGuid:275232DB4A90E8B2799B29BD69C59B9E
 |   |   |- Guid:2DE5BA2F47F8F29E365DDEA698513404 BaseClass: NativeClass:/Script/Engine.StaticMeshActor Name:StaticMeshActor_UAID_049226BE3E3CA57A01_1896946047 Label:SM_QuarterCylinder22 SpatiallyLoaded:1 Bounds:IsValid=true, Min=(X=1551.017 Y=1598.068 Z=661.220), Max=(X=1651.017 Y=1698.068 Z=684.294) RuntimeGrid:None EditorOnly:0 RuntimeOnly:0 HLODRelevant:1 FolderPath:Block02 FolderGuid:275232DB4A90E8B2799B29BD69C59B9E
 |   |   |- Guid:308E6DF3416B46D346EEA29C0EDEC82B BaseClass: NativeClass:/Script/Engine.PlayerStart Name:PlayerStart_0 Label:PlayerStart SpatiallyLoaded:0 Bounds:IsValid=true, Min=(X=860.000 Y=810.000 Z=0.013), Max=(X=940.000 Y=890.000 Z=184.013) RuntimeGrid:None EditorOnly:0 RuntimeOnly:0 HLODRelevant:0
 |   |   |- Guid:3408E3254F3C84614412128FC6D59E51 BaseClass: NativeClass:/Script/Engine.StaticMeshActor Name:StaticMeshActor_9 Label:SM_Cube5 SpatiallyLoaded:1 Bounds:IsValid=true, Min=(X=-0.000 Y=100.000 Z=0.000), Max=(X=100.000 Y=3400.000 Z=1480.907) RuntimeGrid:None EditorOnly:0 RuntimeOnly:0 HLODRelevant:1 FolderPath:Playground FolderGuid:6C02BB504B69D1F3D7A624B130C18E5B
 |   |   |- Guid:447897404210E011010D17A8B7F561A8 BaseClass: NativeClass:/Script/Engine.StaticMeshActor Name:StaticMeshActor_UAID_049226BE3E3CA57A01_1896939042 Label:SM_Cube19 SpatiallyLoaded:1 Bounds:IsValid=true, Min=(X=1349.881 Y=1700.000 Z=661.220), Max=(X=1449.881 Y=1800.000 Z=684.294) RuntimeGrid:None EditorOnly:0 RuntimeOnly:0 HLODRelevant:1 FolderPath:Block02 FolderGuid:275232DB4A90E8B2799B29BD69C59B9E
 |   |   |- Guid:4DD48CEB40D9876010B18080E85E315E BaseClass: NativeClass:/Script/Engine.StaticMeshActor Name:StaticMeshActor_4 Label:SM_Cube3 SpatiallyLoaded:1 Bounds:IsValid=true, Min=(X=0.000 Y=3400.000 Z=0.000), Max=(X=3000.000 Y=3500.000 Z=1480.907) RuntimeGrid:None EditorOnly:0 RuntimeOnly:0 HLODRelevant:1 FolderPath:Playground FolderGuid:6C02BB504B69D1F3D7A624B130C18E5B
 |   |   |- Guid:55D9C02E40A14D04B8E9F4979ABA4E3D BaseClass:/Game/Blueprints/CubeTypes/BP_Cube_Explode.BP_Cube_Explode_C NativeClass:/Script/Engine.Actor Name:BP_Bombe_C_UAID_049226BE3E3CD67C01_1897318784 Label:BP_Bombe7 SpatiallyLoaded:1 Bounds:IsValid=true, Min=(X=1749.489 Y=661.238 Z=1.380), Max=(X=1849.489 Y=761.238 Z=101.380) RuntimeGrid:None EditorOnly:0 RuntimeOnly:0 HLODRelevant:0
 |   |   |- Guid:55DA3A7D418752EF97C3DD8738F19F8E BaseClass: NativeClass:/Script/Engine.StaticMeshActor Name:StaticMeshActor_UAID_049226BE3E3CA67A01_1669567234 Label:Sm_Heis_Frame SpatiallyLoaded:1 Bounds:IsValid=true, Min=(X=-1251.693 Y=1546.663 Z=533.914), Max=(X=-801.413 Y=1996.943 Z=577.633) RuntimeGrid:None EditorOnly:0 RuntimeOnly:0 HLODRelevant:1
 |   |   |- Guid:5DCF89CF4275FF0938714AA3A8F19ACA BaseClass:/Game/FirstPerson/Blueprints/BP_Pickup_Rifle.BP_Pickup_Rifle_C NativeClass:/Script/Engine.Actor Name:BP_Rifle_C_1 Label:BP_Pickup_Rifle SpatiallyLoaded:1 Bounds:IsValid=true, Min=(X=1211.776 Y=818.000 Z=38.168), Max=(X=1275.776 Y=907.440 Z=102.168) RuntimeGrid:None EditorOnly:0 RuntimeOnly:0 HLODRelevant:0
 |   |   |- Guid:5E4C36A349F16909700089B3069DBF28 BaseClass: NativeClass:/Script/Engine.StaticMeshActor Name:StaticMeshActor_UAID_049226BE3E3CA57A01_1617978034 Label:SM_Cube18 SpatiallyLoaded:1 Bounds:IsValid=true, Min=(X=1551.017 Y=1698.068 Z=-36.629), Max=(X=1651.017 Y=1798.068 Z=669.098) RuntimeGrid:None EditorOnly:0 RuntimeOnly:0 HLODRelevant:1 FolderPath:Block02 FolderGuid:275232DB4A90E8B2799B29BD69C59B9E
 |   |   |- Guid:5F9E9C5D43776D1BFFBEA1908AF5F098 BaseClass: NativeClass:/Script/Engine.StaticMeshActor Name:StaticMeshActor_UAID_049226BE3E3CA57A01_2094687049 Label:SM_Heis SpatiallyLoaded:1 Bounds:IsValid=true, Min=(X=-1180.566 Y=1617.519 Z=-87.044), Max=(X=-872.703 Y=1921.820 Z=638.398) RuntimeGrid:None EditorOnly:0 RuntimeOnly:0 HLODRelevant:1
 |   |   |- Guid:6010BC3543E32A9391DABC93DB43D5B6 BaseClass: NativeClass:/Script/Engine.StaticMeshActor Name:StaticMeshActor_3 Label:SM_Cube2 SpatiallyLoaded:1 Bounds:IsValid=true, Min=(X=0.000 Y=0.000 Z=0.000), Max=(X=3000.000 Y=100.000 Z=1480.907) RuntimeGrid:None EditorOnly:0 RuntimeOnly:0 HLODRelevant:1 FolderPath:Playground FolderGuid:6C02BB504B69D1F3D7A624B130C18E5B
 |   |   |- Guid:60A999EE41978E98EA34478813ABF71C BaseClass: NativeClass:/Script/Engine.StaticMeshActor Name:StaticMeshActor_UAID_049226BE3E3CD77C01_1489421948 Label:SM_Cube4 SpatiallyLoaded:1 Bounds:IsValid=true, Min=(X=0.000 Y=0.000 Z=1432.960), Max=(X=3000.000 Y=3500.000 Z=1482.960) RuntimeGrid:None EditorOnly:0 RuntimeOnly:0 HLODRelevant:1 FolderPath:Playground FolderGuid:6C02BB504B69D1F3D7A624B130C18E5B
 |   |   |- Guid:6101CE714E50CF43939F1B9A940431DC BaseClass: NativeClass:/Script/Engine.StaticMeshActor Name:StaticMeshActor_UAID_049226BE3E3CA57A01_1749680041 Label:SM_Cube23 SpatiallyLoaded:1 Bounds:IsValid=true, Min=(X=1446.600 Y=1712.325 Z=621.875), Max=(X=1546.600 Y=1812.325 Z=688.544) RuntimeGrid:None EditorOnly:0 RuntimeOnly:0 HLODRelevant:1 FolderPath:Block04 FolderGuid:D00C3F324D055BED943FA6B0235C7FA2
 |   |   |- Guid:652FAF8144AD925C4F46A28B95BA31BF BaseClass: NativeClass:/Script/Engine.StaticMeshActor Name:StaticMeshActor_UAID_049226BE3E3CA67A01_1435876228 Label:SM_Cube26 SpatiallyLoaded:1 Bounds:IsValid=true, Min=(X=1474.750 Y=1573.349 Z=0.566), Max=(X=1516.559 Y=1967.999 Z=43.719) RuntimeGrid:None EditorOnly:0 RuntimeOnly:0 HLODRelevant:1 FolderPath:Block04 FolderGuid:D00C3F324D055BED943FA6B0235C7FA2
 |   |   |- Guid:67C45645402F3BC7979505AA74D24E31 BaseClass: NativeClass:/Script/Engine.StaticMeshActor Name:StaticMeshActor_UAID_049226BE3E3CA57A01_1670186038 Label:SM_Cube20 SpatiallyLoaded:1 Bounds:IsValid=true, Min=(X=1446.600 Y=1608.720 Z=-36.629), Max=(X=1551.417 Y=1886.077 Z=669.098) RuntimeGrid:None EditorOnly:0 RuntimeOnly:0 HLODRelevant:1 FolderPath:Block04 FolderGuid:D00C3F324D055BED943FA6B0235C7FA2
 |   |   |- Guid:705907C542CFC32EB0B5C7AE9C240204 BaseClass: NativeClass:/Script/Engine.TextRenderActor Name:TextRenderActor_1 Label:TextRenderActor SpatiallyLoaded:1 Bounds:IsValid=true, Min=(X=-0.100 Y=1100.000 Z=65.013), Max=(X=-0.100 Y=2363.461 Z=215.013) RuntimeGrid:None EditorOnly:0 RuntimeOnly:0 HLODRelevant:0
 |   |   |- Guid:713AE9E9410B0553B5979D87C02932D7 BaseClass: NativeClass:/Script/Engine.VolumetricCloud Name:VolumetricCloud_0 Label:VolumetricCloud SpatiallyLoaded:0 Bounds:IsValid=true, Min=(X=0.000 Y=0.000 Z=820.000), Max=(X=0.000 Y=0.000 Z=820.000) RuntimeGrid:None EditorOnly:0 RuntimeOnly:0 HLODRelevant:0 FolderPath:Lighting FolderGuid:0BA5F0A04EADB18E70D5B180D08FA34B
 |   |   |- Guid:7673F7644C7AE7C0E95AB3B2B260ADA2 BaseClass: NativeClass:/Script/Engine.SkyLight Name:SkyLight_0 Label:SkyLight SpatiallyLoaded:0 Bounds:IsValid=true, Min=(X=0.000 Y=0.000 Z=690.000), Max=(X=0.000 Y=0.000 Z=690.000) RuntimeGrid:None EditorOnly:0 RuntimeOnly:0 HLODRelevant:0 FolderPath:Lighting FolderGuid:0BA5F0A04EADB18E70D5B180D08FA34B
 |   |   |- Guid:7B6093D043DEE49E7960EC84873C85E8 BaseClass: NativeClass:/Script/Engine.StaticMeshActor Name:StaticMeshActor_UAID_049226BE3E3CA57A01_1717827040 Label:SM_Cube22 SpatiallyLoaded:1 Bounds:IsValid=true, Min=(X=1345.360 Y=1739.300 Z=-16.914), Max=(X=1653.223 Y=1781.109 Z=688.813) RuntimeGrid:None EditorOnly:0 RuntimeOnly:0 HLODRelevant:1 FolderPath:Block04 FolderGuid:D00C3F324D055BED943FA6B0235C7FA2
 |   |   |- Guid:7B8979294B747F439031E79E656A87C6 BaseClass: NativeClass:/Script/Engine.StaticMeshActor Name:StaticMeshActor_UAID_049226BE3E3CA57A01_1896947048 Label:SM_Cube25 SpatiallyLoaded:1 Bounds:IsValid=true, Min=(X=1446.600 Y=1608.720 Z=661.220), Max=(X=1551.417 Y=1886.077 Z=684.294) RuntimeGrid:None EditorOnly:0 RuntimeOnly:0 HLODRelevant:1 FolderPath:Block04 FolderGuid:D00C3F324D055BED943FA6B0235C7FA2
 |   |   |- Guid:808747AE4336B20A85F2DA9CCC72E375 BaseClass:/Game/Blueprints/CubeTypes/BP_Cube_Explode.BP_Cube_Explode_C NativeClass:/Script/Engine.Actor Name:BP_Bombe_C_UAID_049226BE3E3CD67C01_1897319785 Label:BP_Bombe8 SpatiallyLoaded:1 Bounds:IsValid=true, Min=(X=1740.330 Y=789.488 Z=1.380), Max=(X=1840.330 Y=889.488 Z=101.380) RuntimeGrid:None EditorOnly:0 RuntimeOnly:0 HLODRelevant:0
 |   |   |- Guid:80E84DDB46663F0600BB6DA7AB0624B0 BaseClass: NativeClass:/Script/Engine.StaticMeshActor Name:StaticMeshActor_UAID_049226BE3E3CA57A01_1617979035 Label:SM_QuarterCylinder17 SpatiallyLoaded:1 Bounds:IsValid=true, Min=(X=1551.016 Y=1798.068 Z=-36.629), Max=(X=1651.017 Y=1898.068 Z=669.098) RuntimeGrid:None EditorOnly:0 RuntimeOnly:0 HLODRelevant:1 FolderPath:Block02 FolderGuid:275232DB4A90E8B2799B29BD69C59B9E
 |   |   |- Guid:83F6CB624AC55601BF304FB75984DDFF BaseClass: NativeClass:/Script/Engine.ExponentialHeightFog Name:ExponentialHeightFog_0 Label:ExponentialHeightFog SpatiallyLoaded:0 Bounds:IsValid=true, Min=(X=-5600.000 Y=-50.000 Z=-6850.000), Max=(X=-5600.000 Y=-50.000 Z=-6850.000) RuntimeGrid:None EditorOnly:0 RuntimeOnly:0 HLODRelevant:0 FolderPath:Lighting FolderGuid:0BA5F0A04EADB18E70D5B180D08FA34B
 |   |   |- Guid:846CB7B24A24AF302AD1DABBCFB375ED BaseClass: NativeClass:/Script/Engine.StaticMeshActor Name:StaticMeshActor_UAID_049226BE3E3CA67A01_1522914230 Label:SM_Cube27 SpatiallyLoaded:1 Bounds:IsValid=true, Min=(X=1302.391 Y=1758.738 Z=0.566), Max=(X=1697.040 Y=1800.547 Z=43.719) RuntimeGrid:None EditorOnly:0 RuntimeOnly:0 HLODRelevant:1 FolderPath:Block04 FolderGuid:D00C3F324D055BED943FA6B0235C7FA2
 |   |   |- Guid:8AC8676B4B8312E42351ADA724D99561 BaseClass: NativeClass:/Script/Engine.StaticMeshActor Name:StaticMeshActor_UAID_049226BE3E3CA57A01_1896944045 Label:SM_Cube24 SpatiallyLoaded:1 Bounds:IsValid=true, Min=(X=1551.017 Y=1698.068 Z=661.220), Max=(X=1651.017 Y=1798.068 Z=684.294) RuntimeGrid:None EditorOnly:0 RuntimeOnly:0 HLODRelevant:1 FolderPath:Block02 FolderGuid:275232DB4A90E8B2799B29BD69C59B9E
 |   |   |- Guid:8B6C9123455CF94BF4D08F860AD6EAF9 BaseClass:/Game/Blueprints/CubeTypes/BP_Cube_Explode.BP_Cube_Explode_C NativeClass:/Script/Engine.Actor Name:BP_Bombe_C_UAID_049226BE3E3CD67C01_1883591778 Label:BP_Bombe SpatiallyLoaded:1 Bounds:IsValid=true, Min=(X=1429.873 Y=661.238 Z=1.380), Max=(X=1529.873 Y=761.238 Z=101.380) RuntimeGrid:None EditorOnly:0 RuntimeOnly:0 HLODRelevant:0
 |   |   |- Guid:8CB3281A4DEB7332DC93819A409B65CD BaseClass:/Game/Blueprints/BP_TargetSpawner2.BP_TargetSpawner2_C NativeClass:/Script/Engine.Actor Name:BP_TargetSpawner2_C_UAID_049226BE3E3CD67C01_1908388788 Label:BP_TargetSpawner2 SpatiallyLoaded:1 Bounds:IsValid=true, Min=(X=1583.931 Y=1158.661 Z=7.689), Max=(X=1683.931 Y=1258.661 Z=107.689) RuntimeGrid:None EditorOnly:0 RuntimeOnly:0 HLODRelevant:0
 |   |   |- Guid:8F8F5F3746EC26D927B3D983472DF899 BaseClass: NativeClass:/Script/Engine.StaticMeshActor Name:StaticMeshActor_UAID_049226BE3E3CA57A01_1614441033 Label:SM_QuarterCylinder16 SpatiallyLoaded:1 Bounds:IsValid=true, Min=(X=1349.881 Y=1800.000 Z=-36.629), Max=(X=1449.881 Y=1900.000 Z=669.098) RuntimeGrid:None EditorOnly:0 RuntimeOnly:0 HLODRelevant:1 FolderPath:Block02 FolderGuid:275232DB4A90E8B2799B29BD69C59B9E
 |   |   |- Guid:8FF6BE094B6B0A9509B6BB88662CB4D0 BaseClass: NativeClass:/Script/Engine.DirectionalLight Name:DirectionalLight_1 Label:DirectionalLight SpatiallyLoaded:0 Bounds:IsValid=true, Min=(X=-4398046511104.000 Y=-4398046511104.000 Z=-4398046511104.000), Max=(X=4398046511104.000 Y=4398046511104.000 Z=4398046511104.000) RuntimeGrid:None EditorOnly:0 RuntimeOnly:0 HLODRelevant:0 FolderPath:Lighting FolderGuid:0BA5F0A04EADB18E70D5B180D08FA34B
 |   |   |- Guid:989A55884D7ECBEE6180BB8652BAD24F BaseClass:/Game/Blueprints/CubeTypes/BP_Cube_Explode.BP_Cube_Explode_C NativeClass:/Script/Engine.Actor Name:BP_Bombe_C_UAID_049226BE3E3CD67C01_1888345779 Label:BP_Bombe2 SpatiallyLoaded:1 Bounds:IsValid=true, Min=(X=1420.713 Y=789.488 Z=1.380), Max=(X=1520.713 Y=889.488 Z=101.380) RuntimeGrid:None EditorOnly:0 RuntimeOnly:0 HLODRelevant:0
 |   |   |- Guid:9BDF428542147F15D5FB7DB1CAD64AF3 BaseClass:/Game/Blueprints/CubeTypes/BP_Cube_Explode.BP_Cube_Explode_C NativeClass:/Script/Engine.Actor Name:BP_Bombe_C_UAID_049226BE3E3CD67C01_1899792786 Label:BP_Bombe9 SpatiallyLoaded:1 Bounds:IsValid=true, Min=(X=1891.197 Y=661.238 Z=1.380), Max=(X=1991.197 Y=761.238 Z=101.380) RuntimeGrid:None EditorOnly:0 RuntimeOnly:0 HLODRelevant:0
 |   |   |- Guid:9E3BC7CC4788D9BA82FF3FBAEFFF8D2C BaseClass:/Game/Blueprints/CubeTypes/BP_Cube_Explode.BP_Cube_Explode_C NativeClass:/Script/Engine.Actor Name:BP_Bombe_C_UAID_049226BE3E3CD67C01_1892052780 Label:BP_Bombe3 SpatiallyLoaded:1 Bounds:IsValid=true, Min=(X=1578.116 Y=661.238 Z=1.380), Max=(X=1678.116 Y=761.238 Z=101.380) RuntimeGrid:None EditorOnly:0 RuntimeOnly:0 HLODRelevant:0
 |   |   |- Guid:B0B32D05484FFFCDF4186FAC05253BEF BaseClass:/Game/Blueprints/CubeTypes/BP_Cube_Explode.BP_Cube_Explode_C NativeClass:/Script/Engine.Actor Name:BP_Bombe_C_UAID_049226BE3E3CD67C01_1899794787 Label:BP_Bombe10 SpatiallyLoaded:1 Bounds:IsValid=true, Min=(X=1882.038 Y=789.488 Z=1.380), Max=(X=1982.038 Y=889.488 Z=101.380) RuntimeGrid:None EditorOnly:0 RuntimeOnly:0 HLODRelevant:0
 |   |   |- Guid:B0E3F50B4B8A243D073821ADFD76DA86 BaseClass: NativeClass:/Script/Engine.SkyAtmosphere Name:SkyAtmosphere_0 Label:SkyAtmosphere SpatiallyLoaded:0 Bounds:IsValid=true, Min=(X=0.000 Y=0.000 Z=1020.000), Max=(X=0.000 Y=0.000 Z=1020.000) RuntimeGrid:None EditorOnly:0 RuntimeOnly:0 HLODRelevant:0 FolderPath:Lighting FolderGuid:0BA5F0A04EADB18E70D5B180D08FA34B
 |   |   |- Guid:B46038F749E7B5620B66279BBFA48F34 BaseClass:/Game/Blueprints/CubeTypes/BP_Cube_Explode.BP_Cube_Explode_C NativeClass:/Script/Engine.Actor Name:BP_Bombe_C_UAID_049226BE3E3CD67C01_1892054781 Label:BP_Bombe4 SpatiallyLoaded:1 Bounds:IsValid=true, Min=(X=1568.956 Y=789.488 Z=1.380), Max=(X=1668.956 Y=889.488 Z=101.380) RuntimeGrid:None EditorOnly:0 RuntimeOnly:0 HLODRelevant:0
 |   |   |- Guid:B526C4324828AF788255B1B7D67F6643 BaseClass: NativeClass:/Script/Engine.PostProcessVolume Name:PostProcessVolume_0 Label:PostProcessVolume SpatiallyLoaded:0 Bounds:IsValid=true, Min=(X=0.000 Y=0.000 Z=400.000), Max=(X=200.000 Y=200.000 Z=600.000) RuntimeGrid:None EditorOnly:0 RuntimeOnly:0 HLODRelevant:0 FolderPath:Lighting FolderGuid:0BA5F0A04EADB18E70D5B180D08FA34B
 |   |   |- Guid:B72B872F4DBC39AADAA3AE9BB568725D BaseClass:/Game/Blueprints/CubeTypes/BP_Cube_Explode.BP_Cube_Explode_C NativeClass:/Script/Engine.Actor Name:BP_Bombe_C_UAID_049226BE3E3CD67C01_1895859783 Label:BP_Bombe6 SpatiallyLoaded:1 Bounds:IsValid=true, Min=(X=1934.783 Y=1256.150 Z=76.237), Max=(X=2405.452 Y=1356.150 Z=176.237) RuntimeGrid:None EditorOnly:0 RuntimeOnly:0 HLODRelevant:0
 |   |   |- Guid:C159A8E541E533981A7E26A766FB39EA BaseClass: NativeClass:/Script/Engine.StaticMeshActor Name:StaticMeshActor_UAID_049226BE3E3CA67A01_1424021227 Label:Torus SpatiallyLoaded:1 Bounds:IsValid=true, Min=(X=1052.777 Y=1324.639 Z=0.000), Max=(X=1945.478 Y=2217.340 Z=43.301) RuntimeGrid:None EditorOnly:0 RuntimeOnly:0 HLODRelevant:0
 |   |   |- Guid:C93E35B94C556241FA0C1297530E92A4 BaseClass: NativeClass:/Script/Engine.StaticMeshActor Name:StaticMeshActor_0 Label:SM_Cube SpatiallyLoaded:1 Bounds:IsValid=true, Min=(X=0.000 Y=0.000 Z=-50.000), Max=(X=3000.000 Y=3500.000 Z=0.000) RuntimeGrid:None EditorOnly:0 RuntimeOnly:0 HLODRelevant:1 FolderPath:Playground FolderGuid:6C02BB504B69D1F3D7A624B130C18E5B
 |   |   |- Guid:D08CBB2D4CEF318C028C27A7310BAB5B BaseClass: NativeClass:/Script/Engine.StaticMeshActor Name:StaticMeshActor_UAID_A4AE111137DC5EFB00_2001720423 Label:SM_SkySphere SpatiallyLoaded:0 Bounds:IsValid=true, Min=(X=-1638400.000 Y=-1638400.000 Z=-1638400.000), Max=(X=1638400.000 Y=1638400.000 Z=1638400.000) RuntimeGrid:None EditorOnly:0 RuntimeOnly:0 HLODRelevant:1 FolderPath:Lighting FolderGuid:0BA5F0A04EADB18E70D5B180D08FA34B
 |   |   |- Guid:D87F2D994417889DED4F448D400593B4 BaseClass: NativeClass:/Script/Engine.StaticMeshActor Name:StaticMeshActor_UAID_049226BE3E3CA57A01_1896942043 Label:SM_QuarterCylinder19 SpatiallyLoaded:1 Bounds:IsValid=true, Min=(X=1349.881 Y=1600.000 Z=661.220), Max=(X=1449.881 Y=1700.000 Z=684.294) RuntimeGrid:None EditorOnly:0 RuntimeOnly:0 HLODRelevant:1 FolderPath:Block02 FolderGuid:275232DB4A90E8B2799B29BD69C59B9E
 |   |   |- Guid:D8C32F9C4091F6885E479F85BCB75F1A BaseClass:/Game/Blueprints/CubeTypes/BP_Cube_Explode.BP_Cube_Explode_C NativeClass:/Script/Engine.Actor Name:BP_Bombe_C_UAID_049226BE3E3C4AC301_1496429103 Label:BP_Bombe11 SpatiallyLoaded:1 Bounds:IsValid=true, Min=(X=1934.783 Y=1553.166 Z=306.162), Max=(X=2405.452 Y=1653.166 Z=406.162) RuntimeGrid:None EditorOnly:0 RuntimeOnly:0 HLODRelevant:0
 |   |   |- Guid:D96B6106447177656B3DD5A8319FD0E5 BaseClass: NativeClass:/Script/Engine.StaticMeshActor Name:StaticMeshActor_UAID_049226BE3E3CA57A01_1614440032 Label:SM_QuarterCylinder15 SpatiallyLoaded:1 Bounds:IsValid=true, Min=(X=1349.881 Y=1600.000 Z=-36.629), Max=(X=1449.881 Y=1700.000 Z=669.098) RuntimeGrid:None EditorOnly:0 RuntimeOnly:0 HLODRelevant:1 FolderPath:Block02 FolderGuid:275232DB4A90E8B2799B29BD69C59B9E
 |   |   |- Guid:E50C86834EB88D174C207887E25A8813 BaseClass: NativeClass:/Script/Engine.StaticMeshActor Name:StaticMeshActor_UAID_049226BE3E3CA57A01_1617980036 Label:SM_QuarterCylinder18 SpatiallyLoaded:1 Bounds:IsValid=true, Min=(X=1551.017 Y=1598.068 Z=-36.629), Max=(X=1651.016 Y=1698.068 Z=669.098) RuntimeGrid:None EditorOnly:0 RuntimeOnly:0 HLODRelevant:1 FolderPath:Block02 FolderGuid:275232DB4A90E8B2799B29BD69C59B9E
 |   |   |- Guid:F275470E48B97F296753BDA7B056D409 BaseClass: NativeClass:/Script/Engine.StaticMeshActor Name:StaticMeshActor_10 Label:SM_Cube6 SpatiallyLoaded:1 Bounds:IsValid=true, Min=(X=2900.000 Y=100.000 Z=0.000), Max=(X=3000.000 Y=3400.000 Z=1480.907) RuntimeGrid:None EditorOnly:0 RuntimeOnly:0 HLODRelevant:1 FolderPath:Playground FolderGuid:6C02BB504B69D1F3D7A624B130C18E5B
 |   |- [+] Clusters:
 |   |   |- [+] [  0]
 |   |   |   |- Guid:B72B872F4DBC39AADAA3AE9BB568725D BaseClass:/Game/Blueprints/CubeTypes/BP_Cube_Explode.BP_Cube_Explode_C NativeClass:/Script/Engine.Actor Name:BP_Bombe_C_UAID_049226BE3E3CD67C01_1895859783 Label:BP_Bombe6 SpatiallyLoaded:1 Bounds:IsValid=true, Min=(X=1934.783 Y=1256.150 Z=76.237), Max=(X=2405.452 Y=1356.150 Z=176.237) RuntimeGrid:None EditorOnly:0 RuntimeOnly:0 HLODRelevant:0
 |   |   |- [+] [  1]
 |   |   |   |- Guid:55DA3A7D418752EF97C3DD8738F19F8E BaseClass: NativeClass:/Script/Engine.StaticMeshActor Name:StaticMeshActor_UAID_049226BE3E3CA67A01_1669567234 Label:Sm_Heis_Frame SpatiallyLoaded:1 Bounds:IsValid=true, Min=(X=-1251.693 Y=1546.663 Z=533.914), Max=(X=-801.413 Y=1996.943 Z=577.633) RuntimeGrid:None EditorOnly:0 RuntimeOnly:0 HLODRelevant:1
 |   |   |- [+] [  2]
 |   |   |   |- Guid:7673F7644C7AE7C0E95AB3B2B260ADA2 BaseClass: NativeClass:/Script/Engine.SkyLight Name:SkyLight_0 Label:SkyLight SpatiallyLoaded:0 Bounds:IsValid=true, Min=(X=0.000 Y=0.000 Z=690.000), Max=(X=0.000 Y=0.000 Z=690.000) RuntimeGrid:None EditorOnly:0 RuntimeOnly:0 HLODRelevant:0 FolderPath:Lighting FolderGuid:0BA5F0A04EADB18E70D5B180D08FA34B
 |   |   |- [+] [  3]
 |   |   |   |- Guid:7B6093D043DEE49E7960EC84873C85E8 BaseClass: NativeClass:/Script/Engine.StaticMeshActor Name:StaticMeshActor_UAID_049226BE3E3CA57A01_1717827040 Label:SM_Cube22 SpatiallyLoaded:1 Bounds:IsValid=true, Min=(X=1345.360 Y=1739.300 Z=-16.914), Max=(X=1653.223 Y=1781.109 Z=688.813) RuntimeGrid:None EditorOnly:0 RuntimeOnly:0 HLODRelevant:1 FolderPath:Block04 FolderGuid:D00C3F324D055BED943FA6B0235C7FA2
 |   |   |- [+] [  4]
 |   |   |   |- Guid:F275470E48B97F296753BDA7B056D409 BaseClass: NativeClass:/Script/Engine.StaticMeshActor Name:StaticMeshActor_10 Label:SM_Cube6 SpatiallyLoaded:1 Bounds:IsValid=true, Min=(X=2900.000 Y=100.000 Z=0.000), Max=(X=3000.000 Y=3400.000 Z=1480.907) RuntimeGrid:None EditorOnly:0 RuntimeOnly:0 HLODRelevant:1 FolderPath:Playground FolderGuid:6C02BB504B69D1F3D7A624B130C18E5B
 |   |   |- [+] [  5]
 |   |   |   |- Guid:E50C86834EB88D174C207887E25A8813 BaseClass: NativeClass:/Script/Engine.StaticMeshActor Name:StaticMeshActor_UAID_049226BE3E3CA57A01_1617980036 Label:SM_QuarterCylinder18 SpatiallyLoaded:1 Bounds:IsValid=true, Min=(X=1551.017 Y=1598.068 Z=-36.629), Max=(X=1651.016 Y=1698.068 Z=669.098) RuntimeGrid:None EditorOnly:0 RuntimeOnly:0 HLODRelevant:1 FolderPath:Block02 FolderGuid:275232DB4A90E8B2799B29BD69C59B9E
 |   |   |- [+] [  6]
 |   |   |   |- Guid:5E4C36A349F16909700089B3069DBF28 BaseClass: NativeClass:/Script/Engine.StaticMeshActor Name:StaticMeshActor_UAID_049226BE3E3CA57A01_1617978034 Label:SM_Cube18 SpatiallyLoaded:1 Bounds:IsValid=true, Min=(X=1551.017 Y=1698.068 Z=-36.629), Max=(X=1651.017 Y=1798.068 Z=669.098) RuntimeGrid:None EditorOnly:0 RuntimeOnly:0 HLODRelevant:1 FolderPath:Block02 FolderGuid:275232DB4A90E8B2799B29BD69C59B9E
 |   |   |- [+] [  7]
 |   |   |   |- Guid:186F226B44A3D34A56FF8FB9DFD69DA9 BaseClass: NativeClass:/Script/Engine.StaticMeshActor Name:StaticMeshActor_UAID_049226BE3E3CA57A01_1697048039 Label:SM_Cube21 SpatiallyLoaded:1 Bounds:IsValid=true, Min=(X=1475.589 Y=1601.871 Z=-16.914), Max=(X=1517.398 Y=1902.369 Z=688.813) RuntimeGrid:None EditorOnly:0 RuntimeOnly:0 HLODRelevant:1 FolderPath:Block04 FolderGuid:D00C3F324D055BED943FA6B0235C7FA2
 |   |   |- [+] [  8]
 |   |   |   |- Guid:13C543F643BA80A4B3B75591260ACEC9 BaseClass: NativeClass:/Script/Engine.StaticMeshActor Name:StaticMeshActor_UAID_049226BE3E3CA57A01_1614437031 Label:SM_Cube17 SpatiallyLoaded:1 Bounds:IsValid=true, Min=(X=1349.881 Y=1700.000 Z=-36.629), Max=(X=1449.881 Y=1800.000 Z=669.098) RuntimeGrid:None EditorOnly:0 RuntimeOnly:0 HLODRelevant:1 FolderPath:Block02 FolderGuid:275232DB4A90E8B2799B29BD69C59B9E
 |   |   |- [+] [  9]
 |   |   |   |- Guid:C93E35B94C556241FA0C1297530E92A4 BaseClass: NativeClass:/Script/Engine.StaticMeshActor Name:StaticMeshActor_0 Label:SM_Cube SpatiallyLoaded:1 Bounds:IsValid=true, Min=(X=0.000 Y=0.000 Z=-50.000), Max=(X=3000.000 Y=3500.000 Z=0.000) RuntimeGrid:None EditorOnly:0 RuntimeOnly:0 HLODRelevant:1 FolderPath:Playground FolderGuid:6C02BB504B69D1F3D7A624B130C18E5B
 |   |   |- [+] [ 10]
 |   |   |   |- Guid:9BDF428542147F15D5FB7DB1CAD64AF3 BaseClass:/Game/Blueprints/CubeTypes/BP_Cube_Explode.BP_Cube_Explode_C NativeClass:/Script/Engine.Actor Name:BP_Bombe_C_UAID_049226BE3E3CD67C01_1899792786 Label:BP_Bombe9 SpatiallyLoaded:1 Bounds:IsValid=true, Min=(X=1891.197 Y=661.238 Z=1.380), Max=(X=1991.197 Y=761.238 Z=101.380) RuntimeGrid:None EditorOnly:0 RuntimeOnly:0 HLODRelevant:0
 |   |   |- [+] [ 11]
 |   |   |   |- Guid:55D9C02E40A14D04B8E9F4979ABA4E3D BaseClass:/Game/Blueprints/CubeTypes/BP_Cube_Explode.BP_Cube_Explode_C NativeClass:/Script/Engine.Actor Name:BP_Bombe_C_UAID_049226BE3E3CD67C01_1897318784 Label:BP_Bombe7 SpatiallyLoaded:1 Bounds:IsValid=true, Min=(X=1749.489 Y=661.238 Z=1.380), Max=(X=1849.489 Y=761.238 Z=101.380) RuntimeGrid:None EditorOnly:0 RuntimeOnly:0 HLODRelevant:0
 |   |   |- [+] [ 12]
 |   |   |   |- Guid:D08CBB2D4CEF318C028C27A7310BAB5B BaseClass: NativeClass:/Script/Engine.StaticMeshActor Name:StaticMeshActor_UAID_A4AE111137DC5EFB00_2001720423 Label:SM_SkySphere SpatiallyLoaded:0 Bounds:IsValid=true, Min=(X=-1638400.000 Y=-1638400.000 Z=-1638400.000), Max=(X=1638400.000 Y=1638400.000 Z=1638400.000) RuntimeGrid:None EditorOnly:0 RuntimeOnly:0 HLODRelevant:1 FolderPath:Lighting FolderGuid:0BA5F0A04EADB18E70D5B180D08FA34B
 |   |   |- [+] [ 13]
 |   |   |   |- Guid:2DE5BA2F47F8F29E365DDEA698513404 BaseClass: NativeClass:/Script/Engine.StaticMeshActor Name:StaticMeshActor_UAID_049226BE3E3CA57A01_1896946047 Label:SM_QuarterCylinder22 SpatiallyLoaded:1 Bounds:IsValid=true, Min=(X=1551.017 Y=1598.068 Z=661.220), Max=(X=1651.017 Y=1698.068 Z=684.294) RuntimeGrid:None EditorOnly:0 RuntimeOnly:0 HLODRelevant:1 FolderPath:Block02 FolderGuid:275232DB4A90E8B2799B29BD69C59B9E
 |   |   |- [+] [ 14]
 |   |   |   |- Guid:447897404210E011010D17A8B7F561A8 BaseClass: NativeClass:/Script/Engine.StaticMeshActor Name:StaticMeshActor_UAID_049226BE3E3CA57A01_1896939042 Label:SM_Cube19 SpatiallyLoaded:1 Bounds:IsValid=true, Min=(X=1349.881 Y=1700.000 Z=661.220), Max=(X=1449.881 Y=1800.000 Z=684.294) RuntimeGrid:None EditorOnly:0 RuntimeOnly:0 HLODRelevant:1 FolderPath:Block02 FolderGuid:275232DB4A90E8B2799B29BD69C59B9E
 |   |   |- [+] [ 15]
 |   |   |   |- Guid:3408E3254F3C84614412128FC6D59E51 BaseClass: NativeClass:/Script/Engine.StaticMeshActor Name:StaticMeshActor_9 Label:SM_Cube5 SpatiallyLoaded:1 Bounds:IsValid=true, Min=(X=-0.000 Y=100.000 Z=0.000), Max=(X=100.000 Y=3400.000 Z=1480.907) RuntimeGrid:None EditorOnly:0 RuntimeOnly:0 HLODRelevant:1 FolderPath:Playground FolderGuid:6C02BB504B69D1F3D7A624B130C18E5B
 |   |   |- [+] [ 16]
 |   |   |   |- Guid:B526C4324828AF788255B1B7D67F6643 BaseClass: NativeClass:/Script/Engine.PostProcessVolume Name:PostProcessVolume_0 Label:PostProcessVolume SpatiallyLoaded:0 Bounds:IsValid=true, Min=(X=0.000 Y=0.000 Z=400.000), Max=(X=200.000 Y=200.000 Z=600.000) RuntimeGrid:None EditorOnly:0 RuntimeOnly:0 HLODRelevant:0 FolderPath:Lighting FolderGuid:0BA5F0A04EADB18E70D5B180D08FA34B
 |   |   |- [+] [ 17]
 |   |   |   |- Guid:B0B32D05484FFFCDF4186FAC05253BEF BaseClass:/Game/Blueprints/CubeTypes/BP_Cube_Explode.BP_Cube_Explode_C NativeClass:/Script/Engine.Actor Name:BP_Bombe_C_UAID_049226BE3E3CD67C01_1899794787 Label:BP_Bombe10 SpatiallyLoaded:1 Bounds:IsValid=true, Min=(X=1882.038 Y=789.488 Z=1.380), Max=(X=1982.038 Y=889.488 Z=101.380) RuntimeGrid:None EditorOnly:0 RuntimeOnly:0 HLODRelevant:0
 |   |   |- [+] [ 18]
 |   |   |   |- Guid:652FAF8144AD925C4F46A28B95BA31BF BaseClass: NativeClass:/Script/Engine.StaticMeshActor Name:StaticMeshActor_UAID_049226BE3E3CA67A01_1435876228 Label:SM_Cube26 SpatiallyLoaded:1 Bounds:IsValid=true, Min=(X=1474.750 Y=1573.349 Z=0.566), Max=(X=1516.559 Y=1967.999 Z=43.719) RuntimeGrid:None EditorOnly:0 RuntimeOnly:0 HLODRelevant:1 FolderPath:Block04 FolderGuid:D00C3F324D055BED943FA6B0235C7FA2
 |   |   |- [+] [ 19]
 |   |   |   |- Guid:29336E0B49724753CF190B94FCFB7924 BaseClass: NativeClass:/Script/Engine.StaticMeshActor Name:StaticMeshActor_UAID_049226BE3E3CA57A01_1896943044 Label:SM_QuarterCylinder20 SpatiallyLoaded:1 Bounds:IsValid=true, Min=(X=1349.881 Y=1800.000 Z=661.220), Max=(X=1449.881 Y=1900.000 Z=684.294) RuntimeGrid:None EditorOnly:0 RuntimeOnly:0 HLODRelevant:1 FolderPath:Block02 FolderGuid:275232DB4A90E8B2799B29BD69C59B9E
 |   |   |- [+] [ 20]
 |   |   |   |- Guid:176B161D412727291A86EE8046F5121C BaseClass: NativeClass:/Script/Engine.WorldDataLayers Name:WorldDataLayers Label:WorldDataLayers SpatiallyLoaded:0 Bounds:IsValid=true, Min=(X=0.000 Y=0.000 Z=0.000), Max=(X=0.000 Y=0.000 Z=0.000) RuntimeGrid:None EditorOnly:0 RuntimeOnly:0 HLODRelevant:0
 |   |   |- [+] [ 21]
 |   |   |   |- Guid:6010BC3543E32A9391DABC93DB43D5B6 BaseClass: NativeClass:/Script/Engine.StaticMeshActor Name:StaticMeshActor_3 Label:SM_Cube2 SpatiallyLoaded:1 Bounds:IsValid=true, Min=(X=0.000 Y=0.000 Z=0.000), Max=(X=3000.000 Y=100.000 Z=1480.907) RuntimeGrid:None EditorOnly:0 RuntimeOnly:0 HLODRelevant:1 FolderPath:Playground FolderGuid:6C02BB504B69D1F3D7A624B130C18E5B
 |   |   |- [+] [ 22]
 |   |   |   |- Guid:60A999EE41978E98EA34478813ABF71C BaseClass: NativeClass:/Script/Engine.StaticMeshActor Name:StaticMeshActor_UAID_049226BE3E3CD77C01_1489421948 Label:SM_Cube4 SpatiallyLoaded:1 Bounds:IsValid=true, Min=(X=0.000 Y=0.000 Z=1432.960), Max=(X=3000.000 Y=3500.000 Z=1482.960) RuntimeGrid:None EditorOnly:0 RuntimeOnly:0 HLODRelevant:1 FolderPath:Playground FolderGuid:6C02BB504B69D1F3D7A624B130C18E5B
 |   |   |- [+] [ 23]
 |   |   |   |- Guid:C159A8E541E533981A7E26A766FB39EA BaseClass: NativeClass:/Script/Engine.StaticMeshActor Name:StaticMeshActor_UAID_049226BE3E3CA67A01_1424021227 Label:Torus SpatiallyLoaded:1 Bounds:IsValid=true, Min=(X=1052.777 Y=1324.639 Z=0.000), Max=(X=1945.478 Y=2217.340 Z=43.301) RuntimeGrid:None EditorOnly:0 RuntimeOnly:0 HLODRelevant:0
 |   |   |- [+] [ 24]
 |   |   |   |- Guid:5F9E9C5D43776D1BFFBEA1908AF5F098 BaseClass: NativeClass:/Script/Engine.StaticMeshActor Name:StaticMeshActor_UAID_049226BE3E3CA57A01_2094687049 Label:SM_Heis SpatiallyLoaded:1 Bounds:IsValid=true, Min=(X=-1180.566 Y=1617.519 Z=-87.044), Max=(X=-872.703 Y=1921.820 Z=638.398) RuntimeGrid:None EditorOnly:0 RuntimeOnly:0 HLODRelevant:1
 |   |   |- [+] [ 25]
 |   |   |   |- Guid:D96B6106447177656B3DD5A8319FD0E5 BaseClass: NativeClass:/Script/Engine.StaticMeshActor Name:StaticMeshActor_UAID_049226BE3E3CA57A01_1614440032 Label:SM_QuarterCylinder15 SpatiallyLoaded:1 Bounds:IsValid=true, Min=(X=1349.881 Y=1600.000 Z=-36.629), Max=(X=1449.881 Y=1700.000 Z=669.098) RuntimeGrid:None EditorOnly:0 RuntimeOnly:0 HLODRelevant:1 FolderPath:Block02 FolderGuid:275232DB4A90E8B2799B29BD69C59B9E
 |   |   |- [+] [ 26]
 |   |   |   |- Guid:6101CE714E50CF43939F1B9A940431DC BaseClass: NativeClass:/Script/Engine.StaticMeshActor Name:StaticMeshActor_UAID_049226BE3E3CA57A01_1749680041 Label:SM_Cube23 SpatiallyLoaded:1 Bounds:IsValid=true, Min=(X=1446.600 Y=1712.325 Z=621.875), Max=(X=1546.600 Y=1812.325 Z=688.544) RuntimeGrid:None EditorOnly:0 RuntimeOnly:0 HLODRelevant:1 FolderPath:Block04 FolderGuid:D00C3F324D055BED943FA6B0235C7FA2
 |   |   |- [+] [ 27]
 |   |   |   |- Guid:8AC8676B4B8312E42351ADA724D99561 BaseClass: NativeClass:/Script/Engine.StaticMeshActor Name:StaticMeshActor_UAID_049226BE3E3CA57A01_1896944045 Label:SM_Cube24 SpatiallyLoaded:1 Bounds:IsValid=true, Min=(X=1551.017 Y=1698.068 Z=661.220), Max=(X=1651.017 Y=1798.068 Z=684.294) RuntimeGrid:None EditorOnly:0 RuntimeOnly:0 HLODRelevant:1 FolderPath:Block02 FolderGuid:275232DB4A90E8B2799B29BD69C59B9E
 |   |   |- [+] [ 28]
 |   |   |   |- Guid:8CB3281A4DEB7332DC93819A409B65CD BaseClass:/Game/Blueprints/BP_TargetSpawner2.BP_TargetSpawner2_C NativeClass:/Script/Engine.Actor Name:BP_TargetSpawner2_C_UAID_049226BE3E3CD67C01_1908388788 Label:BP_TargetSpawner2 SpatiallyLoaded:1 Bounds:IsValid=true, Min=(X=1583.931 Y=1158.661 Z=7.689), Max=(X=1683.931 Y=1258.661 Z=107.689) RuntimeGrid:None EditorOnly:0 RuntimeOnly:0 HLODRelevant:0
 |   |   |- [+] [ 29]
 |   |   |   |- Guid:713AE9E9410B0553B5979D87C02932D7 BaseClass: NativeClass:/Script/Engine.VolumetricCloud Name:VolumetricCloud_0 Label:VolumetricCloud SpatiallyLoaded:0 Bounds:IsValid=true, Min=(X=0.000 Y=0.000 Z=820.000), Max=(X=0.000 Y=0.000 Z=820.000) RuntimeGrid:None EditorOnly:0 RuntimeOnly:0 HLODRelevant:0 FolderPath:Lighting FolderGuid:0BA5F0A04EADB18E70D5B180D08FA34B
 |   |   |- [+] [ 30]
 |   |   |   |- Guid:80E84DDB46663F0600BB6DA7AB0624B0 BaseClass: NativeClass:/Script/Engine.StaticMeshActor Name:StaticMeshActor_UAID_049226BE3E3CA57A01_1617979035 Label:SM_QuarterCylinder17 SpatiallyLoaded:1 Bounds:IsValid=true, Min=(X=1551.016 Y=1798.068 Z=-36.629), Max=(X=1651.017 Y=1898.068 Z=669.098) RuntimeGrid:None EditorOnly:0 RuntimeOnly:0 HLODRelevant:1 FolderPath:Block02 FolderGuid:275232DB4A90E8B2799B29BD69C59B9E
 |   |   |- [+] [ 31]
 |   |   |   |- Guid:B0E3F50B4B8A243D073821ADFD76DA86 BaseClass: NativeClass:/Script/Engine.SkyAtmosphere Name:SkyAtmosphere_0 Label:SkyAtmosphere SpatiallyLoaded:0 Bounds:IsValid=true, Min=(X=0.000 Y=0.000 Z=1020.000), Max=(X=0.000 Y=0.000 Z=1020.000) RuntimeGrid:None EditorOnly:0 RuntimeOnly:0 HLODRelevant:0 FolderPath:Lighting FolderGuid:0BA5F0A04EADB18E70D5B180D08FA34B
 |   |   |- [+] [ 32]
 |   |   |   |- Guid:9E3BC7CC4788D9BA82FF3FBAEFFF8D2C BaseClass:/Game/Blueprints/CubeTypes/BP_Cube_Explode.BP_Cube_Explode_C NativeClass:/Script/Engine.Actor Name:BP_Bombe_C_UAID_049226BE3E3CD67C01_1892052780 Label:BP_Bombe3 SpatiallyLoaded:1 Bounds:IsValid=true, Min=(X=1578.116 Y=661.238 Z=1.380), Max=(X=1678.116 Y=761.238 Z=101.380) RuntimeGrid:None EditorOnly:0 RuntimeOnly:0 HLODRelevant:0
 |   |   |- [+] [ 33]
 |   |   |   |- Guid:989A55884D7ECBEE6180BB8652BAD24F BaseClass:/Game/Blueprints/CubeTypes/BP_Cube_Explode.BP_Cube_Explode_C NativeClass:/Script/Engine.Actor Name:BP_Bombe_C_UAID_049226BE3E3CD67C01_1888345779 Label:BP_Bombe2 SpatiallyLoaded:1 Bounds:IsValid=true, Min=(X=1420.713 Y=789.488 Z=1.380), Max=(X=1520.713 Y=889.488 Z=101.380) RuntimeGrid:None EditorOnly:0 RuntimeOnly:0 HLODRelevant:0
 |   |   |- [+] [ 34]
 |   |   |   |- Guid:14BF7FB744C7D7167B155AAAF846238F BaseClass:/Game/Blueprints/CubeTypes/BP_Cube_Explode.BP_Cube_Explode_C NativeClass:/Script/Engine.Actor Name:BP_Bombe_C_UAID_049226BE3E3CD67C01_1895855782 Label:BP_Bombe5 SpatiallyLoaded:1 Bounds:IsValid=true, Min=(X=1294.999 Y=661.238 Z=1.380), Max=(X=1394.999 Y=761.238 Z=101.380) RuntimeGrid:None EditorOnly:0 RuntimeOnly:0 HLODRelevant:0
 |   |   |- [+] [ 35]
 |   |   |   |- Guid:83F6CB624AC55601BF304FB75984DDFF BaseClass: NativeClass:/Script/Engine.ExponentialHeightFog Name:ExponentialHeightFog_0 Label:ExponentialHeightFog SpatiallyLoaded:0 Bounds:IsValid=true, Min=(X=-5600.000 Y=-50.000 Z=-6850.000), Max=(X=-5600.000 Y=-50.000 Z=-6850.000) RuntimeGrid:None EditorOnly:0 RuntimeOnly:0 HLODRelevant:0 FolderPath:Lighting FolderGuid:0BA5F0A04EADB18E70D5B180D08FA34B
 |   |   |- [+] [ 36]
 |   |   |   |- Guid:D87F2D994417889DED4F448D400593B4 BaseClass: NativeClass:/Script/Engine.StaticMeshActor Name:StaticMeshActor_UAID_049226BE3E3CA57A01_1896942043 Label:SM_QuarterCylinder19 SpatiallyLoaded:1 Bounds:IsValid=true, Min=(X=1349.881 Y=1600.000 Z=661.220), Max=(X=1449.881 Y=1700.000 Z=684.294) RuntimeGrid:None EditorOnly:0 RuntimeOnly:0 HLODRelevant:1 FolderPath:Block02 FolderGuid:275232DB4A90E8B2799B29BD69C59B9E
 |   |   |- [+] [ 37]
 |   |   |   |- Guid:8F8F5F3746EC26D927B3D983472DF899 BaseClass: NativeClass:/Script/Engine.StaticMeshActor Name:StaticMeshActor_UAID_049226BE3E3CA57A01_1614441033 Label:SM_QuarterCylinder16 SpatiallyLoaded:1 Bounds:IsValid=true, Min=(X=1349.881 Y=1800.000 Z=-36.629), Max=(X=1449.881 Y=1900.000 Z=669.098) RuntimeGrid:None EditorOnly:0 RuntimeOnly:0 HLODRelevant:1 FolderPath:Block02 FolderGuid:275232DB4A90E8B2799B29BD69C59B9E
 |   |   |- [+] [ 38]
 |   |   |   |- Guid:67C45645402F3BC7979505AA74D24E31 BaseClass: NativeClass:/Script/Engine.StaticMeshActor Name:StaticMeshActor_UAID_049226BE3E3CA57A01_1670186038 Label:SM_Cube20 SpatiallyLoaded:1 Bounds:IsValid=true, Min=(X=1446.600 Y=1608.720 Z=-36.629), Max=(X=1551.417 Y=1886.077 Z=669.098) RuntimeGrid:None EditorOnly:0 RuntimeOnly:0 HLODRelevant:1 FolderPath:Block04 FolderGuid:D00C3F324D055BED943FA6B0235C7FA2
 |   |   |- [+] [ 39]
 |   |   |   |- Guid:308E6DF3416B46D346EEA29C0EDEC82B BaseClass: NativeClass:/Script/Engine.PlayerStart Name:PlayerStart_0 Label:PlayerStart SpatiallyLoaded:0 Bounds:IsValid=true, Min=(X=860.000 Y=810.000 Z=0.013), Max=(X=940.000 Y=890.000 Z=184.013) RuntimeGrid:None EditorOnly:0 RuntimeOnly:0 HLODRelevant:0
 |   |   |- [+] [ 40]
 |   |   |   |- Guid:7B8979294B747F439031E79E656A87C6 BaseClass: NativeClass:/Script/Engine.StaticMeshActor Name:StaticMeshActor_UAID_049226BE3E3CA57A01_1896947048 Label:SM_Cube25 SpatiallyLoaded:1 Bounds:IsValid=true, Min=(X=1446.600 Y=1608.720 Z=661.220), Max=(X=1551.417 Y=1886.077 Z=684.294) RuntimeGrid:None EditorOnly:0 RuntimeOnly:0 HLODRelevant:1 FolderPath:Block04 FolderGuid:D00C3F324D055BED943FA6B0235C7FA2
 |   |   |- [+] [ 41]
 |   |   |   |- Guid:705907C542CFC32EB0B5C7AE9C240204 BaseClass: NativeClass:/Script/Engine.TextRenderActor Name:TextRenderActor_1 Label:TextRenderActor SpatiallyLoaded:1 Bounds:IsValid=true, Min=(X=-0.100 Y=1100.000 Z=65.013), Max=(X=-0.100 Y=2363.461 Z=215.013) RuntimeGrid:None EditorOnly:0 RuntimeOnly:0 HLODRelevant:0
 |   |   |- [+] [ 42]
 |   |   |   |- Guid:8FF6BE094B6B0A9509B6BB88662CB4D0 BaseClass: NativeClass:/Script/Engine.DirectionalLight Name:DirectionalLight_1 Label:DirectionalLight SpatiallyLoaded:0 Bounds:IsValid=true, Min=(X=-4398046511104.000 Y=-4398046511104.000 Z=-4398046511104.000), Max=(X=4398046511104.000 Y=4398046511104.000 Z=4398046511104.000) RuntimeGrid:None EditorOnly:0 RuntimeOnly:0 HLODRelevant:0 FolderPath:Lighting FolderGuid:0BA5F0A04EADB18E70D5B180D08FA34B
 |   |   |- [+] [ 43]
 |   |   |   |- Guid:8B6C9123455CF94BF4D08F860AD6EAF9 BaseClass:/Game/Blueprints/CubeTypes/BP_Cube_Explode.BP_Cube_Explode_C NativeClass:/Script/Engine.Actor Name:BP_Bombe_C_UAID_049226BE3E3CD67C01_1883591778 Label:BP_Bombe SpatiallyLoaded:1 Bounds:IsValid=true, Min=(X=1429.873 Y=661.238 Z=1.380), Max=(X=1529.873 Y=761.238 Z=101.380) RuntimeGrid:None EditorOnly:0 RuntimeOnly:0 HLODRelevant:0
 |   |   |- [+] [ 44]
 |   |   |   |- Guid:846CB7B24A24AF302AD1DABBCFB375ED BaseClass: NativeClass:/Script/Engine.StaticMeshActor Name:StaticMeshActor_UAID_049226BE3E3CA67A01_1522914230 Label:SM_Cube27 SpatiallyLoaded:1 Bounds:IsValid=true, Min=(X=1302.391 Y=1758.738 Z=0.566), Max=(X=1697.040 Y=1800.547 Z=43.719) RuntimeGrid:None EditorOnly:0 RuntimeOnly:0 HLODRelevant:1 FolderPath:Block04 FolderGuid:D00C3F324D055BED943FA6B0235C7FA2
 |   |   |- [+] [ 45]
 |   |   |   |- Guid:808747AE4336B20A85F2DA9CCC72E375 BaseClass:/Game/Blueprints/CubeTypes/BP_Cube_Explode.BP_Cube_Explode_C NativeClass:/Script/Engine.Actor Name:BP_Bombe_C_UAID_049226BE3E3CD67C01_1897319785 Label:BP_Bombe8 SpatiallyLoaded:1 Bounds:IsValid=true, Min=(X=1740.330 Y=789.488 Z=1.380), Max=(X=1840.330 Y=889.488 Z=101.380) RuntimeGrid:None EditorOnly:0 RuntimeOnly:0 HLODRelevant:0
 |   |   |- [+] [ 46]
 |   |   |   |- Guid:B46038F749E7B5620B66279BBFA48F34 BaseClass:/Game/Blueprints/CubeTypes/BP_Cube_Explode.BP_Cube_Explode_C NativeClass:/Script/Engine.Actor Name:BP_Bombe_C_UAID_049226BE3E3CD67C01_1892054781 Label:BP_Bombe4 SpatiallyLoaded:1 Bounds:IsValid=true, Min=(X=1568.956 Y=789.488 Z=1.380), Max=(X=1668.956 Y=889.488 Z=101.380) RuntimeGrid:None EditorOnly:0 RuntimeOnly:0 HLODRelevant:0
 |   |   |- [+] [ 47]
 |   |   |   |- Guid:5DCF89CF4275FF0938714AA3A8F19ACA BaseClass:/Game/FirstPerson/Blueprints/BP_Pickup_Rifle.BP_Pickup_Rifle_C NativeClass:/Script/Engine.Actor Name:BP_Rifle_C_1 Label:BP_Pickup_Rifle SpatiallyLoaded:1 Bounds:IsValid=true, Min=(X=1211.776 Y=818.000 Z=38.168), Max=(X=1275.776 Y=907.440 Z=102.168) RuntimeGrid:None EditorOnly:0 RuntimeOnly:0 HLODRelevant:0
 |   |   |- [+] [ 48]
 |   |   |   |- Guid:2316AB5B4F955E9DA183B0A624664087 BaseClass: NativeClass:/Script/Engine.StaticMeshActor Name:StaticMeshActor_UAID_049226BE3E3CA57A01_1896945046 Label:SM_QuarterCylinder21 SpatiallyLoaded:1 Bounds:IsValid=true, Min=(X=1551.017 Y=1798.068 Z=661.220), Max=(X=1651.017 Y=1898.068 Z=684.294) RuntimeGrid:None EditorOnly:0 RuntimeOnly:0 HLODRelevant:1 FolderPath:Block02 FolderGuid:275232DB4A90E8B2799B29BD69C59B9E
 |   |   |- [+] [ 49]
 |   |   |   |- Guid:4DD48CEB40D9876010B18080E85E315E BaseClass: NativeClass:/Script/Engine.StaticMeshActor Name:StaticMeshActor_4 Label:SM_Cube3 SpatiallyLoaded:1 Bounds:IsValid=true, Min=(X=0.000 Y=3400.000 Z=0.000), Max=(X=3000.000 Y=3500.000 Z=1480.907) RuntimeGrid:None EditorOnly:0 RuntimeOnly:0 HLODRelevant:1 FolderPath:Playground FolderGuid:6C02BB504B69D1F3D7A624B130C18E5B
 |   |   |- [+] [ 50]
 |   |   |   |- Guid:D8C32F9C4091F6885E479F85BCB75F1A BaseClass:/Game/Blueprints/CubeTypes/BP_Cube_Explode.BP_Cube_Explode_C NativeClass:/Script/Engine.Actor Name:BP_Bombe_C_UAID_049226BE3E3C4AC301_1496429103 Label:BP_Bombe11 SpatiallyLoaded:1 Bounds:IsValid=true, Min=(X=1934.783 Y=1553.166 Z=306.162), Max=(X=2405.452 Y=1653.166 Z=406.162) RuntimeGrid:None EditorOnly:0 RuntimeOnly:0 HLODRelevant:0
 |- ContainerInstances:
 |- [+] MainContainer:
 |   |-        ID: 0x0000000000000000
 |   |-    Bounds: IsValid=false, Min=(X=0.000 Y=0.000 Z=0.000), Max=(X=0.000 Y=0.000 Z=0.000)
 |   |- Transform: 0.000000,0.000000,0.000000|0.000000,0.000000,-0.000000|1.000000,1.000000,1.000000
 |   |- Container: /Game/MAIN
----------------------------------------------------------------------------------------------------------------
MAIN - Persistent Level
----------------------------------------------------------------------------------------------------------------
Always loaded Actor Count: 73 

----------------------------------------------------------------------------------------------------------------
MAIN - Runtime Spatial Hash - Streaming Grid - MainGrid
----------------------------------------------------------------------------------------------------------------
            Origin: X=0.000 Y=0.000 Z=0.000
         Cell Size: 12800
      World Bounds: IsValid=false, Min=(X=0.000 Y=0.000 Z=0.000), Max=(X=0.000 Y=0.000 Z=0.000)
     Loading Range: 25600.00
Block Slow Loading: No
 ClientOnlyVisible: No

[+] Grid Levels: 1
 |- Level  0: Cell Count    0 | Cell Size   12800 | Actor Count    0 (0.0%)

[+] Content of Grid Level 0

