[+] Containers:
 |- [+] Container: /Game/FirstPerson/Maps/FirstPersonMap
 |   |- [+] ActorDescs:
 |   |   |- Guid:00AC4C5E4E60599FD60087B1DAC3B9AE BaseClass: NativeClass:/Script/Engine.PointLight Name:PointLight_UAID_049226BE3E3CD77C01_1427436947 Label:PointLight4 SpatiallyLoaded:1 Bounds:IsValid=true, Min=(X=-15340.236 Y=-15498.379 Z=-15912.226), Max=(X=17427.764 Y=17269.621 Z=16855.774) RuntimeGrid:None EditorOnly:0 RuntimeOnly:0 HLODRelevant:0
 |   |   |- Guid:016019FE436CA0B86074918482073301 BaseClass: NativeClass:/Script/Engine.StaticMeshActor Name:StaticMeshActor_UAID_049226BE3E3CD77C01_1854331955 Label:SM_Cube33 SpatiallyLoaded:1 Bounds:IsValid=true, Min=(X=2874.365 Y=1653.835 Z=666.204), Max=(X=2982.677 Y=1827.445 Z=708.014) RuntimeGrid:None EditorOnly:0 RuntimeOnly:0 HLODRelevant:1 FolderPath:Block04 FolderGuid:D00C3F324D055BED943FA6B0235C7FA2
 |   |   |- Guid:0697BB0A4285E4CFD9A3E886AB5223BB BaseClass: NativeClass:/Script/Engine.StaticMeshActor Name:StaticMeshActor_UAID_049226BE3E3CA57A01_1896943044 Label:SM_QuarterCylinder20 SpatiallyLoaded:1 Bounds:IsValid=true, Min=(X=1349.881 Y=1800.000 Z=661.220), Max=(X=1449.881 Y=1900.000 Z=684.294) RuntimeGrid:None EditorOnly:0 RuntimeOnly:0 HLODRelevant:1 FolderPath:Block02 FolderGuid:275232DB4A90E8B2799B29BD69C59B9E
 |   |   |- Guid:0B109E5C47C68041D941FFB81C48EC78 BaseClass: NativeClass:/Script/Engine.StaticMeshActor Name:StaticMeshActor_UAID_049226BE3E3CA57A01_1896947048 Label:SM_Cube25 SpatiallyLoaded:1 Bounds:IsValid=true, Min=(X=1446.600 Y=1608.720 Z=661.220), Max=(X=1551.417 Y=1886.077 Z=684.294) RuntimeGrid:None EditorOnly:0 RuntimeOnly:0 HLODRelevant:1 FolderPath:Block04 FolderGuid:D00C3F324D055BED943FA6B0235C7FA2
 |   |   |- Guid:0E107238468F3E2CB6736D883D3AD6FC BaseClass: NativeClass:/Script/Engine.StaticMeshActor Name:StaticMeshActor_UAID_049226BE3E3CA57A01_1670186038 Label:SM_Cube20 SpatiallyLoaded:1 Bounds:IsValid=true, Min=(X=1446.600 Y=1608.720 Z=-36.629), Max=(X=1551.417 Y=1886.077 Z=669.098) RuntimeGrid:None EditorOnly:0 RuntimeOnly:0 HLODRelevant:1 FolderPath:Block04 FolderGuid:D00C3F324D055BED943FA6B0235C7FA2
 |   |   |- Guid:0EDB289B45CB7E0977A6DBA74201EE76 BaseClass: NativeClass:/Script/Engine.StaticMeshActor Name:StaticMeshActor_10 Label:SM_Cube6 SpatiallyLoaded:1 Bounds:IsValid=true, Min=(X=2900.000 Y=100.000 Z=0.000), Max=(X=3000.000 Y=3400.000 Z=2006.908) RuntimeGrid:None EditorOnly:0 RuntimeOnly:0 HLODRelevant:1 FolderPath:Playground FolderGuid:6C02BB504B69D1F3D7A624B130C18E5B
 |   |   |- Guid:18139B884132AFFF34BB778C280C6074 BaseClass: NativeClass:/Script/Engine.StaticMeshActor Name:StaticMeshActor_UAID_049226BE3E3CA57A01_1697048039 Label:SM_Cube21 SpatiallyLoaded:1 Bounds:IsValid=true, Min=(X=1475.589 Y=1601.871 Z=-16.914), Max=(X=1517.398 Y=1902.369 Z=688.813) RuntimeGrid:None EditorOnly:0 RuntimeOnly:0 HLODRelevant:1 FolderPath:Block04 FolderGuid:D00C3F324D055BED943FA6B0235C7FA2
 |   |   |- Guid:1F0E08A04397259D2CD3A9922CF92DD1 BaseClass: NativeClass:/Script/Engine.StaticMeshActor Name:StaticMeshActor_UAID_049226BE3E3CA57A01_1614441033 Label:SM_QuarterCylinder16 SpatiallyLoaded:1 Bounds:IsValid=true, Min=(X=1349.881 Y=1800.000 Z=-36.629), Max=(X=1449.881 Y=1900.000 Z=669.098) RuntimeGrid:None EditorOnly:0 RuntimeOnly:0 HLODRelevant:1 FolderPath:Block02 FolderGuid:275232DB4A90E8B2799B29BD69C59B9E
 |   |   |- Guid:1F84847C4584A576047129BAFF312489 BaseClass:/Game/Blueprints/CubeTypes/BP_Cube_Explode.BP_Cube_Explode_C NativeClass:/Script/Engine.Actor Name:BP_Bombe_C_UAID_049226BE3E3CD67C01_1899794787 Label:BP_Bombe10 SpatiallyLoaded:1 Bounds:IsValid=true, Min=(X=1882.038 Y=789.488 Z=1.380), Max=(X=1982.038 Y=889.488 Z=101.380) RuntimeGrid:None EditorOnly:0 RuntimeOnly:0 HLODRelevant:0
 |   |   |- Guid:21262252453B37957EF29F82ABA2413B BaseClass: NativeClass:/Script/Engine.TextRenderActor Name:TextRenderActor_1 Label:TextRenderActor SpatiallyLoaded:1 Bounds:IsValid=true, Min=(X=-0.100 Y=1100.000 Z=65.013), Max=(X=-0.100 Y=2363.461 Z=215.013) RuntimeGrid:None EditorOnly:0 RuntimeOnly:0 HLODRelevant:0
 |   |   |- Guid:2F2D358046C2DAF15BDEB78ADC271EBE BaseClass: NativeClass:/Script/Engine.StaticMeshActor Name:StaticMeshActor_UAID_049226BE3E3CA57A01_2094687049 Label:SM_Heis SpatiallyLoaded:1 Bounds:IsValid=true, Min=(X=-1180.566 Y=1617.519 Z=-87.044), Max=(X=-872.703 Y=1921.820 Z=638.398) RuntimeGrid:None EditorOnly:0 RuntimeOnly:0 HLODRelevant:1
 |   |   |- Guid:3231F3D04DD5299CC55645BBD7DB7926 BaseClass: NativeClass:/Script/Engine.PointLight Name:PointLight_UAID_049226BE3E3CD77C01_1414155944 Label:PointLight SpatiallyLoaded:1 Bounds:IsValid=true, Min=(X=-14338.247 Y=-15559.822 Z=-15912.226), Max=(X=18429.753 Y=17208.178 Z=16855.774) RuntimeGrid:None EditorOnly:0 RuntimeOnly:0 HLODRelevant:0
 |   |   |- Guid:36D376514221DBF9A13BF08E44B2A8B0 BaseClass:/Game/Blueprints/CubeTypes/BP_Cube_Explode.BP_Cube_Explode_C NativeClass:/Script/Engine.Actor Name:BP_Bombe_C_UAID_049226BE3E3CD67C01_1888345779 Label:BP_Bombe2 SpatiallyLoaded:1 Bounds:IsValid=true, Min=(X=1420.713 Y=789.488 Z=1.380), Max=(X=1520.713 Y=889.488 Z=101.380) RuntimeGrid:None EditorOnly:0 RuntimeOnly:0 HLODRelevant:0
 |   |   |- Guid:45E2F6714A3EEAFEDF7F90935C1A066B BaseClass:/Game/Blueprints/CubeTypes/BP_Cube_Explode.BP_Cube_Explode_C NativeClass:/Script/Engine.Actor Name:BP_Bombe_C_UAID_049226BE3E3CD67C01_1892052780 Label:BP_Bombe3 SpatiallyLoaded:1 Bounds:IsValid=true, Min=(X=1578.116 Y=661.238 Z=1.380), Max=(X=1678.116 Y=761.238 Z=101.380) RuntimeGrid:None EditorOnly:0 RuntimeOnly:0 HLODRelevant:0
 |   |   |- Guid:531CC9664BA3F4CD591E9BA90BDF8D70 BaseClass:/Game/Blueprints/CubeTypes/BP_Cube_Explode.BP_Cube_Explode_C NativeClass:/Script/Engine.Actor Name:BP_Bombe_C_UAID_049226BE3E3CD67C01_1895855782 Label:BP_Bombe5 SpatiallyLoaded:1 Bounds:IsValid=true, Min=(X=1294.999 Y=661.238 Z=1.380), Max=(X=1394.999 Y=761.238 Z=101.380) RuntimeGrid:None EditorOnly:0 RuntimeOnly:0 HLODRelevant:0
 |   |   |- Guid:5F29E9DF4426B88687A7619D41BC2571 BaseClass: NativeClass:/Script/Engine.StaticMeshActor Name:StaticMeshActor_UAID_049226BE3E3CD77C01_1816145950 Label:SM_Cube28 SpatiallyLoaded:1 Bounds:IsValid=true, Min=(X=2874.365 Y=1739.300 Z=-16.914), Max=(X=2982.677 Y=1781.109 Z=688.813) RuntimeGrid:None EditorOnly:0 RuntimeOnly:0 HLODRelevant:1 FolderPath:Block04 FolderGuid:D00C3F324D055BED943FA6B0235C7FA2
 |   |   |- Guid:5FE7584649BB6F09265329A6C57CFD0D BaseClass: NativeClass:/Script/Engine.VolumetricCloud Name:VolumetricCloud_0 Label:VolumetricCloud SpatiallyLoaded:0 Bounds:IsValid=true, Min=(X=0.000 Y=0.000 Z=820.000), Max=(X=0.000 Y=0.000 Z=820.000) RuntimeGrid:None EditorOnly:0 RuntimeOnly:0 HLODRelevant:0 FolderPath:Lighting FolderGuid:0BA5F0A04EADB18E70D5B180D08FA34B
 |   |   |- Guid:61391D344900612A77DFC3BA3E354907 BaseClass: NativeClass:/Script/Engine.ExponentialHeightFog Name:ExponentialHeightFog_0 Label:ExponentialHeightFog SpatiallyLoaded:0 Bounds:IsValid=true, Min=(X=-5600.000 Y=-50.000 Z=-6850.000), Max=(X=-5600.000 Y=-50.000 Z=-6850.000) RuntimeGrid:None EditorOnly:0 RuntimeOnly:0 HLODRelevant:0 FolderPath:Lighting FolderGuid:0BA5F0A04EADB18E70D5B180D08FA34B
 |   |   |- Guid:637F964A419C92E9D4A04FAA2AC861A2 BaseClass: NativeClass:/Script/Engine.StaticMeshActor Name:StaticMeshActor_UAID_049226BE3E3CD77C01_1854329954 Label:SM_Cube32 SpatiallyLoaded:1 Bounds:IsValid=true, Min=(X=2874.365 Y=1653.882 Z=839.406), Max=(X=2982.677 Y=1827.491 Z=881.215) RuntimeGrid:None EditorOnly:0 RuntimeOnly:0 HLODRelevant:1 FolderPath:Block04 FolderGuid:D00C3F324D055BED943FA6B0235C7FA2
 |   |   |- Guid:656B7D694FAB60DF6ECC2DA185EA0C8D BaseClass: NativeClass:/Script/Engine.StaticMeshActor Name:StaticMeshActor_UAID_049226BE3E3CA57A01_1614437031 Label:SM_Cube17 SpatiallyLoaded:1 Bounds:IsValid=true, Min=(X=1349.881 Y=1700.000 Z=-36.629), Max=(X=1449.881 Y=1800.000 Z=669.098) RuntimeGrid:None EditorOnly:0 RuntimeOnly:0 HLODRelevant:1 FolderPath:Block02 FolderGuid:275232DB4A90E8B2799B29BD69C59B9E
 |   |   |- Guid:686E705945191863BBD2DF9E09A3DF6C BaseClass: NativeClass:/Script/Engine.StaticMeshActor Name:StaticMeshActor_UAID_049226BE3E3CA57A01_1614440032 Label:SM_QuarterCylinder15 SpatiallyLoaded:1 Bounds:IsValid=true, Min=(X=1349.881 Y=1600.000 Z=-36.629), Max=(X=1449.881 Y=1700.000 Z=669.098) RuntimeGrid:None EditorOnly:0 RuntimeOnly:0 HLODRelevant:1 FolderPath:Block02 FolderGuid:275232DB4A90E8B2799B29BD69C59B9E
 |   |   |- Guid:6BBC7C37415F00347086DCB202FBED74 BaseClass: NativeClass:/Script/Engine.StaticMeshActor Name:StaticMeshActor_UAID_049226BE3E3CA67A01_1669567234 Label:Sm_Heis_Frame SpatiallyLoaded:1 Bounds:IsValid=true, Min=(X=-1251.693 Y=1546.663 Z=533.914), Max=(X=-801.413 Y=1996.943 Z=577.633) RuntimeGrid:None EditorOnly:0 RuntimeOnly:0 HLODRelevant:1
 |   |   |- Guid:6FD404AA4B1DC95B1EA349A1D2DB1A72 BaseClass: NativeClass:/Script/Engine.StaticMeshActor Name:StaticMeshActor_UAID_049226BE3E3CA67A01_1435876228 Label:SM_Cube26 SpatiallyLoaded:1 Bounds:IsValid=true, Min=(X=1474.750 Y=1573.349 Z=0.566), Max=(X=1516.559 Y=1967.999 Z=43.719) RuntimeGrid:None EditorOnly:0 RuntimeOnly:0 HLODRelevant:1 FolderPath:Block04 FolderGuid:D00C3F324D055BED943FA6B0235C7FA2
 |   |   |- Guid:6FEFB3BD4EB37B849EF0D4AC80F83855 BaseClass: NativeClass:/Script/Engine.WorldDataLayers Name:WorldDataLayers Label:WorldDataLayers SpatiallyLoaded:0 Bounds:IsValid=true, Min=(X=0.000 Y=0.000 Z=0.000), Max=(X=0.000 Y=0.000 Z=0.000) RuntimeGrid:None EditorOnly:0 RuntimeOnly:0 HLODRelevant:0
 |   |   |- Guid:740DE88A49BAA6B57B4551A2AE9B249E BaseClass: NativeClass:/Script/Engine.StaticMeshActor Name:StaticMeshActor_UAID_049226BE3E3CA67A01_1522914230 Label:SM_Cube27 SpatiallyLoaded:1 Bounds:IsValid=true, Min=(X=1302.391 Y=1758.738 Z=0.566), Max=(X=1697.040 Y=1800.547 Z=43.719) RuntimeGrid:None EditorOnly:0 RuntimeOnly:0 HLODRelevant:1 FolderPath:Block04 FolderGuid:D00C3F324D055BED943FA6B0235C7FA2
 |   |   |- Guid:76F3ACD24C22F256F6385A96A9298D9C BaseClass: NativeClass:/Script/Engine.StaticMeshActor Name:StaticMeshActor_UAID_049226BE3E3CA57A01_1896942043 Label:SM_QuarterCylinder19 SpatiallyLoaded:1 Bounds:IsValid=true, Min=(X=1349.881 Y=1600.000 Z=661.220), Max=(X=1449.881 Y=1700.000 Z=684.294) RuntimeGrid:None EditorOnly:0 RuntimeOnly:0 HLODRelevant:1 FolderPath:Block02 FolderGuid:275232DB4A90E8B2799B29BD69C59B9E
 |   |   |- Guid:78CAF7514C7533F30BD2F19A017AAB65 BaseClass: NativeClass:/Script/Engine.StaticMeshActor Name:StaticMeshActor_0 Label:SM_Cube SpatiallyLoaded:1 Bounds:IsValid=true, Min=(X=0.000 Y=0.000 Z=-50.000), Max=(X=3000.000 Y=3500.000 Z=0.000) RuntimeGrid:None EditorOnly:0 RuntimeOnly:0 HLODRelevant:1 FolderPath:Playground FolderGuid:6C02BB504B69D1F3D7A624B130C18E5B
 |   |   |- Guid:7D31F17440D5991B8742DD99F2698EA6 BaseClass:/Game/Blueprints/CubeTypes/BP_Cube_Explode.BP_Cube_Explode_C NativeClass:/Script/Engine.Actor Name:BP_Bombe_C_UAID_049226BE3E3CD67C01_1897318784 Label:BP_Bombe7 SpatiallyLoaded:1 Bounds:IsValid=true, Min=(X=1749.489 Y=661.238 Z=1.380), Max=(X=1849.489 Y=761.238 Z=101.380) RuntimeGrid:None EditorOnly:0 RuntimeOnly:0 HLODRelevant:0
 |   |   |- Guid:84359A834BB1BF17A4B87E9D0BF8A44B BaseClass: NativeClass:/Script/Engine.StaticMeshActor Name:StaticMeshActor_UAID_049226BE3E3CA57A01_1617978034 Label:SM_Cube18 SpatiallyLoaded:1 Bounds:IsValid=true, Min=(X=1551.017 Y=1698.068 Z=-36.629), Max=(X=1651.017 Y=1798.068 Z=669.098) RuntimeGrid:None EditorOnly:0 RuntimeOnly:0 HLODRelevant:1 FolderPath:Block02 FolderGuid:275232DB4A90E8B2799B29BD69C59B9E
 |   |   |- Guid:845F5DCC45FA513F8F244B89ABC3B8AB BaseClass: NativeClass:/Script/Engine.StaticMeshActor Name:StaticMeshActor_UAID_049226BE3E3CD77C01_1840983952 Label:SM_Cube30 SpatiallyLoaded:1 Bounds:IsValid=true, Min=(X=2874.365 Y=1651.929 Z=666.204), Max=(X=2982.677 Y=1693.738 Z=839.814) RuntimeGrid:None EditorOnly:0 RuntimeOnly:0 HLODRelevant:1 FolderPath:Block04 FolderGuid:D00C3F324D055BED943FA6B0235C7FA2
 |   |   |- Guid:846A5A4F4342116063ACBFAD15CE3150 BaseClass: NativeClass:/Script/Engine.PointLight Name:PointLight_UAID_049226BE3E3CD77C01_1424766946 Label:PointLight3 SpatiallyLoaded:1 Bounds:IsValid=true, Min=(X=-15340.236 Y=-14157.444 Z=-15912.226), Max=(X=17427.764 Y=18610.556 Z=16855.774) RuntimeGrid:None EditorOnly:0 RuntimeOnly:0 HLODRelevant:0
 |   |   |- Guid:8559D1384B14F466E8927697A36C1D78 BaseClass: NativeClass:/Script/Engine.StaticMeshActor Name:StaticMeshActor_9 Label:SM_Cube5 SpatiallyLoaded:1 Bounds:IsValid=true, Min=(X=-0.000 Y=100.000 Z=0.000), Max=(X=100.000 Y=3400.000 Z=2006.908) RuntimeGrid:None EditorOnly:0 RuntimeOnly:0 HLODRelevant:1 FolderPath:Playground FolderGuid:6C02BB504B69D1F3D7A624B130C18E5B
 |   |   |- Guid:9050C6A64D81A7F573AD72872053341B BaseClass: NativeClass:/Script/Engine.StaticMeshActor Name:StaticMeshActor_UAID_049226BE3E3CA57A01_1717827040 Label:SM_Cube22 SpatiallyLoaded:1 Bounds:IsValid=true, Min=(X=1345.360 Y=1739.300 Z=-16.914), Max=(X=1653.223 Y=1781.109 Z=688.813) RuntimeGrid:None EditorOnly:0 RuntimeOnly:0 HLODRelevant:1 FolderPath:Block04 FolderGuid:D00C3F324D055BED943FA6B0235C7FA2
 |   |   |- Guid:90B7B8D3420C2EABA931D3A6A69DF696 BaseClass: NativeClass:/Script/Engine.StaticMeshActor Name:StaticMeshActor_3 Label:SM_Cube2 SpatiallyLoaded:1 Bounds:IsValid=true, Min=(X=0.000 Y=0.000 Z=0.000), Max=(X=3000.000 Y=100.000 Z=2006.908) RuntimeGrid:None EditorOnly:0 RuntimeOnly:0 HLODRelevant:1 FolderPath:Playground FolderGuid:6C02BB504B69D1F3D7A624B130C18E5B
 |   |   |- Guid:9F0FAC93493281B28C2D4EBDF175DAFB BaseClass: NativeClass:/Script/Engine.StaticMeshActor Name:StaticMeshActor_UAID_049226BE3E3CA57A01_1896946047 Label:SM_QuarterCylinder22 SpatiallyLoaded:1 Bounds:IsValid=true, Min=(X=1551.017 Y=1598.068 Z=661.220), Max=(X=1651.017 Y=1698.068 Z=684.294) RuntimeGrid:None EditorOnly:0 RuntimeOnly:0 HLODRelevant:1 FolderPath:Block02 FolderGuid:275232DB4A90E8B2799B29BD69C59B9E
 |   |   |- Guid:A354B1B24E617A525DC6B48CCDE2417E BaseClass: NativeClass:/Script/Engine.PlayerStart Name:PlayerStart_0 Label:PlayerStart SpatiallyLoaded:0 Bounds:IsValid=true, Min=(X=860.000 Y=810.000 Z=0.013), Max=(X=940.000 Y=890.000 Z=184.013) RuntimeGrid:None EditorOnly:0 RuntimeOnly:0 HLODRelevant:0
 |   |   |- Guid:A3C4FFFE45CC9AE77F02658B254AA057 BaseClass:/Game/Blueprints/CubeTypes/BP_Cube_Explode.BP_Cube_Explode_C NativeClass:/Script/Engine.Actor Name:BP_Bombe_C_UAID_049226BE3E3CD67C01_1892054781 Label:BP_Bombe4 SpatiallyLoaded:1 Bounds:IsValid=true, Min=(X=1568.956 Y=789.488 Z=1.380), Max=(X=1668.956 Y=889.488 Z=101.380) RuntimeGrid:None EditorOnly:0 RuntimeOnly:0 HLODRelevant:0
 |   |   |- Guid:B0B1A05343284D70031C5FB54679A4CB BaseClass: NativeClass:/Script/Engine.PointLight Name:PointLight_UAID_049226BE3E3CD77C01_1422215945 Label:PointLight2 SpatiallyLoaded:1 Bounds:IsValid=true, Min=(X=-14338.247 Y=-14157.444 Z=-15912.226), Max=(X=18429.753 Y=18610.556 Z=16855.774) RuntimeGrid:None EditorOnly:0 RuntimeOnly:0 HLODRelevant:0
 |   |   |- Guid:B19AA56648C3D04EA08BB9B66F4ACA4B BaseClass: NativeClass:/Script/Engine.StaticMeshActor Name:StaticMeshActor_UAID_049226BE3E3CA57A01_1896939042 Label:SM_Cube19 SpatiallyLoaded:1 Bounds:IsValid=true, Min=(X=1349.881 Y=1700.000 Z=661.220), Max=(X=1449.881 Y=1800.000 Z=684.294) RuntimeGrid:None EditorOnly:0 RuntimeOnly:0 HLODRelevant:1 FolderPath:Block02 FolderGuid:275232DB4A90E8B2799B29BD69C59B9E
 |   |   |- Guid:BAC430324CF0EEC154CBD98A7D3804AF BaseClass: NativeClass:/Script/Engine.StaticMeshActor Name:StaticMeshActor_UAID_049226BE3E3CA57A01_1896945046 Label:SM_QuarterCylinder21 SpatiallyLoaded:1 Bounds:IsValid=true, Min=(X=1551.017 Y=1798.068 Z=661.220), Max=(X=1651.017 Y=1898.068 Z=684.294) RuntimeGrid:None EditorOnly:0 RuntimeOnly:0 HLODRelevant:1 FolderPath:Block02 FolderGuid:275232DB4A90E8B2799B29BD69C59B9E
 |   |   |- Guid:BD60EFD346FDB2E75E26C5BC8729554A BaseClass:/Game/Blueprints/BP_TargetSpawner2.BP_TargetSpawner2_C NativeClass:/Script/Engine.Actor Name:BP_TargetSpawner2_C_UAID_049226BE3E3CD67C01_1908388788 Label:BP_TargetSpawner2 SpatiallyLoaded:1 Bounds:IsValid=true, Min=(X=1583.931 Y=1158.661 Z=7.689), Max=(X=1683.931 Y=1258.661 Z=107.689) RuntimeGrid:None EditorOnly:0 RuntimeOnly:0 HLODRelevant:0
 |   |   |- Guid:C0C56B9644AE3D40CAFF6A878DB29844 BaseClass: NativeClass:/Script/Engine.StaticMeshActor Name:StaticMeshActor_UAID_A4AE111137DC5EFB00_2001720423 Label:SM_SkySphere SpatiallyLoaded:0 Bounds:IsValid=true, Min=(X=-1638400.000 Y=-1638400.000 Z=-1638400.000), Max=(X=1638400.000 Y=1638400.000 Z=1638400.000) RuntimeGrid:None EditorOnly:0 RuntimeOnly:0 HLODRelevant:1 FolderPath:Lighting FolderGuid:0BA5F0A04EADB18E70D5B180D08FA34B
 |   |   |- Guid:C22CE07C4B87D685137FDBBC10FC92C6 BaseClass: NativeClass:/Script/Engine.SkyAtmosphere Name:SkyAtmosphere_0 Label:SkyAtmosphere SpatiallyLoaded:0 Bounds:IsValid=true, Min=(X=0.000 Y=0.000 Z=1020.000), Max=(X=0.000 Y=0.000 Z=1020.000) RuntimeGrid:None EditorOnly:0 RuntimeOnly:0 HLODRelevant:0 FolderPath:Lighting FolderGuid:0BA5F0A04EADB18E70D5B180D08FA34B
 |   |   |- Guid:C6DCEF784A782C054224D99822D21ACC BaseClass: NativeClass:/Script/Engine.StaticMeshActor Name:StaticMeshActor_UAID_049226BE3E3CA67A01_1424021227 Label:Torus SpatiallyLoaded:1 Bounds:IsValid=true, Min=(X=1052.777 Y=1324.639 Z=0.000), Max=(X=1945.478 Y=2217.340 Z=43.301) RuntimeGrid:None EditorOnly:0 RuntimeOnly:0 HLODRelevant:0
 |   |   |- Guid:CB386F87412BD473B4F1E9B95ECD37FD BaseClass: NativeClass:/Script/Engine.StaticMeshActor Name:StaticMeshActor_UAID_049226BE3E3CA57A01_1896944045 Label:SM_Cube24 SpatiallyLoaded:1 Bounds:IsValid=true, Min=(X=1551.017 Y=1698.068 Z=661.220), Max=(X=1651.017 Y=1798.068 Z=684.294) RuntimeGrid:None EditorOnly:0 RuntimeOnly:0 HLODRelevant:1 FolderPath:Block02 FolderGuid:275232DB4A90E8B2799B29BD69C59B9E
 |   |   |- Guid:CE8D82634660FCDB3120E2B8D547C533 BaseClass: NativeClass:/Script/Engine.PostProcessVolume Name:PostProcessVolume_0 Label:PostProcessVolume SpatiallyLoaded:0 Bounds:IsValid=true, Min=(X=0.000 Y=0.000 Z=400.000), Max=(X=200.000 Y=200.000 Z=600.000) RuntimeGrid:None EditorOnly:0 RuntimeOnly:0 HLODRelevant:0 FolderPath:Lighting FolderGuid:0BA5F0A04EADB18E70D5B180D08FA34B
 |   |   |- Guid:D2FB1FE1426F93257486FF9CE72A7B27 BaseClass: NativeClass:/Script/Engine.StaticMeshActor Name:StaticMeshActor_UAID_049226BE3E3CD77C01_1391851943 Label:SM_Cube4 SpatiallyLoaded:1 Bounds:IsValid=true, Min=(X=0.000 Y=0.000 Z=1989.371), Max=(X=3000.000 Y=3500.000 Z=2039.371) RuntimeGrid:None EditorOnly:0 RuntimeOnly:0 HLODRelevant:1 FolderPath:Playground FolderGuid:6C02BB504B69D1F3D7A624B130C18E5B
 |   |   |- Guid:D854D015458662F6DD3D8D921671952D BaseClass:/Game/Blueprints/CubeTypes/BP_Cube_Explode.BP_Cube_Explode_C NativeClass:/Script/Engine.Actor Name:BP_Bombe_C_UAID_049226BE3E3CD67C01_1895859783 Label:BP_Bombe6 SpatiallyLoaded:1 Bounds:IsValid=true, Min=(X=1285.840 Y=789.488 Z=1.380), Max=(X=1385.840 Y=889.488 Z=101.380) RuntimeGrid:None EditorOnly:0 RuntimeOnly:0 HLODRelevant:0
 |   |   |- Guid:DA16ADB3486EE12391D8B0821E2FE4A7 BaseClass: NativeClass:/Script/Engine.StaticMeshActor Name:StaticMeshActor_UAID_049226BE3E3CA57A01_1749680041 Label:SM_Cube23 SpatiallyLoaded:1 Bounds:IsValid=true, Min=(X=1446.600 Y=1712.325 Z=621.875), Max=(X=1546.600 Y=1812.325 Z=688.544) RuntimeGrid:None EditorOnly:0 RuntimeOnly:0 HLODRelevant:1 FolderPath:Block04 FolderGuid:D00C3F324D055BED943FA6B0235C7FA2
 |   |   |- Guid:DC7573CF4E77C1074B0B13B5C18731A3 BaseClass:/Game/Blueprints/CubeTypes/BP_Cube_Explode.BP_Cube_Explode_C NativeClass:/Script/Engine.Actor Name:BP_Bombe_C_UAID_049226BE3E3CD67C01_1897319785 Label:BP_Bombe8 SpatiallyLoaded:1 Bounds:IsValid=true, Min=(X=1740.330 Y=789.488 Z=1.380), Max=(X=1840.330 Y=889.488 Z=101.380) RuntimeGrid:None EditorOnly:0 RuntimeOnly:0 HLODRelevant:0
 |   |   |- Guid:E4D27D9947ABC6EF7C032D99A45F01B7 BaseClass: NativeClass:/Script/Engine.StaticMeshActor Name:StaticMeshActor_UAID_049226BE3E3CD77C01_1828798951 Label:SM_Cube29 SpatiallyLoaded:1 Bounds:IsValid=true, Min=(X=1691.626 Y=1739.300 Z=-83.850), Max=(X=2898.118 Y=1781.109 Z=24.462) RuntimeGrid:None EditorOnly:0 RuntimeOnly:0 HLODRelevant:1 FolderPath:Block04 FolderGuid:D00C3F324D055BED943FA6B0235C7FA2
 |   |   |- Guid:E5320C1B4FD9764CE7B54D8487AEC613 BaseClass: NativeClass:/Script/Engine.SkyLight Name:SkyLight_0 Label:SkyLight SpatiallyLoaded:0 Bounds:IsValid=true, Min=(X=0.000 Y=0.000 Z=690.000), Max=(X=0.000 Y=0.000 Z=690.000) RuntimeGrid:None EditorOnly:0 RuntimeOnly:0 HLODRelevant:0 FolderPath:Lighting FolderGuid:0BA5F0A04EADB18E70D5B180D08FA34B
 |   |   |- Guid:E7E23B8E4835D652ED0063AEF4E6A158 BaseClass:/Game/Blueprints/CubeTypes/BP_Cube_Implode.BP_Cube_Implode_C NativeClass:/Script/Engine.Actor Name:BP_Cube_Implode_C_UAID_049226BE3E3CDA7C01_1796725484 Label:BP_Cube_Implode SpatiallyLoaded:1 Bounds:IsValid=true, Min=(X=1119.409 Y=1015.332 Z=12.873), Max=(X=1219.409 Y=1115.332 Z=112.873) RuntimeGrid:None EditorOnly:0 RuntimeOnly:0 HLODRelevant:0
 |   |   |- Guid:EB631B2E4BA2F8B5F9A8768B5F046E16 BaseClass:/Game/Blueprints/CubeTypes/BP_Cube_Explode.BP_Cube_Explode_C NativeClass:/Script/Engine.Actor Name:BP_Bombe_C_UAID_049226BE3E3CD67C01_1883591778 Label:BP_Bombe SpatiallyLoaded:1 Bounds:IsValid=true, Min=(X=1429.873 Y=661.238 Z=1.380), Max=(X=1529.873 Y=761.238 Z=101.380) RuntimeGrid:None EditorOnly:0 RuntimeOnly:0 HLODRelevant:0
 |   |   |- Guid:EE66F4454A4A9F99393F559AB739C05E BaseClass:/Game/FirstPerson/Blueprints/BP_Pickup_Rifle.BP_Pickup_Rifle_C NativeClass:/Script/Engine.Actor Name:BP_Rifle_C_1 Label:BP_Pickup_Rifle SpatiallyLoaded:1 Bounds:IsValid=true, Min=(X=982.612 Y=818.000 Z=38.168), Max=(X=1046.612 Y=907.440 Z=102.168) RuntimeGrid:None EditorOnly:0 RuntimeOnly:0 HLODRelevant:0
 |   |   |- Guid:F07F1AF64C7C7C238EE1B4BF8C122DD8 BaseClass: NativeClass:/Script/Engine.StaticMeshActor Name:StaticMeshActor_4 Label:SM_Cube3 SpatiallyLoaded:1 Bounds:IsValid=true, Min=(X=0.000 Y=3400.000 Z=0.000), Max=(X=3000.000 Y=3500.000 Z=2006.908) RuntimeGrid:None EditorOnly:0 RuntimeOnly:0 HLODRelevant:1 FolderPath:Playground FolderGuid:6C02BB504B69D1F3D7A624B130C18E5B
 |   |   |- Guid:F1C5A1DB49E3D88738816E9CE0752132 BaseClass: NativeClass:/Script/Engine.StaticMeshActor Name:StaticMeshActor_UAID_049226BE3E3CA57A01_1617980036 Label:SM_QuarterCylinder18 SpatiallyLoaded:1 Bounds:IsValid=true, Min=(X=1551.017 Y=1598.068 Z=-36.629), Max=(X=1651.016 Y=1698.068 Z=669.098) RuntimeGrid:None EditorOnly:0 RuntimeOnly:0 HLODRelevant:1 FolderPath:Block02 FolderGuid:275232DB4A90E8B2799B29BD69C59B9E
 |   |   |- Guid:F6D352F34B0088A61FB0B3B9354E2447 BaseClass: NativeClass:/Script/Engine.StaticMeshActor Name:StaticMeshActor_UAID_049226BE3E3CA57A01_1617979035 Label:SM_QuarterCylinder17 SpatiallyLoaded:1 Bounds:IsValid=true, Min=(X=1551.016 Y=1798.068 Z=-36.629), Max=(X=1651.017 Y=1898.068 Z=669.098) RuntimeGrid:None EditorOnly:0 RuntimeOnly:0 HLODRelevant:1 FolderPath:Block02 FolderGuid:275232DB4A90E8B2799B29BD69C59B9E
 |   |   |- Guid:F80621C9446867154938FE81375207DA BaseClass: NativeClass:/Script/Engine.DirectionalLight Name:DirectionalLight_1 Label:DirectionalLight SpatiallyLoaded:0 Bounds:IsValid=true, Min=(X=-1048576.000 Y=-1048576.000 Z=-1048576.000), Max=(X=1048576.000 Y=1048576.000 Z=1048576.000) RuntimeGrid:None EditorOnly:0 RuntimeOnly:0 HLODRelevant:0 FolderPath:Lighting FolderGuid:0BA5F0A04EADB18E70D5B180D08FA34B
 |   |   |- Guid:F8474B1441BE39ADF7FB548B1BC160CF BaseClass:/Game/Blueprints/CubeTypes/BP_Cube_Explode.BP_Cube_Explode_C NativeClass:/Script/Engine.Actor Name:BP_Bombe_C_UAID_049226BE3E3CD67C01_1899792786 Label:BP_Bombe9 SpatiallyLoaded:1 Bounds:IsValid=true, Min=(X=1891.197 Y=661.238 Z=1.380), Max=(X=1991.197 Y=761.238 Z=101.380) RuntimeGrid:None EditorOnly:0 RuntimeOnly:0 HLODRelevant:0
 |   |   |- Guid:FD83521C447C1D16D37A94B59D07E575 BaseClass: NativeClass:/Script/Engine.StaticMeshActor Name:StaticMeshActor_UAID_049226BE3E3CD77C01_1850757953 Label:SM_Cube31 SpatiallyLoaded:1 Bounds:IsValid=true, Min=(X=2874.365 Y=1826.705 Z=666.204), Max=(X=2982.677 Y=1868.515 Z=881.873) RuntimeGrid:None EditorOnly:0 RuntimeOnly:0 HLODRelevant:1 FolderPath:Block04 FolderGuid:D00C3F324D055BED943FA6B0235C7FA2
 |   |- [+] Clusters:
 |   |   |- [+] [  0]
 |   |   |   |- Guid:18139B884132AFFF34BB778C280C6074 BaseClass: NativeClass:/Script/Engine.StaticMeshActor Name:StaticMeshActor_UAID_049226BE3E3CA57A01_1697048039 Label:SM_Cube21 SpatiallyLoaded:1 Bounds:IsValid=true, Min=(X=1475.589 Y=1601.871 Z=-16.914), Max=(X=1517.398 Y=1902.369 Z=688.813) RuntimeGrid:None EditorOnly:0 RuntimeOnly:0 HLODRelevant:1 FolderPath:Block04 FolderGuid:D00C3F324D055BED943FA6B0235C7FA2
 |   |   |- [+] [  1]
 |   |   |   |- Guid:61391D344900612A77DFC3BA3E354907 BaseClass: NativeClass:/Script/Engine.ExponentialHeightFog Name:ExponentialHeightFog_0 Label:ExponentialHeightFog SpatiallyLoaded:0 Bounds:IsValid=true, Min=(X=-5600.000 Y=-50.000 Z=-6850.000), Max=(X=-5600.000 Y=-50.000 Z=-6850.000) RuntimeGrid:None EditorOnly:0 RuntimeOnly:0 HLODRelevant:0 FolderPath:Lighting FolderGuid:0BA5F0A04EADB18E70D5B180D08FA34B
 |   |   |- [+] [  2]
 |   |   |   |- Guid:5FE7584649BB6F09265329A6C57CFD0D BaseClass: NativeClass:/Script/Engine.VolumetricCloud Name:VolumetricCloud_0 Label:VolumetricCloud SpatiallyLoaded:0 Bounds:IsValid=true, Min=(X=0.000 Y=0.000 Z=820.000), Max=(X=0.000 Y=0.000 Z=820.000) RuntimeGrid:None EditorOnly:0 RuntimeOnly:0 HLODRelevant:0 FolderPath:Lighting FolderGuid:0BA5F0A04EADB18E70D5B180D08FA34B
 |   |   |- [+] [  3]
 |   |   |   |- Guid:84359A834BB1BF17A4B87E9D0BF8A44B BaseClass: NativeClass:/Script/Engine.StaticMeshActor Name:StaticMeshActor_UAID_049226BE3E3CA57A01_1617978034 Label:SM_Cube18 SpatiallyLoaded:1 Bounds:IsValid=true, Min=(X=1551.017 Y=1698.068 Z=-36.629), Max=(X=1651.017 Y=1798.068 Z=669.098) RuntimeGrid:None EditorOnly:0 RuntimeOnly:0 HLODRelevant:1 FolderPath:Block02 FolderGuid:275232DB4A90E8B2799B29BD69C59B9E
 |   |   |- [+] [  4]
 |   |   |   |- Guid:F80621C9446867154938FE81375207DA BaseClass: NativeClass:/Script/Engine.DirectionalLight Name:DirectionalLight_1 Label:DirectionalLight SpatiallyLoaded:0 Bounds:IsValid=true, Min=(X=-1048576.000 Y=-1048576.000 Z=-1048576.000), Max=(X=1048576.000 Y=1048576.000 Z=1048576.000) RuntimeGrid:None EditorOnly:0 RuntimeOnly:0 HLODRelevant:0 FolderPath:Lighting FolderGuid:0BA5F0A04EADB18E70D5B180D08FA34B
 |   |   |- [+] [  5]
 |   |   |   |- Guid:B19AA56648C3D04EA08BB9B66F4ACA4B BaseClass: NativeClass:/Script/Engine.StaticMeshActor Name:StaticMeshActor_UAID_049226BE3E3CA57A01_1896939042 Label:SM_Cube19 SpatiallyLoaded:1 Bounds:IsValid=true, Min=(X=1349.881 Y=1700.000 Z=661.220), Max=(X=1449.881 Y=1800.000 Z=684.294) RuntimeGrid:None EditorOnly:0 RuntimeOnly:0 HLODRelevant:1 FolderPath:Block02 FolderGuid:275232DB4A90E8B2799B29BD69C59B9E
 |   |   |- [+] [  6]
 |   |   |   |- Guid:76F3ACD24C22F256F6385A96A9298D9C BaseClass: NativeClass:/Script/Engine.StaticMeshActor Name:StaticMeshActor_UAID_049226BE3E3CA57A01_1896942043 Label:SM_QuarterCylinder19 SpatiallyLoaded:1 Bounds:IsValid=true, Min=(X=1349.881 Y=1600.000 Z=661.220), Max=(X=1449.881 Y=1700.000 Z=684.294) RuntimeGrid:None EditorOnly:0 RuntimeOnly:0 HLODRelevant:1 FolderPath:Block02 FolderGuid:275232DB4A90E8B2799B29BD69C59B9E
 |   |   |- [+] [  7]
 |   |   |   |- Guid:DC7573CF4E77C1074B0B13B5C18731A3 BaseClass:/Game/Blueprints/CubeTypes/BP_Cube_Explode.BP_Cube_Explode_C NativeClass:/Script/Engine.Actor Name:BP_Bombe_C_UAID_049226BE3E3CD67C01_1897319785 Label:BP_Bombe8 SpatiallyLoaded:1 Bounds:IsValid=true, Min=(X=1740.330 Y=789.488 Z=1.380), Max=(X=1840.330 Y=889.488 Z=101.380) RuntimeGrid:None EditorOnly:0 RuntimeOnly:0 HLODRelevant:0
 |   |   |- [+] [  8]
 |   |   |   |- Guid:CB386F87412BD473B4F1E9B95ECD37FD BaseClass: NativeClass:/Script/Engine.StaticMeshActor Name:StaticMeshActor_UAID_049226BE3E3CA57A01_1896944045 Label:SM_Cube24 SpatiallyLoaded:1 Bounds:IsValid=true, Min=(X=1551.017 Y=1698.068 Z=661.220), Max=(X=1651.017 Y=1798.068 Z=684.294) RuntimeGrid:None EditorOnly:0 RuntimeOnly:0 HLODRelevant:1 FolderPath:Block02 FolderGuid:275232DB4A90E8B2799B29BD69C59B9E
 |   |   |- [+] [  9]
 |   |   |   |- Guid:BAC430324CF0EEC154CBD98A7D3804AF BaseClass: NativeClass:/Script/Engine.StaticMeshActor Name:StaticMeshActor_UAID_049226BE3E3CA57A01_1896945046 Label:SM_QuarterCylinder21 SpatiallyLoaded:1 Bounds:IsValid=true, Min=(X=1551.017 Y=1798.068 Z=661.220), Max=(X=1651.017 Y=1898.068 Z=684.294) RuntimeGrid:None EditorOnly:0 RuntimeOnly:0 HLODRelevant:1 FolderPath:Block02 FolderGuid:275232DB4A90E8B2799B29BD69C59B9E
 |   |   |- [+] [ 10]
 |   |   |   |- Guid:21262252453B37957EF29F82ABA2413B BaseClass: NativeClass:/Script/Engine.TextRenderActor Name:TextRenderActor_1 Label:TextRenderActor SpatiallyLoaded:1 Bounds:IsValid=true, Min=(X=-0.100 Y=1100.000 Z=65.013), Max=(X=-0.100 Y=2363.461 Z=215.013) RuntimeGrid:None EditorOnly:0 RuntimeOnly:0 HLODRelevant:0
 |   |   |- [+] [ 11]
 |   |   |   |- Guid:D2FB1FE1426F93257486FF9CE72A7B27 BaseClass: NativeClass:/Script/Engine.StaticMeshActor Name:StaticMeshActor_UAID_049226BE3E3CD77C01_1391851943 Label:SM_Cube4 SpatiallyLoaded:1 Bounds:IsValid=true, Min=(X=0.000 Y=0.000 Z=1989.371), Max=(X=3000.000 Y=3500.000 Z=2039.371) RuntimeGrid:None EditorOnly:0 RuntimeOnly:0 HLODRelevant:1 FolderPath:Playground FolderGuid:6C02BB504B69D1F3D7A624B130C18E5B
 |   |   |- [+] [ 12]
 |   |   |   |- Guid:00AC4C5E4E60599FD60087B1DAC3B9AE BaseClass: NativeClass:/Script/Engine.PointLight Name:PointLight_UAID_049226BE3E3CD77C01_1427436947 Label:PointLight4 SpatiallyLoaded:1 Bounds:IsValid=true, Min=(X=-15340.236 Y=-15498.379 Z=-15912.226), Max=(X=17427.764 Y=17269.621 Z=16855.774) RuntimeGrid:None EditorOnly:0 RuntimeOnly:0 HLODRelevant:0
 |   |   |- [+] [ 13]
 |   |   |   |- Guid:C6DCEF784A782C054224D99822D21ACC BaseClass: NativeClass:/Script/Engine.StaticMeshActor Name:StaticMeshActor_UAID_049226BE3E3CA67A01_1424021227 Label:Torus SpatiallyLoaded:1 Bounds:IsValid=true, Min=(X=1052.777 Y=1324.639 Z=0.000), Max=(X=1945.478 Y=2217.340 Z=43.301) RuntimeGrid:None EditorOnly:0 RuntimeOnly:0 HLODRelevant:0
 |   |   |- [+] [ 14]
 |   |   |   |- Guid:EB631B2E4BA2F8B5F9A8768B5F046E16 BaseClass:/Game/Blueprints/CubeTypes/BP_Cube_Explode.BP_Cube_Explode_C NativeClass:/Script/Engine.Actor Name:BP_Bombe_C_UAID_049226BE3E3CD67C01_1883591778 Label:BP_Bombe SpatiallyLoaded:1 Bounds:IsValid=true, Min=(X=1429.873 Y=661.238 Z=1.380), Max=(X=1529.873 Y=761.238 Z=101.380) RuntimeGrid:None EditorOnly:0 RuntimeOnly:0 HLODRelevant:0
 |   |   |- [+] [ 15]
 |   |   |   |- Guid:36D376514221DBF9A13BF08E44B2A8B0 BaseClass:/Game/Blueprints/CubeTypes/BP_Cube_Explode.BP_Cube_Explode_C NativeClass:/Script/Engine.Actor Name:BP_Bombe_C_UAID_049226BE3E3CD67C01_1888345779 Label:BP_Bombe2 SpatiallyLoaded:1 Bounds:IsValid=true, Min=(X=1420.713 Y=789.488 Z=1.380), Max=(X=1520.713 Y=889.488 Z=101.380) RuntimeGrid:None EditorOnly:0 RuntimeOnly:0 HLODRelevant:0
 |   |   |- [+] [ 16]
 |   |   |   |- Guid:F1C5A1DB49E3D88738816E9CE0752132 BaseClass: NativeClass:/Script/Engine.StaticMeshActor Name:StaticMeshActor_UAID_049226BE3E3CA57A01_1617980036 Label:SM_QuarterCylinder18 SpatiallyLoaded:1 Bounds:IsValid=true, Min=(X=1551.017 Y=1598.068 Z=-36.629), Max=(X=1651.016 Y=1698.068 Z=669.098) RuntimeGrid:None EditorOnly:0 RuntimeOnly:0 HLODRelevant:1 FolderPath:Block02 FolderGuid:275232DB4A90E8B2799B29BD69C59B9E
 |   |   |- [+] [ 17]
 |   |   |   |- Guid:1F0E08A04397259D2CD3A9922CF92DD1 BaseClass: NativeClass:/Script/Engine.StaticMeshActor Name:StaticMeshActor_UAID_049226BE3E3CA57A01_1614441033 Label:SM_QuarterCylinder16 SpatiallyLoaded:1 Bounds:IsValid=true, Min=(X=1349.881 Y=1800.000 Z=-36.629), Max=(X=1449.881 Y=1900.000 Z=669.098) RuntimeGrid:None EditorOnly:0 RuntimeOnly:0 HLODRelevant:1 FolderPath:Block02 FolderGuid:275232DB4A90E8B2799B29BD69C59B9E
 |   |   |- [+] [ 18]
 |   |   |   |- Guid:90B7B8D3420C2EABA931D3A6A69DF696 BaseClass: NativeClass:/Script/Engine.StaticMeshActor Name:StaticMeshActor_3 Label:SM_Cube2 SpatiallyLoaded:1 Bounds:IsValid=true, Min=(X=0.000 Y=0.000 Z=0.000), Max=(X=3000.000 Y=100.000 Z=2006.908) RuntimeGrid:None EditorOnly:0 RuntimeOnly:0 HLODRelevant:1 FolderPath:Playground FolderGuid:6C02BB504B69D1F3D7A624B130C18E5B
 |   |   |- [+] [ 19]
 |   |   |   |- Guid:9F0FAC93493281B28C2D4EBDF175DAFB BaseClass: NativeClass:/Script/Engine.StaticMeshActor Name:StaticMeshActor_UAID_049226BE3E3CA57A01_1896946047 Label:SM_QuarterCylinder22 SpatiallyLoaded:1 Bounds:IsValid=true, Min=(X=1551.017 Y=1598.068 Z=661.220), Max=(X=1651.017 Y=1698.068 Z=684.294) RuntimeGrid:None EditorOnly:0 RuntimeOnly:0 HLODRelevant:1 FolderPath:Block02 FolderGuid:275232DB4A90E8B2799B29BD69C59B9E
 |   |   |- [+] [ 20]
 |   |   |   |- Guid:0697BB0A4285E4CFD9A3E886AB5223BB BaseClass: NativeClass:/Script/Engine.StaticMeshActor Name:StaticMeshActor_UAID_049226BE3E3CA57A01_1896943044 Label:SM_QuarterCylinder20 SpatiallyLoaded:1 Bounds:IsValid=true, Min=(X=1349.881 Y=1800.000 Z=661.220), Max=(X=1449.881 Y=1900.000 Z=684.294) RuntimeGrid:None EditorOnly:0 RuntimeOnly:0 HLODRelevant:1 FolderPath:Block02 FolderGuid:275232DB4A90E8B2799B29BD69C59B9E
 |   |   |- [+] [ 21]
 |   |   |   |- Guid:A3C4FFFE45CC9AE77F02658B254AA057 BaseClass:/Game/Blueprints/CubeTypes/BP_Cube_Explode.BP_Cube_Explode_C NativeClass:/Script/Engine.Actor Name:BP_Bombe_C_UAID_049226BE3E3CD67C01_1892054781 Label:BP_Bombe4 SpatiallyLoaded:1 Bounds:IsValid=true, Min=(X=1568.956 Y=789.488 Z=1.380), Max=(X=1668.956 Y=889.488 Z=101.380) RuntimeGrid:None EditorOnly:0 RuntimeOnly:0 HLODRelevant:0
 |   |   |- [+] [ 22]
 |   |   |   |- Guid:9050C6A64D81A7F573AD72872053341B BaseClass: NativeClass:/Script/Engine.StaticMeshActor Name:StaticMeshActor_UAID_049226BE3E3CA57A01_1717827040 Label:SM_Cube22 SpatiallyLoaded:1 Bounds:IsValid=true, Min=(X=1345.360 Y=1739.300 Z=-16.914), Max=(X=1653.223 Y=1781.109 Z=688.813) RuntimeGrid:None EditorOnly:0 RuntimeOnly:0 HLODRelevant:1 FolderPath:Block04 FolderGuid:D00C3F324D055BED943FA6B0235C7FA2
 |   |   |- [+] [ 23]
 |   |   |   |- Guid:846A5A4F4342116063ACBFAD15CE3150 BaseClass: NativeClass:/Script/Engine.PointLight Name:PointLight_UAID_049226BE3E3CD77C01_1424766946 Label:PointLight3 SpatiallyLoaded:1 Bounds:IsValid=true, Min=(X=-15340.236 Y=-14157.444 Z=-15912.226), Max=(X=17427.764 Y=18610.556 Z=16855.774) RuntimeGrid:None EditorOnly:0 RuntimeOnly:0 HLODRelevant:0
 |   |   |- [+] [ 24]
 |   |   |   |- Guid:EE66F4454A4A9F99393F559AB739C05E BaseClass:/Game/FirstPerson/Blueprints/BP_Pickup_Rifle.BP_Pickup_Rifle_C NativeClass:/Script/Engine.Actor Name:BP_Rifle_C_1 Label:BP_Pickup_Rifle SpatiallyLoaded:1 Bounds:IsValid=true, Min=(X=982.612 Y=818.000 Z=38.168), Max=(X=1046.612 Y=907.440 Z=102.168) RuntimeGrid:None EditorOnly:0 RuntimeOnly:0 HLODRelevant:0
 |   |   |- [+] [ 25]
 |   |   |   |- Guid:0B109E5C47C68041D941FFB81C48EC78 BaseClass: NativeClass:/Script/Engine.StaticMeshActor Name:StaticMeshActor_UAID_049226BE3E3CA57A01_1896947048 Label:SM_Cube25 SpatiallyLoaded:1 Bounds:IsValid=true, Min=(X=1446.600 Y=1608.720 Z=661.220), Max=(X=1551.417 Y=1886.077 Z=684.294) RuntimeGrid:None EditorOnly:0 RuntimeOnly:0 HLODRelevant:1 FolderPath:Block04 FolderGuid:D00C3F324D055BED943FA6B0235C7FA2
 |   |   |- [+] [ 26]
 |   |   |   |- Guid:DA16ADB3486EE12391D8B0821E2FE4A7 BaseClass: NativeClass:/Script/Engine.StaticMeshActor Name:StaticMeshActor_UAID_049226BE3E3CA57A01_1749680041 Label:SM_Cube23 SpatiallyLoaded:1 Bounds:IsValid=true, Min=(X=1446.600 Y=1712.325 Z=621.875), Max=(X=1546.600 Y=1812.325 Z=688.544) RuntimeGrid:None EditorOnly:0 RuntimeOnly:0 HLODRelevant:1 FolderPath:Block04 FolderGuid:D00C3F324D055BED943FA6B0235C7FA2
 |   |   |- [+] [ 27]
 |   |   |   |- Guid:E5320C1B4FD9764CE7B54D8487AEC613 BaseClass: NativeClass:/Script/Engine.SkyLight Name:SkyLight_0 Label:SkyLight SpatiallyLoaded:0 Bounds:IsValid=true, Min=(X=0.000 Y=0.000 Z=690.000), Max=(X=0.000 Y=0.000 Z=690.000) RuntimeGrid:None EditorOnly:0 RuntimeOnly:0 HLODRelevant:0 FolderPath:Lighting FolderGuid:0BA5F0A04EADB18E70D5B180D08FA34B
 |   |   |- [+] [ 28]
 |   |   |   |- Guid:F07F1AF64C7C7C238EE1B4BF8C122DD8 BaseClass: NativeClass:/Script/Engine.StaticMeshActor Name:StaticMeshActor_4 Label:SM_Cube3 SpatiallyLoaded:1 Bounds:IsValid=true, Min=(X=0.000 Y=3400.000 Z=0.000), Max=(X=3000.000 Y=3500.000 Z=2006.908) RuntimeGrid:None EditorOnly:0 RuntimeOnly:0 HLODRelevant:1 FolderPath:Playground FolderGuid:6C02BB504B69D1F3D7A624B130C18E5B
 |   |   |- [+] [ 29]
 |   |   |   |- Guid:740DE88A49BAA6B57B4551A2AE9B249E BaseClass: NativeClass:/Script/Engine.StaticMeshActor Name:StaticMeshActor_UAID_049226BE3E3CA67A01_1522914230 Label:SM_Cube27 SpatiallyLoaded:1 Bounds:IsValid=true, Min=(X=1302.391 Y=1758.738 Z=0.566), Max=(X=1697.040 Y=1800.547 Z=43.719) RuntimeGrid:None EditorOnly:0 RuntimeOnly:0 HLODRelevant:1 FolderPath:Block04 FolderGuid:D00C3F324D055BED943FA6B0235C7FA2
 |   |   |- [+] [ 30]
 |   |   |   |- Guid:2F2D358046C2DAF15BDEB78ADC271EBE BaseClass: NativeClass:/Script/Engine.StaticMeshActor Name:StaticMeshActor_UAID_049226BE3E3CA57A01_2094687049 Label:SM_Heis SpatiallyLoaded:1 Bounds:IsValid=true, Min=(X=-1180.566 Y=1617.519 Z=-87.044), Max=(X=-872.703 Y=1921.820 Z=638.398) RuntimeGrid:None EditorOnly:0 RuntimeOnly:0 HLODRelevant:1
 |   |   |- [+] [ 31]
 |   |   |   |- Guid:BD60EFD346FDB2E75E26C5BC8729554A BaseClass:/Game/Blueprints/BP_TargetSpawner2.BP_TargetSpawner2_C NativeClass:/Script/Engine.Actor Name:BP_TargetSpawner2_C_UAID_049226BE3E3CD67C01_1908388788 Label:BP_TargetSpawner2 SpatiallyLoaded:1 Bounds:IsValid=true, Min=(X=1583.931 Y=1158.661 Z=7.689), Max=(X=1683.931 Y=1258.661 Z=107.689) RuntimeGrid:None EditorOnly:0 RuntimeOnly:0 HLODRelevant:0
 |   |   |- [+] [ 32]
 |   |   |   |- Guid:78CAF7514C7533F30BD2F19A017AAB65 BaseClass: NativeClass:/Script/Engine.StaticMeshActor Name:StaticMeshActor_0 Label:SM_Cube SpatiallyLoaded:1 Bounds:IsValid=true, Min=(X=0.000 Y=0.000 Z=-50.000), Max=(X=3000.000 Y=3500.000 Z=0.000) RuntimeGrid:None EditorOnly:0 RuntimeOnly:0 HLODRelevant:1 FolderPath:Playground FolderGuid:6C02BB504B69D1F3D7A624B130C18E5B
 |   |   |- [+] [ 33]
 |   |   |   |- Guid:0E107238468F3E2CB6736D883D3AD6FC BaseClass: NativeClass:/Script/Engine.StaticMeshActor Name:StaticMeshActor_UAID_049226BE3E3CA57A01_1670186038 Label:SM_Cube20 SpatiallyLoaded:1 Bounds:IsValid=true, Min=(X=1446.600 Y=1608.720 Z=-36.629), Max=(X=1551.417 Y=1886.077 Z=669.098) RuntimeGrid:None EditorOnly:0 RuntimeOnly:0 HLODRelevant:1 FolderPath:Block04 FolderGuid:D00C3F324D055BED943FA6B0235C7FA2
 |   |   |- [+] [ 34]
 |   |   |   |- Guid:B0B1A05343284D70031C5FB54679A4CB BaseClass: NativeClass:/Script/Engine.PointLight Name:PointLight_UAID_049226BE3E3CD77C01_1422215945 Label:PointLight2 SpatiallyLoaded:1 Bounds:IsValid=true, Min=(X=-14338.247 Y=-14157.444 Z=-15912.226), Max=(X=18429.753 Y=18610.556 Z=16855.774) RuntimeGrid:None EditorOnly:0 RuntimeOnly:0 HLODRelevant:0
 |   |   |- [+] [ 35]
 |   |   |   |- Guid:6BBC7C37415F00347086DCB202FBED74 BaseClass: NativeClass:/Script/Engine.StaticMeshActor Name:StaticMeshActor_UAID_049226BE3E3CA67A01_1669567234 Label:Sm_Heis_Frame SpatiallyLoaded:1 Bounds:IsValid=true, Min=(X=-1251.693 Y=1546.663 Z=533.914), Max=(X=-801.413 Y=1996.943 Z=577.633) RuntimeGrid:None EditorOnly:0 RuntimeOnly:0 HLODRelevant:1
 |   |   |- [+] [ 36]
 |   |   |   |- Guid:F8474B1441BE39ADF7FB548B1BC160CF BaseClass:/Game/Blueprints/CubeTypes/BP_Cube_Explode.BP_Cube_Explode_C NativeClass:/Script/Engine.Actor Name:BP_Bombe_C_UAID_049226BE3E3CD67C01_1899792786 Label:BP_Bombe9 SpatiallyLoaded:1 Bounds:IsValid=true, Min=(X=1891.197 Y=661.238 Z=1.380), Max=(X=1991.197 Y=761.238 Z=101.380) RuntimeGrid:None EditorOnly:0 RuntimeOnly:0 HLODRelevant:0
 |   |   |- [+] [ 37]
 |   |   |   |- Guid:A354B1B24E617A525DC6B48CCDE2417E BaseClass: NativeClass:/Script/Engine.PlayerStart Name:PlayerStart_0 Label:PlayerStart SpatiallyLoaded:0 Bounds:IsValid=true, Min=(X=860.000 Y=810.000 Z=0.013), Max=(X=940.000 Y=890.000 Z=184.013) RuntimeGrid:None EditorOnly:0 RuntimeOnly:0 HLODRelevant:0
 |   |   |- [+] [ 38]
 |   |   |   |- Guid:F6D352F34B0088A61FB0B3B9354E2447 BaseClass: NativeClass:/Script/Engine.StaticMeshActor Name:StaticMeshActor_UAID_049226BE3E3CA57A01_1617979035 Label:SM_QuarterCylinder17 SpatiallyLoaded:1 Bounds:IsValid=true, Min=(X=1551.016 Y=1798.068 Z=-36.629), Max=(X=1651.017 Y=1898.068 Z=669.098) RuntimeGrid:None EditorOnly:0 RuntimeOnly:0 HLODRelevant:1 FolderPath:Block02 FolderGuid:275232DB4A90E8B2799B29BD69C59B9E
 |   |   |- [+] [ 39]
 |   |   |   |- Guid:1F84847C4584A576047129BAFF312489 BaseClass:/Game/Blueprints/CubeTypes/BP_Cube_Explode.BP_Cube_Explode_C NativeClass:/Script/Engine.Actor Name:BP_Bombe_C_UAID_049226BE3E3CD67C01_1899794787 Label:BP_Bombe10 SpatiallyLoaded:1 Bounds:IsValid=true, Min=(X=1882.038 Y=789.488 Z=1.380), Max=(X=1982.038 Y=889.488 Z=101.380) RuntimeGrid:None EditorOnly:0 RuntimeOnly:0 HLODRelevant:0
 |   |   |- [+] [ 40]
 |   |   |   |- Guid:531CC9664BA3F4CD591E9BA90BDF8D70 BaseClass:/Game/Blueprints/CubeTypes/BP_Cube_Explode.BP_Cube_Explode_C NativeClass:/Script/Engine.Actor Name:BP_Bombe_C_UAID_049226BE3E3CD67C01_1895855782 Label:BP_Bombe5 SpatiallyLoaded:1 Bounds:IsValid=true, Min=(X=1294.999 Y=661.238 Z=1.380), Max=(X=1394.999 Y=761.238 Z=101.380) RuntimeGrid:None EditorOnly:0 RuntimeOnly:0 HLODRelevant:0
 |   |   |- [+] [ 41]
 |   |   |   |- Guid:0EDB289B45CB7E0977A6DBA74201EE76 BaseClass: NativeClass:/Script/Engine.StaticMeshActor Name:StaticMeshActor_10 Label:SM_Cube6 SpatiallyLoaded:1 Bounds:IsValid=true, Min=(X=2900.000 Y=100.000 Z=0.000), Max=(X=3000.000 Y=3400.000 Z=2006.908) RuntimeGrid:None EditorOnly:0 RuntimeOnly:0 HLODRelevant:1 FolderPath:Playground FolderGuid:6C02BB504B69D1F3D7A624B130C18E5B
 |   |   |- [+] [ 42]
 |   |   |   |- Guid:45E2F6714A3EEAFEDF7F90935C1A066B BaseClass:/Game/Blueprints/CubeTypes/BP_Cube_Explode.BP_Cube_Explode_C NativeClass:/Script/Engine.Actor Name:BP_Bombe_C_UAID_049226BE3E3CD67C01_1892052780 Label:BP_Bombe3 SpatiallyLoaded:1 Bounds:IsValid=true, Min=(X=1578.116 Y=661.238 Z=1.380), Max=(X=1678.116 Y=761.238 Z=101.380) RuntimeGrid:None EditorOnly:0 RuntimeOnly:0 HLODRelevant:0
 |   |   |- [+] [ 43]
 |   |   |   |- Guid:6FD404AA4B1DC95B1EA349A1D2DB1A72 BaseClass: NativeClass:/Script/Engine.StaticMeshActor Name:StaticMeshActor_UAID_049226BE3E3CA67A01_1435876228 Label:SM_Cube26 SpatiallyLoaded:1 Bounds:IsValid=true, Min=(X=1474.750 Y=1573.349 Z=0.566), Max=(X=1516.559 Y=1967.999 Z=43.719) RuntimeGrid:None EditorOnly:0 RuntimeOnly:0 HLODRelevant:1 FolderPath:Block04 FolderGuid:D00C3F324D055BED943FA6B0235C7FA2
 |   |   |- [+] [ 44]
 |   |   |   |- Guid:C22CE07C4B87D685137FDBBC10FC92C6 BaseClass: NativeClass:/Script/Engine.SkyAtmosphere Name:SkyAtmosphere_0 Label:SkyAtmosphere SpatiallyLoaded:0 Bounds:IsValid=true, Min=(X=0.000 Y=0.000 Z=1020.000), Max=(X=0.000 Y=0.000 Z=1020.000) RuntimeGrid:None EditorOnly:0 RuntimeOnly:0 HLODRelevant:0 FolderPath:Lighting FolderGuid:0BA5F0A04EADB18E70D5B180D08FA34B
 |   |   |- [+] [ 45]
 |   |   |   |- Guid:C0C56B9644AE3D40CAFF6A878DB29844 BaseClass: NativeClass:/Script/Engine.StaticMeshActor Name:StaticMeshActor_UAID_A4AE111137DC5EFB00_2001720423 Label:SM_SkySphere SpatiallyLoaded:0 Bounds:IsValid=true, Min=(X=-1638400.000 Y=-1638400.000 Z=-1638400.000), Max=(X=1638400.000 Y=1638400.000 Z=1638400.000) RuntimeGrid:None EditorOnly:0 RuntimeOnly:0 HLODRelevant:1 FolderPath:Lighting FolderGuid:0BA5F0A04EADB18E70D5B180D08FA34B
 |   |   |- [+] [ 46]
 |   |   |   |- Guid:3231F3D04DD5299CC55645BBD7DB7926 BaseClass: NativeClass:/Script/Engine.PointLight Name:PointLight_UAID_049226BE3E3CD77C01_1414155944 Label:PointLight SpatiallyLoaded:1 Bounds:IsValid=true, Min=(X=-14338.247 Y=-15559.822 Z=-15912.226), Max=(X=18429.753 Y=17208.178 Z=16855.774) RuntimeGrid:None EditorOnly:0 RuntimeOnly:0 HLODRelevant:0
 |   |   |- [+] [ 47]
 |   |   |   |- Guid:6FEFB3BD4EB37B849EF0D4AC80F83855 BaseClass: NativeClass:/Script/Engine.WorldDataLayers Name:WorldDataLayers Label:WorldDataLayers SpatiallyLoaded:0 Bounds:IsValid=true, Min=(X=0.000 Y=0.000 Z=0.000), Max=(X=0.000 Y=0.000 Z=0.000) RuntimeGrid:None EditorOnly:0 RuntimeOnly:0 HLODRelevant:0
 |   |   |- [+] [ 48]
 |   |   |   |- Guid:686E705945191863BBD2DF9E09A3DF6C BaseClass: NativeClass:/Script/Engine.StaticMeshActor Name:StaticMeshActor_UAID_049226BE3E3CA57A01_1614440032 Label:SM_QuarterCylinder15 SpatiallyLoaded:1 Bounds:IsValid=true, Min=(X=1349.881 Y=1600.000 Z=-36.629), Max=(X=1449.881 Y=1700.000 Z=669.098) RuntimeGrid:None EditorOnly:0 RuntimeOnly:0 HLODRelevant:1 FolderPath:Block02 FolderGuid:275232DB4A90E8B2799B29BD69C59B9E
 |   |   |- [+] [ 49]
 |   |   |   |- Guid:656B7D694FAB60DF6ECC2DA185EA0C8D BaseClass: NativeClass:/Script/Engine.StaticMeshActor Name:StaticMeshActor_UAID_049226BE3E3CA57A01_1614437031 Label:SM_Cube17 SpatiallyLoaded:1 Bounds:IsValid=true, Min=(X=1349.881 Y=1700.000 Z=-36.629), Max=(X=1449.881 Y=1800.000 Z=669.098) RuntimeGrid:None EditorOnly:0 RuntimeOnly:0 HLODRelevant:1 FolderPath:Block02 FolderGuid:275232DB4A90E8B2799B29BD69C59B9E
 |   |   |- [+] [ 50]
 |   |   |   |- Guid:CE8D82634660FCDB3120E2B8D547C533 BaseClass: NativeClass:/Script/Engine.PostProcessVolume Name:PostProcessVolume_0 Label:PostProcessVolume SpatiallyLoaded:0 Bounds:IsValid=true, Min=(X=0.000 Y=0.000 Z=400.000), Max=(X=200.000 Y=200.000 Z=600.000) RuntimeGrid:None EditorOnly:0 RuntimeOnly:0 HLODRelevant:0 FolderPath:Lighting FolderGuid:0BA5F0A04EADB18E70D5B180D08FA34B
 |   |   |- [+] [ 51]
 |   |   |   |- Guid:8559D1384B14F466E8927697A36C1D78 BaseClass: NativeClass:/Script/Engine.StaticMeshActor Name:StaticMeshActor_9 Label:SM_Cube5 SpatiallyLoaded:1 Bounds:IsValid=true, Min=(X=-0.000 Y=100.000 Z=0.000), Max=(X=100.000 Y=3400.000 Z=2006.908) RuntimeGrid:None EditorOnly:0 RuntimeOnly:0 HLODRelevant:1 FolderPath:Playground FolderGuid:6C02BB504B69D1F3D7A624B130C18E5B
 |   |   |- [+] [ 52]
 |   |   |   |- Guid:7D31F17440D5991B8742DD99F2698EA6 BaseClass:/Game/Blueprints/CubeTypes/BP_Cube_Explode.BP_Cube_Explode_C NativeClass:/Script/Engine.Actor Name:BP_Bombe_C_UAID_049226BE3E3CD67C01_1897318784 Label:BP_Bombe7 SpatiallyLoaded:1 Bounds:IsValid=true, Min=(X=1749.489 Y=661.238 Z=1.380), Max=(X=1849.489 Y=761.238 Z=101.380) RuntimeGrid:None EditorOnly:0 RuntimeOnly:0 HLODRelevant:0
 |   |   |- [+] [ 53]
 |   |   |   |- Guid:D854D015458662F6DD3D8D921671952D BaseClass:/Game/Blueprints/CubeTypes/BP_Cube_Explode.BP_Cube_Explode_C NativeClass:/Script/Engine.Actor Name:BP_Bombe_C_UAID_049226BE3E3CD67C01_1895859783 Label:BP_Bombe6 SpatiallyLoaded:1 Bounds:IsValid=true, Min=(X=1285.840 Y=789.488 Z=1.380), Max=(X=1385.840 Y=889.488 Z=101.380) RuntimeGrid:None EditorOnly:0 RuntimeOnly:0 HLODRelevant:0
 |   |   |- [+] [ 54]
 |   |   |   |- Guid:016019FE436CA0B86074918482073301 BaseClass: NativeClass:/Script/Engine.StaticMeshActor Name:StaticMeshActor_UAID_049226BE3E3CD77C01_1854331955 Label:SM_Cube33 SpatiallyLoaded:1 Bounds:IsValid=true, Min=(X=2874.365 Y=1653.835 Z=666.204), Max=(X=2982.677 Y=1827.445 Z=708.014) RuntimeGrid:None EditorOnly:0 RuntimeOnly:0 HLODRelevant:1 FolderPath:Block04 FolderGuid:D00C3F324D055BED943FA6B0235C7FA2
 |   |   |- [+] [ 55]
 |   |   |   |- Guid:5F29E9DF4426B88687A7619D41BC2571 BaseClass: NativeClass:/Script/Engine.StaticMeshActor Name:StaticMeshActor_UAID_049226BE3E3CD77C01_1816145950 Label:SM_Cube28 SpatiallyLoaded:1 Bounds:IsValid=true, Min=(X=2874.365 Y=1739.300 Z=-16.914), Max=(X=2982.677 Y=1781.109 Z=688.813) RuntimeGrid:None EditorOnly:0 RuntimeOnly:0 HLODRelevant:1 FolderPath:Block04 FolderGuid:D00C3F324D055BED943FA6B0235C7FA2
 |   |   |- [+] [ 56]
 |   |   |   |- Guid:E4D27D9947ABC6EF7C032D99A45F01B7 BaseClass: NativeClass:/Script/Engine.StaticMeshActor Name:StaticMeshActor_UAID_049226BE3E3CD77C01_1828798951 Label:SM_Cube29 SpatiallyLoaded:1 Bounds:IsValid=true, Min=(X=1691.626 Y=1739.300 Z=-83.850), Max=(X=2898.118 Y=1781.109 Z=24.462) RuntimeGrid:None EditorOnly:0 RuntimeOnly:0 HLODRelevant:1 FolderPath:Block04 FolderGuid:D00C3F324D055BED943FA6B0235C7FA2
 |   |   |- [+] [ 57]
 |   |   |   |- Guid:845F5DCC45FA513F8F244B89ABC3B8AB BaseClass: NativeClass:/Script/Engine.StaticMeshActor Name:StaticMeshActor_UAID_049226BE3E3CD77C01_1840983952 Label:SM_Cube30 SpatiallyLoaded:1 Bounds:IsValid=true, Min=(X=2874.365 Y=1651.929 Z=666.204), Max=(X=2982.677 Y=1693.738 Z=839.814) RuntimeGrid:None EditorOnly:0 RuntimeOnly:0 HLODRelevant:1 FolderPath:Block04 FolderGuid:D00C3F324D055BED943FA6B0235C7FA2
 |   |   |- [+] [ 58]
 |   |   |   |- Guid:FD83521C447C1D16D37A94B59D07E575 BaseClass: NativeClass:/Script/Engine.StaticMeshActor Name:StaticMeshActor_UAID_049226BE3E3CD77C01_1850757953 Label:SM_Cube31 SpatiallyLoaded:1 Bounds:IsValid=true, Min=(X=2874.365 Y=1826.705 Z=666.204), Max=(X=2982.677 Y=1868.515 Z=881.873) RuntimeGrid:None EditorOnly:0 RuntimeOnly:0 HLODRelevant:1 FolderPath:Block04 FolderGuid:D00C3F324D055BED943FA6B0235C7FA2
 |   |   |- [+] [ 59]
 |   |   |   |- Guid:637F964A419C92E9D4A04FAA2AC861A2 BaseClass: NativeClass:/Script/Engine.StaticMeshActor Name:StaticMeshActor_UAID_049226BE3E3CD77C01_1854329954 Label:SM_Cube32 SpatiallyLoaded:1 Bounds:IsValid=true, Min=(X=2874.365 Y=1653.882 Z=839.406), Max=(X=2982.677 Y=1827.491 Z=881.215) RuntimeGrid:None EditorOnly:0 RuntimeOnly:0 HLODRelevant:1 FolderPath:Block04 FolderGuid:D00C3F324D055BED943FA6B0235C7FA2
 |   |   |- [+] [ 60]
 |   |   |   |- Guid:E7E23B8E4835D652ED0063AEF4E6A158 BaseClass:/Game/Blueprints/CubeTypes/BP_Cube_Implode.BP_Cube_Implode_C NativeClass:/Script/Engine.Actor Name:BP_Cube_Implode_C_UAID_049226BE3E3CDA7C01_1796725484 Label:BP_Cube_Implode SpatiallyLoaded:1 Bounds:IsValid=true, Min=(X=1119.409 Y=1015.332 Z=12.873), Max=(X=1219.409 Y=1115.332 Z=112.873) RuntimeGrid:None EditorOnly:0 RuntimeOnly:0 HLODRelevant:0
 |- ContainerInstances:
 |- [+] MainContainer:
 |   |-        ID: 0x0000000000000000
 |   |-    Bounds: IsValid=false, Min=(X=0.000 Y=0.000 Z=0.000), Max=(X=0.000 Y=0.000 Z=0.000)
 |   |- Transform: 0.000000,0.000000,0.000000|0.000000,0.000000,-0.000000|1.000000,1.000000,1.000000
 |   |- Container: /Game/FirstPerson/Maps/FirstPersonMap
----------------------------------------------------------------------------------------------------------------
FirstPersonMap - Persistent Level
----------------------------------------------------------------------------------------------------------------
Always loaded Actor Count: 82 

----------------------------------------------------------------------------------------------------------------
FirstPersonMap - Runtime Spatial Hash - Streaming Grid - MainGrid
----------------------------------------------------------------------------------------------------------------
            Origin: X=0.000 Y=0.000 Z=0.000
         Cell Size: 12800
      World Bounds: IsValid=false, Min=(X=0.000 Y=0.000 Z=0.000), Max=(X=0.000 Y=0.000 Z=0.000)
     Loading Range: 25600.00
Block Slow Loading: No
 ClientOnlyVisible: No

[+] Grid Levels: 1
 |- Level  0: Cell Count    0 | Cell Size   12800 | Actor Count    0 (0.0%)

[+] Content of Grid Level 0

